-------Circuit number: 0----L: 3----Dataset: Ad hoc---------------------
Training time: [16.00419927 14.86281061 18.0431385  16.55192089 15.81368566] seconds --> (16.2552 +- 1.047)
Test time: [5.07855105 4.7171278  5.2276206  5.722826   6.06613946] seconds --> (5.3625 +- 0.4775)
SVM classification train score: [0.825  0.7625 0.6875 0.85   0.7125] --> (0.7675 +- 0.0625)
SVM classification test score: [0.8  0.65 0.7  0.85 0.7 ] --> (0.74 +- 0.0735)



-------Circuit number: 1----L: 3----Dataset: Ad hoc---------------------
Training time: [10.12226224  8.2209003   9.47738767 10.75259399  8.77346921] seconds --> (9.4693 +- 0.9073)
Test time: [2.73718262 2.94381261 2.703686   2.96467733 3.05938077] seconds --> (2.8817 +- 0.1378)
SVM classification train score: [0.475 0.5   0.5   0.475 0.5  ] --> (0.49 +- 0.0122)
SVM classification test score: [0.4  0.5  0.5  0.45 0.5 ] --> (0.47 +- 0.04)



-------Circuit number: 2----L: 3----Dataset: Ad hoc---------------------
Training time: [12.64468622 11.94325519  9.3319521  11.60499454 11.68126726] seconds --> (11.4412 +- 1.1166)
Test time: [3.96224236 4.21387339 3.13180327 3.51382804 3.21703839] seconds --> (3.6078 +- 0.4198)
SVM classification train score: [0.575  0.775  0.5875 0.75   0.5   ] --> (0.6375 +- 0.1067)
SVM classification test score: [0.55 0.7  0.6  0.65 0.5 ] --> (0.6 +- 0.0707)



-------Circuit number: 3----L: 3----Dataset: Ad hoc---------------------
Training time: [14.11103439 14.77815986 15.27121377 16.50812888 17.87649775] seconds --> (15.709 +- 1.3378)
Test time: [5.15837741 4.45266271 4.74550319 6.41514587 6.14507675] seconds --> (5.3834 +- 0.7705)
SVM classification train score: [0.6    0.5    0.6875 0.625  0.575 ] --> (0.5975 +- 0.0614)
SVM classification test score: [0.45 0.5  0.5  0.4  0.6 ] --> (0.49 +- 0.0663)



-------Circuit number: 4----L: 3----Dataset: Ad hoc---------------------
Training time: [15.87911081 15.29474926 13.2282536  17.71158433 17.67495561] seconds --> (15.9577 +- 1.6686)
Test time: [5.07806373 4.55040956 4.01001453 6.30497313 5.03828692] seconds --> (4.9963 +- 0.7606)
SVM classification train score: [0.6   0.65  0.525 0.575 0.575] --> (0.585 +- 0.0406)
SVM classification test score: [0.5  0.7  0.55 0.6  0.6 ] --> (0.59 +- 0.0663)



-------Circuit number: 5----L: 3----Dataset: Ad hoc---------------------
Training time: [17.92108464 14.56929684 14.95175982 14.09385896 14.90570283] seconds --> (15.2883 +- 1.3517)
Test time: [5.51199746 4.77159429 4.73967886 4.88530946 4.48779249] seconds --> (4.8793 +- 0.342)
SVM classification train score: [0.625  0.7125 0.775  0.5375 0.6375] --> (0.6575 +- 0.0809)
SVM classification test score: [0.65 0.75 0.65 0.55 0.6 ] --> (0.64 +- 0.0663)



-------Circuit number: 6----L: 3----Dataset: Ad hoc---------------------
Training time: [27.66155577 27.37847614 30.04640031 29.90604806 26.75747609] seconds --> (28.35 +- 1.3604)
Test time: [10.14752173  8.93317223 10.50523758 11.18880701  9.68748665] seconds --> (10.0924 +- 0.7594)
SVM classification train score: [0.5625 0.525  0.6625 0.6625 0.5   ] --> (0.5825 +- 0.0683)
SVM classification test score: [0.5  0.45 0.35 0.7  0.5 ] --> (0.5 +- 0.114)



-------Circuit number: 7----L: 3----Dataset: Ad hoc---------------------
Training time: [19.28348351 18.7150135  21.24381423 18.11715698 21.42970347] seconds --> (19.7578 +- 1.3422)
Test time: [6.85916376 5.94344378 6.99998164 6.34703732 6.93327689] seconds --> (6.6166 +- 0.4079)
SVM classification train score: [0.7    0.675  0.5375 0.675  0.5375] --> (0.625 +- 0.072)
SVM classification test score: [0.45 0.6  0.65 0.35 0.65] --> (0.54 +- 0.12)



-------Circuit number: 8----L: 3----Dataset: Ad hoc---------------------
Training time: [26.87287331 23.94238949 21.27952766 23.49770665 21.76414227] seconds --> (23.4713 +- 1.9754)
Test time: [7.95844054 7.80878949 6.282897   7.70146322 7.71724844] seconds --> (7.4938 +- 0.6123)
SVM classification train score: [0.5875 0.5    0.575  0.6125 0.55  ] --> (0.565 +- 0.0382)
SVM classification test score: [0.4  0.55 0.6  0.6  0.65] --> (0.56 +- 0.086)



-------Circuit number: 9----L: 3----Dataset: Ad hoc---------------------
Training time: [28.9991672  24.75430512 24.5493083  31.44616342 31.31529355] seconds --> (28.2128 +- 3.0358)
Test time: [10.02696276  8.61988568  7.39168048 10.28199315  9.79409838] seconds --> (9.2229 +- 1.0781)
SVM classification train score: [0.55   0.5    0.5    0.55   0.4875] --> (0.5175 +- 0.0269)
SVM classification test score: [0.35 0.5  0.5  0.5  0.5 ] --> (0.47 +- 0.06)



-------Circuit number: 10----L: 3----Dataset: Ad hoc---------------------
Training time: [33.04808855 28.86502934 32.26640439 36.35987139 35.29784107] seconds --> (33.1674 +- 2.6103)
Test time: [ 9.39856243  9.74786496  9.25804138 13.02938819 12.46110249] seconds --> (10.779 +- 1.6233)
SVM classification train score: [0.5875 0.6125 0.5375 0.6    0.5875] --> (0.585 +- 0.0255)
SVM classification test score: [0.35 0.25 0.5  0.4  0.3 ] --> (0.36 +- 0.086)



-------Circuit number: 0----L: 3----Dataset: Uniform_noise---------------------
Training time: [22.07264876 25.7053864  23.0206542  23.69113016 26.10279131] seconds --> (24.1185 +- 1.5511)
Test time: [15.60084915 16.35784841 18.12373638 18.59215498 18.74053097] seconds --> (17.483 +- 1.2673)
SVM classification train score: [0.5     0.5     0.55625 0.46875 0.51875] --> (0.5088 +- 0.0287)
SVM classification test score: [0.5   0.575 0.625 0.6   0.425] --> (0.545 +- 0.0731)



-------Circuit number: 1----L: 3----Dataset: Uniform_noise---------------------
Training time: [ 9.42283893 10.14593172 11.38166928  9.98122215 12.84597731] seconds --> (10.7555 +- 1.2255)
Test time: [6.67826056 7.04560351 6.89302015 6.80666089 8.04841328] seconds --> (7.0944 +- 0.4917)
SVM classification train score: [0.5 0.5 0.5 0.5 0.5] --> (0.5 +- 0.0)
SVM classification test score: [0.5 0.5 0.5 0.5 0.5] --> (0.5 +- 0.0)



-------Circuit number: 2----L: 3----Dataset: Uniform_noise---------------------
Training time: [13.2134161  13.49968672 13.66352344 14.34355378 20.24186349] seconds --> (14.9924 +- 2.6509)
Test time: [ 9.12437153  7.6502409  10.16462708 11.27362728 11.61833525] seconds --> (9.9662 +- 1.4526)
SVM classification train score: [0.5     0.53125 0.5125  0.58125 0.6125 ] --> (0.5475 +- 0.0427)
SVM classification test score: [0.5   0.55  0.5   0.525 0.525] --> (0.52 +- 0.0187)



-------Circuit number: 3----L: 3----Dataset: Uniform_noise---------------------
Training time: [14.89570713 15.93978024 18.47812557 13.5821054  14.67505288] seconds --> (15.5142 +- 1.6605)
Test time: [10.74490571 10.53907466 12.28263211  9.77828455 10.78633332] seconds --> (10.8262 +- 0.8136)
SVM classification train score: [0.5     0.5     0.5125  0.60625 0.66875] --> (0.5575 +- 0.0684)
SVM classification test score: [0.5   0.5   0.475 0.725 0.575] --> (0.555 +- 0.0914)



-------Circuit number: 4----L: 3----Dataset: Uniform_noise---------------------
Training time: [12.01760292 12.74488139 13.84266758 13.63157439 15.35912538] seconds --> (13.5192 +- 1.1276)
Test time: [ 9.84995341  8.1565702  11.78076863 10.25787139 10.15766907] seconds --> (10.0406 +- 1.1554)
SVM classification train score: [0.5     0.53125 0.5     0.575   0.575  ] --> (0.5363 +- 0.0336)
SVM classification test score: [0.5   0.55  0.5   0.725 0.475] --> (0.55 +- 0.0908)



-------Circuit number: 5----L: 3----Dataset: Uniform_noise---------------------
Training time: [15.09414053 12.67018366 15.03236842 14.86320114 19.22787356] seconds --> (15.3776 +- 2.1269)
Test time: [11.28845096  8.07925129 10.74875784 10.28649998 13.93538618] seconds --> (10.8677 +- 1.8823)
SVM classification train score: [0.5     0.53125 0.54375 0.56875 0.63125] --> (0.555 +- 0.0441)
SVM classification test score: [0.5   0.525 0.525 0.65  0.5  ] --> (0.54 +- 0.0561)



-------Circuit number: 6----L: 3----Dataset: Uniform_noise---------------------
Training time: [23.86851501 23.48343992 27.47349524 21.37554288 32.65217113] seconds --> (25.7706 +- 3.9603)
Test time: [16.88726091 16.56934857 18.7325089  17.82183576 22.70783424] seconds --> (18.5438 +- 2.2153)
SVM classification train score: [0.58125 0.5     0.5     0.575   0.61875] --> (0.555 +- 0.0473)
SVM classification test score: [0.475 0.5   0.525 0.675 0.525] --> (0.54 +- 0.07)



-------Circuit number: 7----L: 3----Dataset: Uniform_noise---------------------
Training time: [18.62378144 20.58006501 19.62796259 22.05209231 23.75651002] seconds --> (20.9281 +- 1.8102)
Test time: [14.35193682 14.9340899  14.53653741 14.35545635 16.07984304] seconds --> (14.8516 +- 0.6497)
SVM classification train score: [0.5     0.5     0.55625 0.49375 0.64375] --> (0.5387 +- 0.0572)
SVM classification test score: [0.5   0.5   0.5   0.525 0.525] --> (0.51 +- 0.0122)



-------Circuit number: 8----L: 3----Dataset: Uniform_noise---------------------
Training time: [21.85615063 23.58215904 23.27982974 21.59305072 24.72770071] seconds --> (23.0078 +- 1.1567)
Test time: [17.64166784 15.15239429 17.60489154 16.53346372 16.45964122] seconds --> (16.6784 +- 0.9147)
SVM classification train score: [0.51875 0.6375  0.5     0.6125  0.6375 ] --> (0.5812 +- 0.0597)
SVM classification test score: [0.5   0.675 0.5   0.675 0.525] --> (0.575 +- 0.0822)



-------Circuit number: 9----L: 3----Dataset: Uniform_noise---------------------
Training time: [25.76217318 25.27850676 28.64757848 21.6347568  30.09881616] seconds --> (26.2844 +- 2.9339)
Test time: [18.52947283 16.52246094 18.8410275  16.84710383 21.66714644] seconds --> (18.4814 +- 1.8324)
SVM classification train score: [0.5     0.5125  0.54375 0.51875 0.5    ] --> (0.515 +- 0.0161)
SVM classification test score: [0.5   0.4   0.375 0.5   0.5  ] --> (0.455 +- 0.0557)



-------Circuit number: 10----L: 3----Dataset: Uniform_noise---------------------
Training time: [30.09997177 28.75789237 32.65958953 29.42820263 33.77937675] seconds --> (30.945 +- 1.9376)
Test time: [20.50069356 18.0096612  22.71031666 22.47249746 22.51039481] seconds --> (21.2407 +- 1.8042)
SVM classification train score: [0.5375  0.55    0.51875 0.5875  0.53125] --> (0.545 +- 0.0235)
SVM classification test score: [0.45  0.525 0.475 0.575 0.475] --> (0.5 +- 0.0447)



-------Circuit number: 0----L: 3----Dataset: Gauss_noise---------------------
Training time: [21.1916194  19.29571342 20.5477345  19.46866155 20.81109333] seconds --> (20.263 +- 0.7497)
Test time: [14.83549523 14.61903954 15.09335423 15.06122875 15.30769086] seconds --> (14.9834 +- 0.2358)
SVM classification train score: [0.49375 0.5     0.48125 0.55625 0.49375] --> (0.505 +- 0.0263)
SVM classification test score: [0.525 0.5   0.5   0.475 0.5  ] --> (0.5 +- 0.0158)



-------Circuit number: 1----L: 3----Dataset: Gauss_noise---------------------
Training time: [6.76565075 8.70989585 9.31042695 7.24862361 9.53815794] seconds --> (8.3146 +- 1.1118)
Test time: [4.6916306  5.1650219  5.62761092 5.24101782 5.92868733] seconds --> (5.3308 +- 0.4218)
SVM classification train score: [0.5    0.5    0.5    0.5125 0.5   ] --> (0.5025 +- 0.005)
SVM classification test score: [0.5   0.5   0.5   0.475 0.5  ] --> (0.495 +- 0.01)



-------Circuit number: 2----L: 3----Dataset: Gauss_noise---------------------
Training time: [11.27499247 12.25347877 12.61668611 11.97521138 13.30434275] seconds --> (12.2849 +- 0.6732)
Test time: [ 8.17162442  9.30545783  7.89688182  8.29042649 10.07982183] seconds --> (8.7488 +- 0.8186)
SVM classification train score: [0.5     0.5375  0.53125 0.49375 0.5    ] --> (0.5125 +- 0.0181)
SVM classification test score: [0.5   0.5   0.475 0.525 0.5  ] --> (0.5 +- 0.0158)



-------Circuit number: 3----L: 3----Dataset: Gauss_noise---------------------
Training time: [14.06974196 13.84924078 12.45097327 13.03619933 14.58980012] seconds --> (13.5992 +- 0.7617)
Test time: [10.01763701  9.83356833  8.73650837  9.65201592 10.1044867 ] seconds --> (9.6688 +- 0.4916)
SVM classification train score: [0.54375 0.5     0.5125  0.58125 0.58125] --> (0.5438 +- 0.0338)
SVM classification test score: [0.4   0.5   0.525 0.5   0.575] --> (0.5 +- 0.057)



-------Circuit number: 4----L: 3----Dataset: Gauss_noise---------------------
Training time: [14.08043218 15.46542096 12.79351497 13.49129033 15.19992757] seconds --> (14.2061 +- 1.0095)
Test time: [10.25317335 10.0604825   8.39199519  9.78781748 11.77592325] seconds --> (10.0539 +- 1.0805)
SVM classification train score: [0.5125  0.5     0.49375 0.6125  0.51875] --> (0.5275 +- 0.0434)
SVM classification test score: [0.5   0.5   0.6   0.5   0.525] --> (0.525 +- 0.0387)



-------Circuit number: 5----L: 3----Dataset: Gauss_noise---------------------
Training time: [13.61048841 16.60881376 15.54181218 15.0257318  16.37765956] seconds --> (15.4329 +- 1.0746)
Test time: [ 9.82344437 11.36167836 10.48955131 11.14331675 11.99677372] seconds --> (10.963 +- 0.746)
SVM classification train score: [0.49375 0.55625 0.5     0.5     0.5    ] --> (0.51 +- 0.0233)
SVM classification test score: [0.45 0.5  0.55 0.5  0.5 ] --> (0.5 +- 0.0316)



-------Circuit number: 6----L: 3----Dataset: Gauss_noise---------------------
Training time: [22.72134566 26.12377739 24.09622145 25.04460478 28.32350397] seconds --> (25.2619 +- 1.8961)
Test time: [17.31491446 19.10994005 16.02749991 17.71825981 19.53258514] seconds --> (17.9406 +- 1.2651)
SVM classification train score: [0.5     0.5     0.5     0.58125 0.5    ] --> (0.5162 +- 0.0325)
SVM classification test score: [0.475 0.5   0.6   0.6   0.5  ] --> (0.535 +- 0.0539)



-------Circuit number: 7----L: 3----Dataset: Gauss_noise---------------------
Training time: [17.48679399 20.10576367 19.49184632 20.21500802 24.35229635] seconds --> (20.3303 +- 2.2374)
Test time: [13.43540931 12.96927381 14.10056639 15.38562608 17.3983326 ] seconds --> (14.6578 +- 1.5935)
SVM classification train score: [0.5    0.5    0.5    0.6375 0.5   ] --> (0.5275 +- 0.055)
SVM classification test score: [0.5   0.5   0.525 0.525 0.5  ] --> (0.51 +- 0.0122)



-------Circuit number: 8----L: 3----Dataset: Gauss_noise---------------------
Training time: [24.7907331  22.12458467 25.10307765 20.30240154 28.5729208 ] seconds --> (24.1787 +- 2.8208)
Test time: [18.36168885 14.93040919 17.18717313 15.75279903 18.33164382] seconds --> (16.9127 +- 1.3757)
SVM classification train score: [0.5     0.5     0.54375 0.55625 0.5    ] --> (0.52 +- 0.0248)
SVM classification test score: [0.5   0.5   0.625 0.475 0.5  ] --> (0.52 +- 0.0534)



-------Circuit number: 9----L: 3----Dataset: Gauss_noise---------------------
Training time: [24.35465169 23.98124743 29.00216174 24.83324862 29.30220485] seconds --> (26.2947 +- 2.3506)
Test time: [18.46036243 17.19065738 21.13344145 18.14674973 19.91872025] seconds --> (18.97 +- 1.3917)
SVM classification train score: [0.55    0.5     0.475   0.53125 0.5375 ] --> (0.5188 +- 0.0274)
SVM classification test score: [0.475 0.5   0.45  0.525 0.5  ] --> (0.49 +- 0.0255)



-------Circuit number: 10----L: 3----Dataset: Gauss_noise---------------------
Training time: [29.67230988 28.62447095 35.02314639 31.61200786 43.2276957 ] seconds --> (33.6319 +- 5.2697)
Test time: [23.01480126 20.27469254 25.57512903 22.37552261 30.15950227] seconds --> (24.2799 +- 3.3916)
SVM classification train score: [0.575   0.5     0.5     0.4875  0.59375] --> (0.5312 +- 0.044)
SVM classification test score: [0.3   0.5   0.5   0.475 0.5  ] --> (0.455 +- 0.0781)



-------Circuit number: 0----L: 3----Dataset: Exponential_noise---------------------
Training time: [22.37300491 23.12868023 19.6757288  20.00447989 25.29662061] seconds --> (22.0957 +- 2.0794)
Test time: [15.44334221 14.99111485 13.11260104 15.19632792 16.86334777] seconds --> (15.1213 +- 1.1997)
SVM classification train score: [0.58125 0.49375 0.5     0.5625  0.59375] --> (0.5462 +- 0.0416)
SVM classification test score: [0.5   0.5   0.5   0.65  0.475] --> (0.525 +- 0.0632)



-------Circuit number: 1----L: 3----Dataset: Exponential_noise---------------------
Training time: [ 9.37914634 10.1141305  10.29264641  8.96932459 11.3335309 ] seconds --> (10.0178 +- 0.8152)
Test time: [5.9998889  6.46032882 6.30676246 5.78523421 7.2222116 ] seconds --> (6.3549 +- 0.4932)
SVM classification train score: [0.5   0.5   0.5   0.525 0.5  ] --> (0.505 +- 0.01)
SVM classification test score: [0.5  0.5  0.5  0.55 0.5 ] --> (0.51 +- 0.02)



-------Circuit number: 2----L: 3----Dataset: Exponential_noise---------------------
Training time: [11.20698237 11.47393918  9.80949926 11.67155409 12.14971042] seconds --> (11.2623 +- 0.7891)
Test time: [8.25435734 7.45236206 6.86452961 7.9140656  8.15756369] seconds --> (7.7286 +- 0.5134)
SVM classification train score: [0.55    0.55625 0.55    0.6375  0.66875] --> (0.5925 +- 0.0505)
SVM classification test score: [0.575 0.475 0.575 0.625 0.575] --> (0.565 +- 0.049)



-------Circuit number: 3----L: 3----Dataset: Exponential_noise---------------------
Training time: [13.24467874 15.57234025 14.62640214 14.70932984 15.9828496 ] seconds --> (14.8271 +- 0.9433)
Test time: [10.38788939  8.72473288  9.01438928 12.37616301 11.2346282 ] seconds --> (10.3476 +- 1.3649)
SVM classification train score: [0.5125  0.5     0.5125  0.61875 0.65   ] --> (0.5588 +- 0.0627)
SVM classification test score: [0.5   0.5   0.525 0.575 0.575] --> (0.535 +- 0.0339)



-------Circuit number: 4----L: 3----Dataset: Exponential_noise---------------------
Training time: [14.13268065 14.16730142 13.85501385 16.99764824 14.66996264] seconds --> (14.7645 +- 1.1471)
Test time: [10.32281995  8.79347992  9.71178055 12.1426959  10.76527429] seconds --> (10.3472 +- 1.1151)
SVM classification train score: [0.58125 0.56875 0.50625 0.6     0.5125 ] --> (0.5538 +- 0.0376)
SVM classification test score: [0.55  0.525 0.5   0.675 0.5  ] --> (0.55 +- 0.0652)



-------Circuit number: 5----L: 3----Dataset: Exponential_noise---------------------
Training time: [13.83232951 14.18857741 14.66358423 16.73622966 15.56837082] seconds --> (14.9978 +- 1.0462)
Test time: [ 9.581604    9.57453322  9.26749802 11.62196946  9.97033572] seconds --> (10.0032 +- 0.8396)
SVM classification train score: [0.55625 0.5625  0.64375 0.575   0.65625] --> (0.5988 +- 0.0425)
SVM classification test score: [0.525 0.525 0.9   0.525 0.55 ] --> (0.605 +- 0.1478)



-------Circuit number: 6----L: 3----Dataset: Exponential_noise---------------------
Training time: [21.52906084 21.24680948 24.96763062 29.14580917 35.03681016] seconds --> (26.3852 +- 5.1859)
Test time: [16.90886736 14.54473948 16.93358397 35.28688478 18.52906752] seconds --> (20.4406 +- 7.5313)
SVM classification train score: [0.525   0.56875 0.50625 0.6125  0.625  ] --> (0.5675 +- 0.0467)
SVM classification test score: [0.5   0.55  0.5   0.625 0.55 ] --> (0.545 +- 0.0458)



-------Circuit number: 7----L: 3----Dataset: Exponential_noise---------------------
Training time: [21.91857696 18.97109914 17.89558625 17.50988173 22.27404761] seconds --> (19.7138 +- 2.0065)
Test time: [15.87658572 11.77368546 12.50318384 12.84526443 15.20313168] seconds --> (13.6404 +- 1.6033)
SVM classification train score: [0.61875 0.5     0.5375  0.5875  0.56875] --> (0.5625 +- 0.0409)
SVM classification test score: [0.575 0.5   0.65  0.725 0.525] --> (0.595 +- 0.0828)



-------Circuit number: 8----L: 3----Dataset: Exponential_noise---------------------
Training time: [15.39815617 17.71814466 20.86180878 19.39573908 22.29446387] seconds --> (19.1337 +- 2.4085)
Test time: [13.18997812 10.67509389 14.22680163 14.12350845 15.67747355] seconds --> (13.5786 +- 1.6555)
SVM classification train score: [0.54375 0.65625 0.51875 0.61875 0.5625 ] --> (0.58 +- 0.0504)
SVM classification test score: [0.55  0.55  0.525 0.725 0.5  ] --> (0.57 +- 0.0797)



-------Circuit number: 9----L: 3----Dataset: Exponential_noise---------------------
Training time: [24.15597653 23.54334974 22.217098   24.12161493 25.08839512] seconds --> (23.8253 +- 0.9443)
Test time: [17.08550262 16.08296323 15.03212571 17.47957444 17.343503  ] seconds --> (16.6047 +- 0.926)
SVM classification train score: [0.5     0.5     0.5     0.53125 0.5    ] --> (0.5062 +- 0.0125)
SVM classification test score: [0.5   0.5   0.5   0.525 0.5  ] --> (0.505 +- 0.01)



-------Circuit number: 10----L: 3----Dataset: Exponential_noise---------------------
Training time: [30.15111375 25.50980115 28.37611628 30.80003214 32.31586909] seconds --> (29.4306 +- 2.3325)
Test time: [21.69597483 19.73560238 21.50945091 23.90558672 25.19977117] seconds --> (22.4093 +- 1.9232)
SVM classification train score: [0.50625 0.5     0.50625 0.51875 0.5125 ] --> (0.5088 +- 0.0064)
SVM classification test score: [0.5   0.5   0.475 0.475 0.525] --> (0.495 +- 0.0187)



-------Circuit number: 0----L: 3----Dataset: Gamma_noise---------------------
Training time: [19.18201184 21.85566998 22.37392616 20.14369059 21.42363548] seconds --> (20.9958 +- 1.1694)
Test time: [14.59326959 15.05192256 13.52240586 14.9067986  16.38001013] seconds --> (14.8909 +- 0.9171)
SVM classification train score: [0.49375 0.5375  0.50625 0.4625  0.50625] --> (0.5012 +- 0.0242)
SVM classification test score: [0.5   0.55  0.525 0.475 0.5  ] --> (0.51 +- 0.0255)



-------Circuit number: 1----L: 3----Dataset: Gamma_noise---------------------
Training time: [ 7.64703751  8.65238643 10.20961952  8.63691282 10.705513  ] seconds --> (9.1703 +- 1.1234)
Test time: [5.34960318 5.54896665 6.96707273 6.16178322 6.42487526] seconds --> (6.0905 +- 0.5878)
SVM classification train score: [0.5     0.5     0.5     0.50625 0.5    ] --> (0.5012 +- 0.0025)
SVM classification test score: [0.5   0.5   0.5   0.375 0.5  ] --> (0.475 +- 0.05)



-------Circuit number: 2----L: 3----Dataset: Gamma_noise---------------------
Training time: [16.30101681 14.69679546 15.79545879 15.58289981 15.12981296] seconds --> (15.5012 +- 0.551)
Test time: [11.88991833  9.91873717 10.06024146  9.79535604 10.68025804] seconds --> (10.4689 +- 0.773)
SVM classification train score: [0.5     0.5     0.5125  0.5     0.54375] --> (0.5113 +- 0.017)
SVM classification test score: [0.5 0.5 0.5 0.5 0.5] --> (0.5 +- 0.0)



-------Circuit number: 3----L: 3----Dataset: Gamma_noise---------------------
Training time: [13.59318638 13.16675353 14.74998903 15.8654511  25.48733211] seconds --> (16.5725 +- 4.5557)
Test time: [10.97519684  8.89028621 10.472332   12.50572729 19.84959769] seconds --> (12.5386 +- 3.8334)
SVM classification train score: [0.5     0.54375 0.54375 0.5625  0.5    ] --> (0.53 +- 0.0254)
SVM classification test score: [0.5   0.5   0.525 0.475 0.525] --> (0.505 +- 0.0187)



-------Circuit number: 4----L: 3----Dataset: Gamma_noise---------------------
Training time: [13.92579103 13.29608512 13.99989796 13.12294531 16.8287797 ] seconds --> (14.2347 +- 1.3414)
Test time: [10.20398688  9.31494951 10.06581831 10.59097672 10.68665242] seconds --> (10.1725 +- 0.4873)
SVM classification train score: [0.50625 0.51875 0.58125 0.5375  0.5375 ] --> (0.5362 +- 0.0254)
SVM classification test score: [0.5   0.525 0.525 0.475 0.5  ] --> (0.505 +- 0.0187)



-------Circuit number: 5----L: 3----Dataset: Gamma_noise---------------------
Training time: [14.3556416  13.27300191 14.93351102 14.81040573 15.39036965] seconds --> (14.5526 +- 0.7197)
Test time: [10.40803194  9.27966833 10.67095804 10.01138043 11.57101083] seconds --> (10.3882 +- 0.755)
SVM classification train score: [0.5     0.5375  0.55625 0.55    0.5    ] --> (0.5287 +- 0.0242)
SVM classification test score: [0.5   0.6   0.525 0.55  0.5  ] --> (0.535 +- 0.0374)



-------Circuit number: 6----L: 3----Dataset: Gamma_noise---------------------
Training time: [22.11186934 23.29130673 23.75645018 24.99927878 30.10389256] seconds --> (24.8526 +- 2.7838)
Test time: [17.6599586  17.39969182 16.79037762 20.48472738 20.06448984] seconds --> (18.4798 +- 1.4983)
SVM classification train score: [0.5     0.51875 0.5375  0.5     0.59375] --> (0.53 +- 0.0348)
SVM classification test score: [0.5   0.5   0.525 0.5   0.475] --> (0.5 +- 0.0158)



-------Circuit number: 7----L: 3----Dataset: Gamma_noise---------------------
Training time: [14.98716545 18.40092731 20.80637479 19.91956377 22.46431398] seconds --> (19.3157 +- 2.5327)
Test time: [12.01753306 12.85115242 14.56928396 13.70037436 15.2483182 ] seconds --> (13.6773 +- 1.1577)
SVM classification train score: [0.5    0.5    0.5125 0.5    0.525 ] --> (0.5075 +- 0.01)
SVM classification test score: [0.5   0.5   0.5   0.5   0.475] --> (0.495 +- 0.01)



-------Circuit number: 8----L: 3----Dataset: Gamma_noise---------------------
Training time: [22.57000065 22.84132433 21.63272953 21.14385009 23.38022709] seconds --> (22.3136 +- 0.8141)
Test time: [15.51103091 14.95624137 15.09976602 15.15302348 16.9132669 ] seconds --> (15.5267 +- 0.717)
SVM classification train score: [0.5125  0.5     0.5     0.55625 0.4875 ] --> (0.5112 +- 0.0238)
SVM classification test score: [0.525 0.5   0.525 0.4   0.525] --> (0.495 +- 0.0485)



-------Circuit number: 9----L: 3----Dataset: Gamma_noise---------------------
Training time: [21.92468071 25.55624461 22.5149014  24.00623226 25.15352154] seconds --> (23.8311 +- 1.4228)
Test time: [16.73856592 17.50907159 16.19536281 18.65153575 17.2875526 ] seconds --> (17.2764 +- 0.825)
SVM classification train score: [0.46875 0.475   0.5     0.5     0.5    ] --> (0.4888 +- 0.0139)
SVM classification test score: [0.425 0.55  0.5   0.5   0.5  ] --> (0.495 +- 0.04)



-------Circuit number: 10----L: 3----Dataset: Gamma_noise---------------------
Training time: [21.15814471 31.03119493 25.04984379 31.26228333 29.06044078] seconds --> (27.5124 +- 3.8802)
Test time: [19.18827987 22.35272813 21.66454172 21.16907239 20.73325658] seconds --> (21.0216 +- 1.0631)
SVM classification train score: [0.5     0.5     0.50625 0.525   0.6625 ] --> (0.5388 +- 0.0625)
SVM classification test score: [0.5   0.5   0.5   0.475 0.35 ] --> (0.465 +- 0.0583)



-------Circuit number: 0----L: 3----Dataset: Aleatory---------------------
Training time: [18.55796766 20.38114166 18.39456725 17.9748342  18.05852151] seconds --> (18.6734 +- 0.8802)
Test time: [16.41635633 17.79765725 14.50921416 17.03640437 16.21153259] seconds --> (16.3942 +- 1.0926)
SVM classification train score: [0.54444444 0.61111111 0.59444444 0.52777778 0.64444444] --> (0.5844 +- 0.0429)
SVM classification test score: [0.57777778 0.4        0.6        0.53333333 0.68888889] --> (0.56 +- 0.0947)



-------Circuit number: 1----L: 3----Dataset: Aleatory---------------------
Training time: [9.25554299 9.90149736 7.46982217 7.82248688 9.66237211] seconds --> (8.8223 +- 0.9886)
Test time: [7.10457373 7.65822816 6.9611671  7.14579678 8.07868505] seconds --> (7.3897 +- 0.4174)
SVM classification train score: [0.52777778 0.42777778 0.52777778 0.52777778 0.46666667] --> (0.4956 +- 0.0413)
SVM classification test score: [0.53333333 0.6        0.53333333 0.53333333 0.48888889] --> (0.5378 +- 0.0356)



-------Circuit number: 2----L: 3----Dataset: Aleatory---------------------
Training time: [13.14660478 11.87774372 12.66941667 11.94497919 12.55816841] seconds --> (12.4394 +- 0.4748)
Test time: [10.67785192  9.74000096  8.64820528  9.46400785 10.16585875] seconds --> (9.7392 +- 0.6825)
SVM classification train score: [0.57222222 0.57777778 0.55       0.54444444 0.60555556] --> (0.57 +- 0.0218)
SVM classification test score: [0.53333333 0.44444444 0.46666667 0.48888889 0.62222222] --> (0.5111 +- 0.0629)



-------Circuit number: 3----L: 3----Dataset: Aleatory---------------------
Training time: [14.44122934 15.11859488 13.47345614 12.84885025 16.64423966] seconds --> (14.5053 +- 1.3239)
Test time: [11.61183953 12.67984962 11.08150387  9.84630489 13.56709456] seconds --> (11.7573 +- 1.285)
SVM classification train score: [0.52777778 0.6        0.52222222 0.52777778 0.53333333] --> (0.5422 +- 0.0291)
SVM classification test score: [0.53333333 0.48888889 0.53333333 0.53333333 0.51111111] --> (0.52 +- 0.0178)



-------Circuit number: 4----L: 3----Dataset: Aleatory---------------------
Training time: [16.05396581 15.29279923 14.97742963 14.26778007 14.74442291] seconds --> (15.0673 +- 0.596)
Test time: [13.58807898 13.42038321 12.26043558 13.37178349 12.82051849] seconds --> (13.0922 +- 0.4894)
SVM classification train score: [0.55       0.55555556 0.57777778 0.52777778 0.51666667] --> (0.5456 +- 0.0215)
SVM classification test score: [0.57777778 0.42222222 0.48888889 0.53333333 0.53333333] --> (0.5111 +- 0.0526)



-------Circuit number: 5----L: 3----Dataset: Aleatory---------------------
Training time: [15.8123157  14.23385477 13.61819315 13.70763731 14.23710537] seconds --> (14.3218 +- 0.7885)
Test time: [12.28664947 12.1353147  12.08950305 11.44305754 13.84658217] seconds --> (12.3602 +- 0.7975)
SVM classification train score: [0.55       0.58333333 0.6        0.52777778 0.61111111] --> (0.5744 +- 0.0312)
SVM classification test score: [0.6        0.42222222 0.6        0.53333333 0.51111111] --> (0.5333 +- 0.0659)



-------Circuit number: 6----L: 3----Dataset: Aleatory---------------------
Training time: [21.48985648 28.650563   24.5984304  25.08920383 29.40548515] seconds --> (25.8467 +- 2.8859)
Test time: [19.00980878 22.17890501 20.2934401  21.14505291 23.13236284] seconds --> (21.1519 +- 1.4354)
SVM classification train score: [0.58888889 0.65555556 0.6        0.52777778 0.53333333] --> (0.5811 +- 0.0471)
SVM classification test score: [0.57777778 0.48888889 0.53333333 0.53333333 0.6       ] --> (0.5467 +- 0.0387)



-------Circuit number: 7----L: 3----Dataset: Aleatory---------------------
Training time: [17.8299551  22.25942945 21.49181938 15.97945952 18.51650357] seconds --> (19.2154 +- 2.3378)
Test time: [15.30062318 18.51126075 18.44581819 14.84871149 17.17441154] seconds --> (16.8562 +- 1.5373)
SVM classification train score: [0.48888889 0.51666667 0.52777778 0.57777778 0.58333333] --> (0.5389 +- 0.0363)
SVM classification test score: [0.44444444 0.55555556 0.55555556 0.6        0.57777778] --> (0.5467 +- 0.0537)



-------Circuit number: 8----L: 3----Dataset: Aleatory---------------------
Training time: [21.14395618 23.33457875 22.58886147 16.99443364 22.07325268] seconds --> (21.227 +- 2.2331)
Test time: [17.58778691 18.58888364 17.89433169 14.55394411 21.36862445] seconds --> (17.9987 +- 2.1795)
SVM classification train score: [0.62222222 0.66666667 0.63888889 0.58888889 0.65      ] --> (0.6333 +- 0.0265)
SVM classification test score: [0.62222222 0.6        0.66666667 0.6        0.57777778] --> (0.6133 +- 0.0301)



-------Circuit number: 9----L: 3----Dataset: Aleatory---------------------
Training time: [23.05448103 26.4249773  25.46397805 22.50520635 25.74269938] seconds --> (24.6383 +- 1.559)
Test time: [19.40715861 21.48621583 20.61936831 21.87846351 21.6132822 ] seconds --> (21.0009 +- 0.9018)
SVM classification train score: [0.52777778 0.57777778 0.52777778 0.52777778 0.46666667] --> (0.5256 +- 0.0352)
SVM classification test score: [0.53333333 0.4        0.53333333 0.53333333 0.37777778] --> (0.4756 +- 0.0711)



-------Circuit number: 10----L: 3----Dataset: Aleatory---------------------
Training time: [26.49444628 34.74179316 25.01520491 24.66604686 24.68963313] seconds --> (27.1214 +- 3.8689)
Test time: [22.19641519 25.06149054 23.49806166 22.03230071 20.4830277 ] seconds --> (22.6543 +- 1.5374)
SVM classification train score: [0.49444444 0.53333333 0.61111111 0.65       0.57222222] --> (0.5722 +- 0.055)
SVM classification test score: [0.4        0.48888889 0.62222222 0.57777778 0.55555556] --> (0.5289 +- 0.0775)



-------Circuit number: 0----L: 3----Dataset: Bank---------------------
Training time: [55.07544518 82.99552369 76.01275134 72.60392809 76.9041431 ] seconds --> (72.7184 +- 9.4369)
Test time: [312.88992    373.9791379  389.2942729  375.52351904 529.56532645] seconds --> (396.2504 +- 71.688)
SVM classification train score: [0.60164084 0.49407475 0.74681239 0.74681239 0.48998179] --> (0.6159 +- 0.1142)
SVM classification test score: [0.56727273 0.49454545 0.70437956 0.74087591 0.5       ] --> (0.6014 +- 0.1029)



-------Circuit number: 1----L: 3----Dataset: Bank---------------------
Training time: [12.94273329 14.73491383 17.25441265 15.41315055 15.44873381] seconds --> (15.1588 +- 1.3879)
Test time: [77.32373714 74.21883488 92.64155889 82.16094613 82.93935061] seconds --> (81.8569 +- 6.2684)
SVM classification train score: [0.55515041 0.51048314 0.55555556 0.55555556 0.53005464] --> (0.5414 +- 0.0183)
SVM classification test score: [0.55636364 0.54181818 0.55474453 0.55474453 0.53284672] --> (0.5481 +- 0.0093)



-------Circuit number: 2----L: 3----Dataset: Bank---------------------
Training time: [16.80662179 16.56883407 20.15795016 17.05661988 14.28165841] seconds --> (16.9743 +- 1.8754)
Test time: [ 94.09495807  78.17211866 100.7332375   85.40384626  61.77428555] seconds --> (84.0357 +- 13.5042)
SVM classification train score: [0.71285324 0.72105743 0.75865209 0.78142077 0.73679417] --> (0.7422 +- 0.0251)
SVM classification test score: [0.76363636 0.70545455 0.74817518 0.76642336 0.70072993] --> (0.7369 +- 0.0283)



-------Circuit number: 3----L: 3----Dataset: Bank---------------------
Training time: [13.10042214 17.43609667 20.68435788 19.20473337 20.73973799] seconds --> (18.2331 +- 2.836)
Test time: [65.07574892 74.72269773 74.56155849 85.12768841 81.7121377 ] seconds --> (76.24 +- 6.9093)
SVM classification train score: [0.93801276 0.93436645 0.63752277 0.91530055 0.93624772] --> (0.8723 +- 0.1177)
SVM classification test score: [0.93818182 0.92363636 0.6350365  0.90510949 0.91605839] --> (0.8636 +- 0.1148)



-------Circuit number: 4----L: 3----Dataset: Bank---------------------
Training time: [11.14754653 16.01712871 12.96649623 13.17776966 17.27769303] seconds --> (14.1173 +- 2.2192)
Test time: [48.80910444 63.75581717 64.70076227 59.17007637 62.20919442] seconds --> (59.729 +- 5.7731)
SVM classification train score: [0.60984503 0.95897903 0.93351548 0.96994536 0.9571949 ] --> (0.8859 +- 0.1385)
SVM classification test score: [0.61090909 0.95272727 0.9379562  0.97080292 0.95620438] --> (0.8857 +- 0.1378)



-------Circuit number: 5----L: 3----Dataset: Bank---------------------
Training time: [15.21476007 16.98356748 28.05495286 22.29918504 21.37371993] seconds --> (20.7852 +- 4.4938)
Test time: [ 83.60648441  75.85996723 105.95829701 108.38161731  91.33348632] seconds --> (93.028 +- 12.5643)
SVM classification train score: [0.90154968 0.90610757 0.61748634 0.76958106 0.928051  ] --> (0.8246 +- 0.1176)
SVM classification test score: [0.90909091 0.88727273 0.6459854  0.76642336 0.91240876] --> (0.8242 +- 0.104)



-------Circuit number: 6----L: 3----Dataset: Bank---------------------
Training time: [28.18079209 29.00725579 34.6166544  32.24301529 33.0830183 ] seconds --> (31.4261 +- 2.4485)
Test time: [149.5637145  143.52435756 128.53598666 145.74819756 143.63439369] seconds --> (142.2013 +- 7.174)
SVM classification train score: [0.96262534 0.52142206 0.98087432 0.97358834 0.97358834] --> (0.8824 +- 0.1806)
SVM classification test score: [0.96727273 0.50181818 0.97080292 0.94890511 0.97445255] --> (0.8727 +- 0.1856)



-------Circuit number: 7----L: 3----Dataset: Bank---------------------
Training time: [21.93828607 26.23039627 19.90912724 30.28351593 29.85836887] seconds --> (25.6439 +- 4.1533)
Test time: [110.64608359  97.46400523  77.9093852  118.79158735  92.12732601] seconds --> (99.3877 +- 14.2898)
SVM classification train score: [0.94895169 0.97447584 0.64845173 0.93897996 0.96357013] --> (0.8949 +- 0.1238)
SVM classification test score: [0.97090909 0.95272727 0.62408759 0.91605839 0.94890511] --> (0.8825 +- 0.1304)



-------Circuit number: 8----L: 3----Dataset: Bank---------------------
Training time: [30.43709779 34.61442566 31.22861624 30.9696095  33.01129723] seconds --> (32.0522 +- 1.5456)
Test time: [160.50147557 129.75565839 139.87145472 151.1147213  142.44164681] seconds --> (144.737 +- 10.4171)
SVM classification train score: [0.95259799 0.94712853 0.62932605 0.9417122  0.94808743] --> (0.8838 +- 0.1273)
SVM classification test score: [0.97090909 0.96       0.62408759 0.93430657 0.95985401] --> (0.8898 +- 0.1334)



-------Circuit number: 9----L: 3----Dataset: Bank---------------------
Training time: [57.60001612 68.65101123 85.65129328 79.9747386  72.98019814] seconds --> (72.9715 +- 9.6413)
Test time: [391.19282413 359.26795602 423.66170406 436.73305678 389.19792986] seconds --> (400.0107 +- 27.4319)
SVM classification train score: [0.55879672 0.60346399 0.59198543 0.56830601 0.58469945] --> (0.5815 +- 0.0161)
SVM classification test score: [0.56       0.57454545 0.55839416 0.52189781 0.54744526] --> (0.5525 +- 0.0175)



-------Circuit number: 10----L: 3----Dataset: Bank---------------------
Training time: [100.17962694 106.87797666 110.43621874 101.57532215 111.29163599] seconds --> (106.0722 +- 4.514)
Test time: [537.72141051 575.11841464 578.64615178 537.29364252 574.06013393] seconds --> (560.568 +- 18.8904)
SVM classification train score: [0.63719234 0.64539654 0.61566485 0.57285974 0.45446266] --> (0.5851 +- 0.07)
SVM classification test score: [0.60363636 0.64727273 0.62773723 0.56569343 0.45985401] --> (0.5808 +- 0.0663)



-------Circuit number: 0----L: 3----Dataset: Heart---------------------
Training time: [1535.4436841  2042.82075477 2225.9944737  2934.01427984 2568.65719581] seconds --> (2261.3861 +- 473.8903)
Test time: [2115.88930082 2290.9206214  2404.45124626 3484.68749833 3184.40906858] seconds --> (2696.0715 +- 537.8085)
SVM classification train score: [0.64049587 0.80578512 0.81404959 0.6255144  0.81481481] --> (0.7401 +- 0.0877)
SVM classification test score: [0.54098361 0.67213115 0.80327869 0.55       0.73333333] --> (0.6599 +- 0.1023)



-------Circuit number: 1----L: 3----Dataset: Heart---------------------
Training time: [56.24128318 65.90576196 82.32538462 66.79255295 66.88374591] seconds --> (67.6297 +- 8.3653)
Test time: [75.2461307  70.79847741 91.27782178 75.87018061 81.07460737] seconds --> (78.8534 +- 7.0156)
SVM classification train score: [0.54545455 0.55371901 0.54545455 0.54320988 0.57201646] --> (0.552 +- 0.0106)
SVM classification test score: [0.54098361 0.42622951 0.54098361 0.55       0.58333333] --> (0.5283 +- 0.0534)



-------Circuit number: 2----L: 3----Dataset: Heart---------------------
Training time: [110.98094082 146.46109653 152.8023026  130.98675346 123.75114512] seconds --> (132.9964 +- 15.151)
Test time: [146.12363052 165.21008515 168.35499692 144.16614103 156.92607689] seconds --> (156.1562 +- 9.7549)
SVM classification train score: [0.7892562  0.81404959 0.80991736 0.59259259 0.53497942] --> (0.7082 +- 0.1196)
SVM classification test score: [0.72131148 0.62295082 0.78688525 0.55       0.48333333] --> (0.6329 +- 0.1103)



