-------Circuit number: 0----L: 1----Dataset: Ad hoc---------------------
Training time: [7.33121395 6.98490167 6.527529   6.65002275 7.2408874 ] seconds --> (6.9469 +- 0.3161)
Test time: [2.38329053 1.55680943 2.50069761 2.05014634 2.20130992] seconds --> (2.1385 +- 0.329)
SVM classification train score: [0.9125 0.8625 0.625  0.8625 0.7375] --> (0.8 +- 0.1049)
SVM classification test score: [0.8  0.85 0.6  0.85 0.65] --> (0.75 +- 0.1049)



-------Circuit number: 1----L: 1----Dataset: Ad hoc---------------------
Training time: [5.1996057  5.37230659 4.65136051 6.06678724 6.01457405] seconds --> (5.4609 +- 0.5301)
Test time: [1.59906602 1.55992389 1.36127234 2.02944922 2.12499428] seconds --> (1.7349 +- 0.2924)
SVM classification train score: [0.4875 0.5    0.5    0.425  0.5   ] --> (0.4825 +- 0.0292)
SVM classification test score: [0.55 0.5  0.5  0.55 0.5 ] --> (0.52 +- 0.0245)



-------Circuit number: 2----L: 1----Dataset: Ad hoc---------------------
Training time: [8.23984265 6.51863718 4.68562651 6.28086376 6.21287894] seconds --> (6.3876 +- 1.1302)
Test time: [2.17708778 1.81722665 1.54151917 1.82325339 2.06431746] seconds --> (1.8847 +- 0.2208)
SVM classification train score: [0.5875 0.65   0.675  0.6375 0.6625] --> (0.6425 +- 0.0302)
SVM classification test score: [0.55 0.65 0.55 0.6  0.7 ] --> (0.61 +- 0.0583)



-------Circuit number: 3----L: 1----Dataset: Ad hoc---------------------
Training time: [7.75801611 7.07913136 6.73406339 6.48061824 8.34139371] seconds --> (7.2786 +- 0.683)
Test time: [2.5411458  2.08822942 2.06424809 1.82895732 1.88691163] seconds --> (2.0819 +- 0.2503)
SVM classification train score: [0.6375 0.6375 0.5    0.5375 0.65  ] --> (0.5925 +- 0.0615)
SVM classification test score: [0.55 0.55 0.5  0.45 0.75] --> (0.56 +- 0.102)



-------Circuit number: 4----L: 1----Dataset: Ad hoc---------------------
Training time: [8.03215742 7.25561357 6.10200429 7.09755683 6.64617181] seconds --> (7.0267 +- 0.6432)
Test time: [2.81342626 2.2541995  1.91934848 2.06229568 1.75346255] seconds --> (2.1605 +- 0.3657)
SVM classification train score: [0.5875 0.65   0.675  0.6375 0.6625] --> (0.6425 +- 0.0302)
SVM classification test score: [0.55 0.65 0.55 0.6  0.7 ] --> (0.61 +- 0.0583)



-------Circuit number: 5----L: 1----Dataset: Ad hoc---------------------
Training time: [7.76156855 6.51952076 6.18579602 7.44959259 8.28285956] seconds --> (7.2399 +- 0.779)
Test time: [2.28255367 2.1443429  2.50799584 2.0064137  2.10049295] seconds --> (2.2084 +- 0.1742)
SVM classification train score: [0.5875 0.65   0.675  0.6375 0.6625] --> (0.6425 +- 0.0302)
SVM classification test score: [0.55 0.65 0.55 0.6  0.7 ] --> (0.61 +- 0.0583)



-------Circuit number: 6----L: 1----Dataset: Ad hoc---------------------
Training time: [12.68749976 10.87905741  7.4799614  10.41741729 10.92503762] seconds --> (10.4778 +- 1.6873)
Test time: [3.32404017 3.4680295  2.59468913 3.95760894 3.44980526] seconds --> (3.3588 +- 0.4391)
SVM classification train score: [0.5875 0.6875 0.6    0.7125 0.525 ] --> (0.6225 +- 0.0686)
SVM classification test score: [0.5  0.55 0.35 0.75 0.55] --> (0.54 +- 0.1281)



-------Circuit number: 7----L: 1----Dataset: Ad hoc---------------------
Training time: [ 8.26389408  9.08896923  8.48976207 11.82130146 10.08719635] seconds --> (9.5502 +- 1.2991)
Test time: [2.69267249 2.95772839 3.15816307 3.73510766 3.1741538 ] seconds --> (3.1436 +- 0.3432)
SVM classification train score: [0.7    0.5875 0.5625 0.6875 0.575 ] --> (0.6225 +- 0.0588)
SVM classification test score: [0.7  0.55 0.65 0.65 0.45] --> (0.6 +- 0.0894)



-------Circuit number: 8----L: 1----Dataset: Ad hoc---------------------
Training time: [10.76792979 11.75761151  8.82172298 10.13654113 12.10458374] seconds --> (10.7177 +- 1.1781)
Test time: [3.60636663 3.62299228 2.89293146 3.21331286 3.78383899] seconds --> (3.4239 +- 0.3252)
SVM classification train score: [0.7    0.5875 0.5    0.5625 0.65  ] --> (0.6 +- 0.0694)
SVM classification test score: [0.5  0.65 0.5  0.5  0.55] --> (0.54 +- 0.0583)



-------Circuit number: 9----L: 1----Dataset: Ad hoc---------------------
Training time: [16.07345796 12.71866584 10.96995926 10.67000866 11.87177658] seconds --> (12.4608 +- 1.9439)
Test time: [5.76744127 3.54511952 3.36104298 3.67842841 3.97058892] seconds --> (4.0645 +- 0.8744)
SVM classification train score: [0.4875 0.625  0.5875 0.5    0.5125] --> (0.5425 +- 0.054)
SVM classification test score: [0.55 0.65 0.45 0.5  0.5 ] --> (0.53 +- 0.0678)



-------Circuit number: 10----L: 1----Dataset: Ad hoc---------------------
Training time: [14.46210551 10.31744671 11.90477633 11.62822485 12.12426162] seconds --> (12.0874 +- 1.3429)
Test time: [4.74624419 3.41935396 3.23237944 4.03512216 4.46896648] seconds --> (3.9804 +- 0.5835)
SVM classification train score: [0.575  0.525  0.5625 0.5875 0.5   ] --> (0.55 +- 0.0326)
SVM classification test score: [0.2  0.5  0.5  0.6  0.45] --> (0.45 +- 0.1342)



-------Circuit number: 0----L: 1----Dataset: Uniform_noise---------------------
Training time: [10.71363759 10.49702764 11.96061397 12.23146725 12.76938105] seconds --> (11.6344 +- 0.8823)
Test time: [7.48036718 8.25336456 9.70524859 7.82685161 7.95613122] seconds --> (8.2444 +- 0.7714)
SVM classification train score: [0.5     0.5625  0.525   0.575   0.56875] --> (0.5462 +- 0.0289)
SVM classification test score: [0.5   0.55  0.525 0.65  0.5  ] --> (0.545 +- 0.0557)



-------Circuit number: 1----L: 1----Dataset: Uniform_noise---------------------
Training time: [6.27813292 6.04284501 5.6495254  5.49987316 6.92934704] seconds --> (6.0799 +- 0.5067)
Test time: [3.57071853 4.25233221 3.82967019 3.35402441 4.46660733] seconds --> (3.8947 +- 0.4139)
SVM classification train score: [0.5  0.5  0.5  0.55 0.5 ] --> (0.51 +- 0.02)
SVM classification test score: [0.5   0.5   0.5   0.575 0.5  ] --> (0.515 +- 0.03)



-------Circuit number: 2----L: 1----Dataset: Uniform_noise---------------------
Training time: [6.17433167 4.95331526 6.71959329 6.68817091 7.19232368] seconds --> (6.3455 +- 0.7671)
Test time: [4.12581801 3.40615273 4.65184236 4.30315685 5.46078372] seconds --> (4.3896 +- 0.6724)
SVM classification train score: [0.5875  0.5625  0.5     0.6125  0.58125] --> (0.5688 +- 0.0379)
SVM classification test score: [0.45  0.525 0.5   0.75  0.6  ] --> (0.565 +- 0.1044)



-------Circuit number: 3----L: 1----Dataset: Uniform_noise---------------------
Training time: [6.88695049 7.41023898 7.21428394 6.33560324 7.71970057] seconds --> (7.1134 +- 0.4737)
Test time: [4.84700441 4.12473631 4.58138108 4.54420185 5.06951952] seconds --> (4.6334 +- 0.3179)
SVM classification train score: [0.5875  0.50625 0.5     0.56875 0.675  ] --> (0.5675 +- 0.0637)
SVM classification test score: [0.475 0.5   0.5   0.725 0.625] --> (0.565 +- 0.0957)



-------Circuit number: 4----L: 1----Dataset: Uniform_noise---------------------
Training time: [7.73410702 5.83142829 7.48294044 6.88362312 7.55195975] seconds --> (7.0968 +- 0.6941)
Test time: [5.22146773 4.2263763  5.13059187 5.26719475 5.15548992] seconds --> (5.0002 +- 0.3899)
SVM classification train score: [0.5875  0.5625  0.5     0.6125  0.58125] --> (0.5688 +- 0.0379)
SVM classification test score: [0.45  0.525 0.5   0.75  0.6  ] --> (0.565 +- 0.1044)



-------Circuit number: 5----L: 1----Dataset: Uniform_noise---------------------
Training time: [6.97526145 7.40726852 6.59848595 7.40537167 9.22896957] seconds --> (7.5231 +- 0.9047)
Test time: [5.1145699  4.51692605 4.9031291  5.70247245 5.26473188] seconds --> (5.1004 +- 0.3922)
SVM classification train score: [0.5875  0.5625  0.5     0.6125  0.58125] --> (0.5688 +- 0.0379)
SVM classification test score: [0.45  0.525 0.5   0.75  0.6  ] --> (0.565 +- 0.1044)



-------Circuit number: 6----L: 1----Dataset: Uniform_noise---------------------
Training time: [ 9.70374846 12.00697231 11.03280449 11.66873932 13.24605799] seconds --> (11.5317 +- 1.164)
Test time: [7.18968439 7.72717786 8.40902901 7.95775867 8.72989702] seconds --> (8.0027 +- 0.5353)
SVM classification train score: [0.5     0.50625 0.5     0.53125 0.63125] --> (0.5338 +- 0.0501)
SVM classification test score: [0.5   0.5   0.5   0.525 0.575] --> (0.52 +- 0.0292)



-------Circuit number: 7----L: 1----Dataset: Uniform_noise---------------------
Training time: [ 8.85208631  9.15129805  8.87550092  9.66082478 10.22793722] seconds --> (9.3535 +- 0.5253)
Test time: [6.32019401 6.25448775 6.50413179 5.96945572 7.07370162] seconds --> (6.4244 +- 0.3673)
SVM classification train score: [0.5     0.5     0.5     0.6     0.66875] --> (0.5538 +- 0.0693)
SVM classification test score: [0.5   0.5   0.5   0.775 0.55 ] --> (0.565 +- 0.1068)



-------Circuit number: 8----L: 1----Dataset: Uniform_noise---------------------
Training time: [ 8.71874142  9.71678257 10.35608625  9.79555845 13.43366528] seconds --> (10.4042 +- 1.604)
Test time: [6.64714408 7.14119911 6.31381011 8.30119991 8.33470106] seconds --> (7.3476 +- 0.8349)
SVM classification train score: [0.55625 0.53125 0.525   0.5375  0.60625] --> (0.5512 +- 0.0294)
SVM classification test score: [0.4   0.525 0.5   0.7   0.525] --> (0.53 +- 0.0967)



-------Circuit number: 9----L: 1----Dataset: Uniform_noise---------------------
Training time: [11.02485847 11.35321283 14.2351861  12.37331486 13.92898893] seconds --> (12.5831 +- 1.3058)
Test time: [7.74080062 8.00074744 9.56578135 8.46211147 9.97120571] seconds --> (8.7481 +- 0.874)
SVM classification train score: [0.5    0.5    0.5125 0.5125 0.5   ] --> (0.505 +- 0.0061)
SVM classification test score: [0.5   0.5   0.525 0.575 0.5  ] --> (0.52 +- 0.0292)



-------Circuit number: 10----L: 1----Dataset: Uniform_noise---------------------
Training time: [11.89130211 14.20897245 12.58189869 14.6697824  14.5446887 ] seconds --> (13.5793 +- 1.128)
Test time: [ 9.68917584 10.07334471  9.49660897  9.97147274  9.91053843] seconds --> (9.8282 +- 0.2082)
SVM classification train score: [0.4875  0.5625  0.5     0.525   0.48125] --> (0.5113 +- 0.0297)
SVM classification test score: [0.525 0.6   0.5   0.475 0.525] --> (0.525 +- 0.0418)



-------Circuit number: 0----L: 1----Dataset: Gauss_noise---------------------
Training time: [10.4197433  12.39476252 12.44098973 13.12123656 13.34998631] seconds --> (12.3453 +- 1.0326)
Test time: [7.19455791 7.91752195 8.20985365 8.40602851 9.50239325] seconds --> (8.2461 +- 0.7508)
SVM classification train score: [0.5     0.50625 0.4875  0.575   0.51875] --> (0.5175 +- 0.0305)
SVM classification test score: [0.5   0.425 0.475 0.35  0.45 ] --> (0.44 +- 0.0515)



-------Circuit number: 1----L: 1----Dataset: Gauss_noise---------------------
Training time: [6.27981281 6.4479382  6.76337647 6.29913235 5.96289587] seconds --> (6.3506 +- 0.2599)
Test time: [3.45766711 3.98142242 4.13529563 3.35746312 4.24475908] seconds --> (3.8353 +- 0.3605)
SVM classification train score: [0.5 0.5 0.5 0.5 0.5] --> (0.5 +- 0.0)
SVM classification test score: [0.5 0.5 0.5 0.5 0.5] --> (0.5 +- 0.0)



-------Circuit number: 2----L: 1----Dataset: Gauss_noise---------------------
Training time: [7.46308303 7.47497869 7.8581419  5.95463586 8.59411836] seconds --> (7.469 +- 0.8615)
Test time: [5.50739241 5.27078438 4.84986734 3.61526346 5.96077728] seconds --> (5.0408 +- 0.7982)
SVM classification train score: [0.51875 0.60625 0.54375 0.625   0.5    ] --> (0.5588 +- 0.0488)
SVM classification test score: [0.5   0.55  0.475 0.475 0.5  ] --> (0.5 +- 0.0274)



-------Circuit number: 3----L: 1----Dataset: Gauss_noise---------------------
Training time: [7.78221941 7.71984863 8.50369692 7.57568026 9.10361409] seconds --> (8.137 +- 0.5803)
Test time: [5.10983634 6.42196655 4.73941946 4.58097076 5.34974384] seconds --> (5.2404 +- 0.6498)
SVM classification train score: [0.5     0.61875 0.50625 0.60625 0.5    ] --> (0.5462 +- 0.0543)
SVM classification test score: [0.5 0.5 0.5 0.5 0.5] --> (0.5 +- 0.0)



-------Circuit number: 4----L: 1----Dataset: Gauss_noise---------------------
Training time: [6.86005831 7.59117699 7.18911648 6.29938984 8.09971476] seconds --> (7.2079 +- 0.6146)
Test time: [4.53364396 5.30014563 4.55441499 4.55636716 4.66137218] seconds --> (4.7212 +- 0.2929)
SVM classification train score: [0.51875 0.60625 0.54375 0.625   0.5    ] --> (0.5588 +- 0.0488)
SVM classification test score: [0.5   0.55  0.475 0.475 0.5  ] --> (0.5 +- 0.0274)



-------Circuit number: 5----L: 1----Dataset: Gauss_noise---------------------
Training time: [7.53345275 8.04236484 6.98570752 6.4818213  8.17430973] seconds --> (7.4435 +- 0.638)
Test time: [4.77104926 5.17970061 4.9711175  4.43180633 5.7320106 ] seconds --> (5.0171 +- 0.4342)
SVM classification train score: [0.51875 0.60625 0.54375 0.625   0.5    ] --> (0.5588 +- 0.0488)
SVM classification test score: [0.5   0.55  0.475 0.475 0.5  ] --> (0.5 +- 0.0274)



-------Circuit number: 6----L: 1----Dataset: Gauss_noise---------------------
Training time: [10.86543679 11.66759968 10.32199121 10.18429685 11.12642074] seconds --> (10.8331 +- 0.5414)
Test time: [7.00642848 7.33195806 5.70872998 7.16799641 7.66810942] seconds --> (6.9766 +- 0.6707)
SVM classification train score: [0.5     0.5     0.5     0.56875 0.5    ] --> (0.5138 +- 0.0275)
SVM classification test score: [0.5   0.5   0.5   0.475 0.5  ] --> (0.495 +- 0.01)



-------Circuit number: 7----L: 1----Dataset: Gauss_noise---------------------
Training time: [9.03551793 9.41178823 8.74899912 8.20471168 9.72226882] seconds --> (9.0247 +- 0.5263)
Test time: [6.21528435 6.68787885 5.44318867 5.59794879 6.22466111] seconds --> (6.0338 +- 0.4552)
SVM classification train score: [0.5     0.5     0.51875 0.59375 0.5    ] --> (0.5225 +- 0.0364)
SVM classification test score: [0.5   0.5   0.525 0.625 0.5  ] --> (0.53 +- 0.0485)



-------Circuit number: 8----L: 1----Dataset: Gauss_noise---------------------
Training time: [ 9.72389269  8.88930035  7.86774611 10.18407679 11.08888626] seconds --> (9.5508 +- 1.1015)
Test time: [6.17183328 6.41880846 6.18615365 7.40529084 8.05677032] seconds --> (6.8478 +- 0.7551)
SVM classification train score: [0.5     0.5     0.50625 0.63125 0.5    ] --> (0.5275 +- 0.0519)
SVM classification test score: [0.525 0.5   0.5   0.55  0.5  ] --> (0.515 +- 0.02)



-------Circuit number: 9----L: 1----Dataset: Gauss_noise---------------------
Training time: [12.25428271 13.07694411 11.20079923 10.28928828 12.38607359] seconds --> (11.8415 +- 0.9811)
Test time: [8.24369431 8.5364511  8.6396842  7.19182634 8.15559673] seconds --> (8.1535 +- 0.513)
SVM classification train score: [0.5 0.5 0.5 0.5 0.5] --> (0.5 +- 0.0)
SVM classification test score: [0.5   0.5   0.5   0.775 0.5  ] --> (0.555 +- 0.11)



-------Circuit number: 10----L: 1----Dataset: Gauss_noise---------------------
Training time: [11.71950865 12.6554482  14.27899146 12.47437048 13.46182656] seconds --> (12.918 +- 0.8775)
Test time: [8.69618201 9.65289617 9.540694   9.33438849 9.01619482] seconds --> (9.2481 +- 0.3508)
SVM classification train score: [0.54375 0.49375 0.5     0.51875 0.55625] --> (0.5225 +- 0.0242)
SVM classification test score: [0.375 0.5   0.5   0.5   0.525] --> (0.48 +- 0.0534)



-------Circuit number: 0----L: 1----Dataset: Exponential_noise---------------------
Training time: [10.32378125 10.80539179 10.81842732  9.79663706 10.44216299] seconds --> (10.4373 +- 0.3753)
Test time: [7.32491112 7.66887951 6.83946991 7.02646971 7.71387291] seconds --> (7.3147 +- 0.3446)
SVM classification train score: [0.53125 0.5875  0.5125  0.5125  0.5    ] --> (0.5287 +- 0.031)
SVM classification test score: [0.5   0.6   0.525 0.5   0.5  ] --> (0.525 +- 0.0387)



-------Circuit number: 1----L: 1----Dataset: Exponential_noise---------------------
Training time: [4.45709062 6.15759706 5.56257915 4.97959876 6.82561421] seconds --> (5.5965 +- 0.8373)
Test time: [3.12756872 3.43604445 3.73939395 3.46811891 3.82515359] seconds --> (3.5193 +- 0.247)
SVM classification train score: [0.5    0.5    0.5    0.4875 0.5   ] --> (0.4975 +- 0.005)
SVM classification test score: [0.5  0.5  0.5  0.55 0.5 ] --> (0.51 +- 0.02)



-------Circuit number: 2----L: 1----Dataset: Exponential_noise---------------------
Training time: [6.30066323 6.41570425 6.56648111 6.05560517 7.40126228] seconds --> (6.5479 +- 0.4582)
Test time: [3.87860703 4.26581764 4.43760586 4.09520769 5.0183599 ] seconds --> (4.3391 +- 0.3868)
SVM classification train score: [0.5     0.5     0.5125  0.63125 0.5    ] --> (0.5287 +- 0.0515)
SVM classification test score: [0.5   0.5   0.475 0.7   0.5  ] --> (0.535 +- 0.0831)



-------Circuit number: 3----L: 1----Dataset: Exponential_noise---------------------
Training time: [6.21071672 7.19329667 7.77963328 6.33872533 7.96646762] seconds --> (7.0978 +- 0.72)
Test time: [4.04752946 4.57753134 4.22483373 4.2649138  4.60798097] seconds --> (4.3446 +- 0.2157)
SVM classification train score: [0.5    0.5    0.5    0.5875 0.5   ] --> (0.5175 +- 0.035)
SVM classification test score: [0.5 0.5 0.5 0.7 0.5] --> (0.54 +- 0.08)



-------Circuit number: 4----L: 1----Dataset: Exponential_noise---------------------
Training time: [7.6102879  7.11299038 6.13038135 6.46275592 8.12590504] seconds --> (7.0885 +- 0.7292)
Test time: [4.85256815 4.22477221 4.81670666 4.3102634  4.3933816 ] seconds --> (4.5195 +- 0.263)
SVM classification train score: [0.5     0.5     0.5125  0.63125 0.5    ] --> (0.5287 +- 0.0515)
SVM classification test score: [0.5   0.5   0.475 0.7   0.5  ] --> (0.535 +- 0.0831)



-------Circuit number: 5----L: 1----Dataset: Exponential_noise---------------------
Training time: [7.67862916 7.62706375 7.73663759 7.56149054 8.45536923] seconds --> (7.8118 +- 0.3269)
Test time: [4.79805613 4.74907017 4.24480677 4.75263667 5.11833787] seconds --> (4.7326 +- 0.2799)
SVM classification train score: [0.5     0.5     0.5125  0.63125 0.5    ] --> (0.5287 +- 0.0515)
SVM classification test score: [0.5   0.5   0.475 0.7   0.5  ] --> (0.535 +- 0.0831)



-------Circuit number: 6----L: 1----Dataset: Exponential_noise---------------------
Training time: [ 9.33048582  8.50495911 10.71295929 10.91978216 11.54583883] seconds --> (10.2028 +- 1.1155)
Test time: [7.30593944 6.18092251 7.26786685 6.91150475 6.82127595] seconds --> (6.8975 +- 0.4058)
SVM classification train score: [0.5 0.5 0.5 0.6 0.5] --> (0.52 +- 0.04)
SVM classification test score: [0.5   0.5   0.525 0.675 0.5  ] --> (0.54 +- 0.0682)



-------Circuit number: 7----L: 1----Dataset: Exponential_noise---------------------
Training time: [8.2378366  7.59951949 9.03041267 8.66262412 9.48994255] seconds --> (8.6041 +- 0.6501)
Test time: [5.52370334 5.41238642 5.69427586 5.28365159 6.41098428] seconds --> (5.665 +- 0.3966)
SVM classification train score: [0.56875 0.5     0.5125  0.65    0.5    ] --> (0.5462 +- 0.0578)
SVM classification test score: [0.575 0.5   0.625 0.75  0.5  ] --> (0.59 +- 0.093)



-------Circuit number: 8----L: 1----Dataset: Exponential_noise---------------------
Training time: [10.18615031  7.74688077  9.16695976 10.33311963  9.31324482] seconds --> (9.3493 +- 0.9242)
Test time: [7.46390319 4.54806471 6.0511694  6.94064593 5.81063032] seconds --> (6.1629 +- 1.0042)
SVM classification train score: [0.58125 0.5     0.50625 0.54375 0.54375] --> (0.535 +- 0.0295)
SVM classification test score: [0.525 0.5   0.5   0.55  0.525] --> (0.52 +- 0.0187)



-------Circuit number: 9----L: 1----Dataset: Exponential_noise---------------------
Training time: [10.67155433 11.48258495 10.34492874 12.53130531 11.36725855] seconds --> (11.2795 +- 0.7562)
Test time: [8.1316843  7.32806206 6.79636264 8.00724936 7.48033428] seconds --> (7.5487 +- 0.4836)
SVM classification train score: [0.5     0.5     0.50625 0.5     0.41875] --> (0.485 +- 0.0332)
SVM classification test score: [0.5   0.5   0.475 0.5   0.425] --> (0.48 +- 0.0292)



-------Circuit number: 10----L: 1----Dataset: Exponential_noise---------------------
Training time: [10.4454174  11.34012055 11.70117354 12.20755577 12.29381657] seconds --> (11.5976 +- 0.6725)
Test time: [7.2809968  7.18233871 7.60670805 8.64518857 7.93389034] seconds --> (7.7298 +- 0.5284)
SVM classification train score: [0.5     0.61875 0.66875 0.70625 0.56875] --> (0.6125 +- 0.0729)
SVM classification test score: [0.5   0.625 0.75  0.6   0.525] --> (0.6 +- 0.088)



-------Circuit number: 0----L: 1----Dataset: Gamma_noise---------------------
Training time: [11.49526811 11.56967473  9.50161195 11.37973499 10.46781492] seconds --> (10.8828 +- 0.7967)
Test time: [7.75589848 7.93098283 6.37025666 8.46418238 7.79761219] seconds --> (7.6638 +- 0.6945)
SVM classification train score: [0.5125  0.51875 0.50625 0.48125 0.53125] --> (0.51 +- 0.0166)
SVM classification test score: [0.525 0.5   0.5   0.5   0.475] --> (0.5 +- 0.0158)



-------Circuit number: 1----L: 1----Dataset: Gamma_noise---------------------
Training time: [5.41279221 5.60356069 5.17121148 5.00882769 6.59537697] seconds --> (5.5584 +- 0.5569)
Test time: [3.09768844 3.49442649 3.1650517  3.56968999 3.44858742] seconds --> (3.3551 +- 0.1879)
SVM classification train score: [0.5   0.5   0.5   0.525 0.5  ] --> (0.505 +- 0.01)
SVM classification test score: [0.5 0.5 0.5 0.5 0.5] --> (0.5 +- 0.0)



-------Circuit number: 2----L: 1----Dataset: Gamma_noise---------------------
Training time: [6.4659152  6.16777754 6.71337461 6.25295782 6.47547078] seconds --> (6.4151 +- 0.1911)
Test time: [3.71106672 3.81137943 4.06077766 3.934726   3.76332879] seconds --> (3.8563 +- 0.1263)
SVM classification train score: [0.5    0.5    0.5125 0.5    0.5   ] --> (0.5025 +- 0.005)
SVM classification test score: [0.5 0.5 0.5 0.5 0.5] --> (0.5 +- 0.0)



-------Circuit number: 3----L: 1----Dataset: Gamma_noise---------------------
Training time: [5.84641027 7.11866665 6.06846762 6.9162581  6.54384661] seconds --> (6.4987 +- 0.484)
Test time: [3.49389648 4.00636172 3.39126039 4.59398103 4.38472152] seconds --> (3.974 +- 0.4742)
SVM classification train score: [0.5     0.5     0.51875 0.5     0.55   ] --> (0.5137 +- 0.0195)
SVM classification test score: [0.5   0.5   0.525 0.5   0.5  ] --> (0.505 +- 0.01)



-------Circuit number: 4----L: 1----Dataset: Gamma_noise---------------------
Training time: [5.15294623 6.87999868 6.2644608  5.74604487 6.89476967] seconds --> (6.1876 +- 0.671)
Test time: [3.94682312 3.59722018 3.48222661 3.74103165 3.82815123] seconds --> (3.7191 +- 0.1644)
SVM classification train score: [0.5    0.5    0.5125 0.5    0.5   ] --> (0.5025 +- 0.005)
SVM classification test score: [0.5 0.5 0.5 0.5 0.5] --> (0.5 +- 0.0)



-------Circuit number: 5----L: 1----Dataset: Gamma_noise---------------------
Training time: [5.31565619 5.87141967 6.60284066 5.93532252 6.83957624] seconds --> (6.113 +- 0.5465)
Test time: [4.32065535 3.80856276 3.78368568 4.22857165 4.69441056] seconds --> (4.1672 +- 0.3409)
SVM classification train score: [0.5    0.5    0.5125 0.5    0.5   ] --> (0.5025 +- 0.005)
SVM classification test score: [0.5 0.5 0.5 0.5 0.5] --> (0.5 +- 0.0)



-------Circuit number: 6----L: 1----Dataset: Gamma_noise---------------------
Training time: [ 7.4997201   8.47205925 10.00289106  8.33793283 11.03591442] seconds --> (9.0697 +- 1.2723)
Test time: [6.40797019 5.64785242 7.2087965  6.38837481 7.20112133] seconds --> (6.5708 +- 0.5858)
SVM classification train score: [0.5     0.5     0.525   0.5     0.60625] --> (0.5262 +- 0.0412)
SVM classification test score: [0.5   0.5   0.525 0.5   0.5  ] --> (0.505 +- 0.01)



-------Circuit number: 7----L: 1----Dataset: Gamma_noise---------------------
Training time: [7.59421992 8.08746386 8.50272155 9.00157118 8.02483726] seconds --> (8.2422 +- 0.4766)
Test time: [5.56690454 4.88329887 5.66766047 5.94746971 4.71890855] seconds --> (5.3568 +- 0.4735)
SVM classification train score: [0.5     0.5     0.56875 0.5     0.5    ] --> (0.5138 +- 0.0275)
SVM classification test score: [0.5  0.5  0.55 0.5  0.5 ] --> (0.51 +- 0.02)



-------Circuit number: 8----L: 1----Dataset: Gamma_noise---------------------
Training time: [9.03470516 9.07066059 8.22488379 8.37563848 9.8495338 ] seconds --> (8.9111 +- 0.5795)
Test time: [6.79058647 5.63435292 5.81131172 5.58320832 6.71791077] seconds --> (6.1075 +- 0.534)
SVM classification train score: [0.51875 0.5     0.54375 0.5     0.6375 ] --> (0.54 +- 0.0513)
SVM classification test score: [0.525 0.5   0.525 0.5   0.575] --> (0.525 +- 0.0274)



-------Circuit number: 9----L: 1----Dataset: Gamma_noise---------------------
Training time: [10.95520711  7.68129945 10.78294873  9.50973606 11.02084589] seconds --> (9.99 +- 1.2794)
Test time: [6.54150105 5.24172616 7.38067698 6.53832722 6.84370875] seconds --> (6.5092 +- 0.7042)
SVM classification train score: [0.54375 0.50625 0.5     0.5     0.525  ] --> (0.515 +- 0.017)
SVM classification test score: [0.425 0.425 0.5   0.5   0.5  ] --> (0.47 +- 0.0367)



-------Circuit number: 10----L: 1----Dataset: Gamma_noise---------------------
Training time: [11.83537936 11.28245211  9.82141018 12.08206296 10.53831768] seconds --> (11.1119 +- 0.8352)
Test time: [6.6215992  8.28984761 7.56559539 8.88917732 8.46278811] seconds --> (7.9658 +- 0.7965)
SVM classification train score: [0.48125 0.53125 0.51875 0.5375  0.51875] --> (0.5175 +- 0.0195)
SVM classification test score: [0.55  0.55  0.5   0.475 0.45 ] --> (0.505 +- 0.04)



-------Circuit number: 0----L: 1----Dataset: Aleatory---------------------
Training time: [9.18134809 9.97882438 8.62841272 9.45393395 9.40926313] seconds --> (9.3304 +- 0.4375)
Test time: [7.41909885 9.42606807 7.38638353 7.9247427  7.99684858] seconds --> (8.0306 +- 0.7414)
SVM classification train score: [0.52777778 0.60555556 0.63333333 0.52777778 0.53333333] --> (0.5656 +- 0.0449)
SVM classification test score: [0.53333333 0.57777778 0.53333333 0.53333333 0.51111111] --> (0.5378 +- 0.0218)



-------Circuit number: 1----L: 1----Dataset: Aleatory---------------------
Training time: [5.65344143 5.11369324 4.41470361 5.15935397 5.48589349] seconds --> (5.1654 +- 0.4259)
Test time: [3.8250668  3.67454076 3.822124   3.69244432 4.10201192] seconds --> (3.8232 +- 0.1529)
SVM classification train score: [0.52777778 0.5        0.52777778 0.52777778 0.46666667] --> (0.51 +- 0.0242)
SVM classification test score: [0.53333333 0.48888889 0.53333333 0.53333333 0.48888889] --> (0.5156 +- 0.0218)



-------Circuit number: 2----L: 1----Dataset: Aleatory---------------------
Training time: [6.12468076 6.85247731 6.76524973 6.262532   7.64757037] seconds --> (6.7305 +- 0.5372)
Test time: [4.65970969 4.69390512 4.68950343 5.30308652 6.25871897] seconds --> (5.121 +- 0.6179)
SVM classification train score: [0.52777778 0.60555556 0.52777778 0.53333333 0.51111111] --> (0.5411 +- 0.0331)
SVM classification test score: [0.53333333 0.44444444 0.53333333 0.51111111 0.55555556] --> (0.5156 +- 0.0382)



-------Circuit number: 3----L: 1----Dataset: Aleatory---------------------
Training time: [5.93451858 7.75106835 7.54646111 7.14396954 8.91080594] seconds --> (7.4574 +- 0.9617)
Test time: [4.45414615 5.51344824 5.22957778 4.99860144 6.55674672] seconds --> (5.3505 +- 0.6962)
SVM classification train score: [0.52777778 0.48888889 0.55       0.53333333 0.52222222] --> (0.5244 +- 0.0201)
SVM classification test score: [0.53333333 0.31111111 0.48888889 0.53333333 0.57777778] --> (0.4889 +- 0.0932)



-------Circuit number: 4----L: 1----Dataset: Aleatory---------------------
Training time: [ 6.85722971  8.39027834  7.69174433  7.27045941 10.01499915] seconds --> (8.0449 +- 1.1078)
Test time: [5.54196548 5.33425522 5.71987271 5.7125175  7.55312848] seconds --> (5.9723 +- 0.8028)
SVM classification train score: [0.52777778 0.60555556 0.52777778 0.53333333 0.51111111] --> (0.5411 +- 0.0331)
SVM classification test score: [0.53333333 0.44444444 0.53333333 0.51111111 0.55555556] --> (0.5156 +- 0.0382)



-------Circuit number: 5----L: 1----Dataset: Aleatory---------------------
Training time: [7.88789845 8.75591373 8.2367568  8.00703645 9.80777454] seconds --> (8.5391 +- 0.7007)
Test time: [5.63535905 6.24286056 6.57244205 6.80092931 7.78568172] seconds --> (6.6075 +- 0.7078)
SVM classification train score: [0.52777778 0.60555556 0.52777778 0.53333333 0.51111111] --> (0.5411 +- 0.0331)
SVM classification test score: [0.53333333 0.44444444 0.53333333 0.51111111 0.55555556] --> (0.5156 +- 0.0382)



-------Circuit number: 6----L: 1----Dataset: Aleatory---------------------
Training time: [12.26759243 11.60275102 11.79654932 10.96864772 13.010571  ] seconds --> (11.9292 +- 0.6827)
Test time: [9.87849832 8.78244495 7.81846333 8.00739241 9.63130283] seconds --> (8.8236 +- 0.8299)
SVM classification train score: [0.53333333 0.48888889 0.64444444 0.52777778 0.5       ] --> (0.5389 +- 0.0553)
SVM classification test score: [0.51111111 0.33333333 0.57777778 0.53333333 0.51111111] --> (0.4933 +- 0.0836)



-------Circuit number: 7----L: 1----Dataset: Aleatory---------------------
Training time: [ 9.53103995 10.2957201   9.18957496  7.70853186  9.44201946] seconds --> (9.2334 +- 0.8471)
Test time: [6.06504703 8.60008478 7.51070833 7.50767803 9.30651164] seconds --> (7.798 +- 1.1035)
SVM classification train score: [0.52777778 0.53333333 0.52777778 0.52777778 0.46666667] --> (0.5167 +- 0.0251)
SVM classification test score: [0.53333333 0.35555556 0.53333333 0.53333333 0.48888889] --> (0.4889 +- 0.0689)



-------Circuit number: 8----L: 1----Dataset: Aleatory---------------------
Training time: [10.28654695 12.30253172 10.46383095  8.89350152 10.61814928] seconds --> (10.5129 +- 1.0854)
Test time: [7.16410351 9.15081859 7.40063596 7.80345488 9.19702005] seconds --> (8.1432 +- 0.8662)
SVM classification train score: [0.54444444 0.57222222 0.5        0.52777778 0.52777778] --> (0.5344 +- 0.0237)
SVM classification test score: [0.55555556 0.48888889 0.44444444 0.53333333 0.51111111] --> (0.5067 +- 0.0382)



-------Circuit number: 9----L: 1----Dataset: Aleatory---------------------
Training time: [10.69946647 10.60045433 11.88865113 10.19341326 11.91573119] seconds --> (11.0595 +- 0.7087)
Test time: [9.90112281 9.23267961 8.45685053 9.78005338 9.86435413] seconds --> (9.447 +- 0.5509)
SVM classification train score: [0.52777778 0.54444444 0.58333333 0.52777778 0.55      ] --> (0.5467 +- 0.0204)
SVM classification test score: [0.53333333 0.44444444 0.6        0.53333333 0.55555556] --> (0.5333 +- 0.0507)



-------Circuit number: 10----L: 1----Dataset: Aleatory---------------------
Training time: [12.68407249 12.9856391  12.6683085  11.3447156  10.24784279] seconds --> (11.9861 +- 1.0377)
Test time: [10.48788476  9.40198731  9.32246685  9.19355536  7.74304938] seconds --> (9.2298 +- 0.8755)
SVM classification train score: [0.56111111 0.59444444 0.56111111 0.59444444 0.58333333] --> (0.5789 +- 0.0151)
SVM classification test score: [0.55555556 0.46666667 0.48888889 0.57777778 0.53333333] --> (0.5244 +- 0.0412)



-------Circuit number: 0----L: 1----Dataset: Bank---------------------
Training time: [21.62021303 20.44037223 31.9663415  21.37465191 25.81632209] seconds --> (24.2436 +- 4.2823)
Test time: [120.63290524 102.06888771 136.74591851 108.71573496 116.07102251] seconds --> (116.8469 +- 11.7933)
SVM classification train score: [0.83500456 0.52233364 0.89526412 0.84790528 0.7996357 ] --> (0.78 +- 0.1324)
SVM classification test score: [0.83272727 0.50181818 0.88686131 0.82116788 0.76277372] --> (0.7611 +- 0.1355)



-------Circuit number: 1----L: 1----Dataset: Bank---------------------
Training time: [6.76675916 7.23004794 8.93316817 8.32766628 8.12526274] seconds --> (7.8766 +- 0.7786)
Test time: [36.23712134 35.35279274 39.75909543 37.33197284 40.65025735] seconds --> (37.8662 +- 2.0293)
SVM classification train score: [0.55515041 0.50045579 0.55555556 0.55555556 0.48816029] --> (0.531 +- 0.0302)
SVM classification test score: [0.55636364 0.46545455 0.55474453 0.55474453 0.45985401] --> (0.5182 +- 0.0454)



-------Circuit number: 2----L: 1----Dataset: Bank---------------------
Training time: [4.53553772 6.27926159 6.23916197 5.52457833 6.39749098] seconds --> (5.7952 +- 0.7006)
Test time: [26.30188775 23.59565687 21.19761419 19.47724462 27.12277913] seconds --> (23.539 +- 2.9141)
SVM classification train score: [0.94074749 0.92251595 0.92440801 0.95628415 0.93715847] --> (0.9362 +- 0.0123)
SVM classification test score: [0.94545455 0.89090909 0.89051095 0.94525547 0.92335766] --> (0.9191 +- 0.0245)



-------Circuit number: 3----L: 1----Dataset: Bank---------------------
Training time: [6.11055446 6.46942282 6.72802091 6.24087238 7.90136147] seconds --> (6.69 +- 0.6411)
Test time: [25.45065784 23.88535857 27.19184685 28.38725209 29.19682908] seconds --> (26.8224 +- 1.9355)
SVM classification train score: [0.95806746 0.77119417 0.94899818 0.96721311 0.94262295] --> (0.9176 +- 0.0737)
SVM classification test score: [0.96       0.71272727 0.9379562  0.95985401 0.92335766] --> (0.8988 +- 0.0941)



-------Circuit number: 4----L: 1----Dataset: Bank---------------------
Training time: [6.62733245 8.02471256 8.12282848 7.29912758 9.34208488] seconds --> (7.8832 +- 0.9082)
Test time: [32.66012311 29.23857975 28.44868851 26.89086747 41.8741045 ] seconds --> (31.8225 +- 5.3687)
SVM classification train score: [0.94074749 0.92251595 0.92440801 0.95628415 0.93715847] --> (0.9362 +- 0.0123)
SVM classification test score: [0.94545455 0.89090909 0.89051095 0.94525547 0.92335766] --> (0.9191 +- 0.0245)



-------Circuit number: 5----L: 1----Dataset: Bank---------------------
Training time: [ 7.72269917  8.79332423 15.51000571  5.6828537   7.5747385 ] seconds --> (9.0567 +- 3.3786)
Test time: [36.02269149 31.74354982 34.74846697 23.70909047 35.45860791] seconds --> (32.3365 +- 4.5593)
SVM classification train score: [0.94074749 0.92251595 0.92440801 0.95628415 0.93715847] --> (0.9362 +- 0.0123)
SVM classification test score: [0.94545455 0.89090909 0.89051095 0.94525547 0.92335766] --> (0.9191 +- 0.0245)



-------Circuit number: 6----L: 1----Dataset: Bank---------------------
Training time: [ 8.5536983  11.60975599  8.73747253  9.50790977 10.33706713] seconds --> (9.7492 +- 1.1241)
Test time: [48.32404304 45.45987844 35.54983139 26.82451177 44.4212923 ] seconds --> (40.1159 +- 7.8991)
SVM classification train score: [0.93436645 0.95168642 0.93624772 0.99089253 0.96630237] --> (0.9559 +- 0.021)
SVM classification test score: [0.92       0.93090909 0.9379562  0.99270073 0.97445255] --> (0.9512 +- 0.0277)



-------Circuit number: 7----L: 1----Dataset: Bank---------------------
Training time: [ 9.43256211 12.60816336  9.79753447 10.0545969  11.29512501] seconds --> (10.6376 +- 1.1673)
Test time: [43.04882765 48.84333277 36.93275881 43.4881165  54.15933394] seconds --> (45.2945 +- 5.8207)
SVM classification train score: [0.62260711 0.86326345 0.58925319 0.95355191 0.83970856] --> (0.7737 +- 0.1425)
SVM classification test score: [0.58909091 0.80363636 0.58759124 0.94160584 0.85036496] --> (0.7545 +- 0.1427)



-------Circuit number: 8----L: 1----Dataset: Bank---------------------
Training time: [11.71715713 10.29245782 10.52604699 12.20986509 14.73469949] seconds --> (11.896 +- 1.5898)
Test time: [60.15984368 48.82945013 40.94282842 54.61850548 58.13514972] seconds --> (52.5372 +- 6.9563)
SVM classification train score: [0.94621696 0.92980857 0.95628415 0.94262295 0.94535519] --> (0.9441 +- 0.0085)
SVM classification test score: [0.92       0.91272727 0.96350365 0.94890511 0.94160584] --> (0.9373 +- 0.0187)



-------Circuit number: 9----L: 1----Dataset: Bank---------------------
Training time: [21.24346066 23.33613443 28.13529015 26.44180346 23.37892771] seconds --> (24.5071 +- 2.4577)
Test time: [111.65793657 119.45166922 133.25024462 125.25122905 114.68435884] seconds --> (120.8591 +- 7.7149)
SVM classification train score: [0.62078396 0.63628077 0.64480874 0.59836066 0.46448087] --> (0.5929 +- 0.0661)
SVM classification test score: [0.58545455 0.60363636 0.57664234 0.58029197 0.45255474] --> (0.5597 +- 0.0544)



-------Circuit number: 10----L: 1----Dataset: Bank---------------------
Training time: [26.1752286  29.02561975 38.56199908 36.8959353  41.14669347] seconds --> (34.3611 +- 5.7549)
Test time: [148.54180813 144.33174181 194.96619296 186.87521744 168.15394449] seconds --> (168.5738 +- 20.1029)
SVM classification train score: [0.68550593 0.48040109 0.71220401 0.58652095 0.4726776 ] --> (0.5875 +- 0.0998)
SVM classification test score: [0.63272727 0.47636364 0.70437956 0.58394161 0.47080292] --> (0.5736 +- 0.0903)



-------Circuit number: 0----L: 1----Dataset: Heart---------------------
Training time: [ 819.58655119 1040.06873035 1113.01935148  999.29971719  952.11446571] seconds --> (984.8178 +- 98.0499)
Test time: [1109.68867707 1116.79132867 1269.16074872 1190.0651319  1142.42959642] seconds --> (1165.6271 +- 58.9383)
SVM classification train score: [0.60743802 0.84297521 0.80578512 0.6255144  0.82716049] --> (0.7418 +- 0.1031)
SVM classification test score: [0.54098361 0.6557377  0.78688525 0.55       0.75      ] --> (0.6567 +- 0.1004)



-------Circuit number: 1----L: 1----Dataset: Heart---------------------
Training time: [20.46368003 25.3146143  30.7835362  24.81195593 25.93186903] seconds --> (25.4611 +- 3.2853)
Test time: [26.52898335 27.2622869  32.94605923 30.07926774 29.81516671] seconds --> (29.3264 +- 2.2801)
SVM classification train score: [0.54545455 0.5661157  0.54545455 0.54320988 0.51028807] --> (0.5421 +- 0.018)
SVM classification test score: [0.54098361 0.54098361 0.54098361 0.55       0.63333333] --> (0.5613 +- 0.0362)



-------Circuit number: 2----L: 1----Dataset: Heart---------------------
Training time: [44.99095273 62.98611951 79.523036   55.66618991 60.93568325] seconds --> (60.8204 +- 11.2395)
Test time: [63.54067802 67.37966561 74.09887528 54.19591618 79.78988528] seconds --> (67.801 +- 8.7957)
SVM classification train score: [0.58677686 0.8677686  0.82231405 0.60493827 0.83539095] --> (0.7434 +- 0.1215)
SVM classification test score: [0.57377049 0.7704918  0.7704918  0.55       0.78333333] --> (0.6896 +- 0.1047)



-------Circuit number: 3----L: 1----Dataset: Heart---------------------
Training time: [ 74.66795397  98.73467469 110.31982207  80.00954413  89.5316031 ] seconds --> (90.6527 +- 12.8231)
Test time: [ 90.32453871 114.25703692 110.87034917  85.60446143 112.03098631] seconds --> (102.6175 +- 12.1059)
SVM classification train score: [0.59917355 0.87190083 0.78512397 0.60493827 0.55144033] --> (0.6825 +- 0.1237)
SVM classification test score: [0.55737705 0.70491803 0.75409836 0.55       0.53333333] --> (0.6199 +- 0.0911)



-------Circuit number: 4----L: 1----Dataset: Heart---------------------
Training time: [70.38874722 76.92254639 97.40416741 71.0464921  75.84706712] seconds --> (78.3218 +- 9.8801)
Test time: [ 94.50264812  87.25560141 105.5484705   69.4179759   94.18848586] seconds --> (90.1826 +- 11.921)
SVM classification train score: [0.58677686 0.8677686  0.82231405 0.60493827 0.83539095] --> (0.7434 +- 0.1215)
SVM classification test score: [0.57377049 0.7704918  0.7704918  0.55       0.78333333] --> (0.6896 +- 0.1047)



-------Circuit number: 5----L: 1----Dataset: Heart---------------------
Training time: [ 86.02814794 125.26124787 144.21897793  97.41070151 105.61217999] seconds --> (111.7063 +- 20.6963)
Test time: [112.13747239 142.84119964 147.41928267  97.16537404 137.75127387] seconds --> (127.4629 +- 19.4597)
SVM classification train score: [0.58677686 0.8677686  0.82231405 0.60493827 0.83539095] --> (0.7434 +- 0.1215)
SVM classification test score: [0.57377049 0.7704918  0.7704918  0.55       0.78333333] --> (0.6896 +- 0.1047)



-------Circuit number: 6----L: 1----Dataset: Heart---------------------
Training time: [388.53616595 475.48995852 605.47648287 417.09198785 400.07104993] seconds --> (457.3331 +- 79.8842)
Test time: [514.62975788 544.50176597 614.44782805 469.60170889 549.66895914] seconds --> (538.57 +- 47.4248)
SVM classification train score: [0.60743802 0.90082645 0.83057851 0.60493827 0.80658436] --> (0.7501 +- 0.1215)
SVM classification test score: [0.55737705 0.72131148 0.75409836 0.55       0.8       ] --> (0.6766 +- 0.1034)



-------Circuit number: 7----L: 1----Dataset: Heart---------------------
Training time: [335.98463082 462.23170948 577.38128018 398.1723969  463.66641164] seconds --> (447.4873 +- 80.2701)
Test time: [427.8725903  559.88278699 551.4598968  411.48693323 580.07899427] seconds --> (506.1562 +- 71.4061)
SVM classification train score: [0.83057851 0.83471074 0.88429752 0.60493827 0.83127572] --> (0.7972 +- 0.0982)
SVM classification test score: [0.75409836 0.86885246 0.86885246 0.6        0.78333333] --> (0.775 +- 0.0987)



-------Circuit number: 8----L: 1----Dataset: Heart---------------------
Training time: [387.02745104 404.95442414 509.30657482 429.32750964 422.52926397] seconds --> (430.629 +- 41.9946)
Test time: [513.87246871 484.99321342 544.72198319 469.53070331 529.15128136] seconds --> (508.4539 +- 27.7075)
SVM classification train score: [0.78512397 0.86363636 0.83057851 0.62139918 0.51851852] --> (0.7239 +- 0.1322)
SVM classification test score: [0.70491803 0.60655738 0.73770492 0.55       0.46666667] --> (0.6132 +- 0.0994)



-------Circuit number: 9----L: 1----Dataset: Heart---------------------
Training time: [568.33145595 842.82969189 900.74220586 613.03176498 446.71728539] seconds --> (674.3305 +- 171.1463)
Test time: [ 595.46559668 1054.29450727 1001.39674067  473.58298731  580.53608131] seconds --> (741.0552 +- 238.4956)
SVM classification train score: [0.60743802 0.81404959 0.80991736 0.6090535  0.51440329] --> (0.671 +- 0.1201)
SVM classification test score: [0.54098361 0.67213115 0.7704918  0.55       0.46666667] --> (0.6001 +- 0.1077)



-------Circuit number: 10----L: 1----Dataset: Heart---------------------
Training time: [1348.72608542 1023.09420586 1171.95973325 1344.28437543 1750.52426386] seconds --> (1327.7177 +- 243.5312)
Test time: [1366.06839156 1141.6955862  1398.03007197 1658.06477046 2013.38198686] seconds --> (1515.4482 +- 298.0167)
SVM classification train score: [0.60743802 0.73140496 0.76859504 0.59670782 0.52263374] --> (0.6454 +- 0.0911)
SVM classification test score: [0.54098361 0.68852459 0.67213115 0.55       0.46666667] --> (0.5837 +- 0.0842)







