-------Circuit number: 0----L: 2----Dataset: Ad hoc---------------------
Training time: [6.06256485 6.36923742 5.76105332 5.66567731 6.38397098] seconds --> (6.0485 +- 0.2983)
Test time: [0.98726749 1.7609756  1.66968608 1.49243593 2.17285728] seconds --> (1.6166 +- 0.3859)
SVM classification train score: [0.9875 1.     1.     1.     0.9875] --> (0.995 +- 0.0061)
SVM classification test score: [1. 1. 1. 1. 1.] --> (1.0 +- 0.0)



-------Circuit number: 1----L: 2----Dataset: Ad hoc---------------------
Training time: [7.0378418  7.78314137 6.62466931 8.48903227 7.50669456] seconds --> (7.4883 +- 0.6384)
Test time: [2.35146976 2.47835302 2.3128705  2.5654223  2.32495403] seconds --> (2.4066 +- 0.0989)
SVM classification train score: [0.5    0.5    0.5    0.5375 0.5   ] --> (0.5075 +- 0.015)
SVM classification test score: [0.45 0.5  0.5  0.65 0.5 ] --> (0.52 +- 0.0678)



-------Circuit number: 2----L: 2----Dataset: Ad hoc---------------------
Training time: [10.93827891  9.34763813 11.17149925  8.75819802  9.83453774] seconds --> (10.01 +- 0.9217)
Test time: [3.22374678 3.35907888 3.30908799 2.8428309  3.53555298] seconds --> (3.2541 +- 0.2295)
SVM classification train score: [0.65   0.5625 0.5    0.65   0.55  ] --> (0.5825 +- 0.0589)
SVM classification test score: [0.65 0.6  0.5  0.65 0.55] --> (0.59 +- 0.0583)



-------Circuit number: 3----L: 2----Dataset: Ad hoc---------------------
Training time: [12.24677777 10.33212781  8.27664304 10.726403   10.86922121] seconds --> (10.4902 +- 1.2814)
Test time: [4.08407998 3.43767881 2.46643782 3.42192841 3.4614737 ] seconds --> (3.3743 +- 0.5181)
SVM classification train score: [0.7125 0.7    0.7    0.5    0.65  ] --> (0.6525 +- 0.0792)
SVM classification test score: [0.7  0.7  0.55 0.45 0.7 ] --> (0.62 +- 0.103)



-------Circuit number: 4----L: 2----Dataset: Ad hoc---------------------
Training time: [11.25088835 10.56697369 10.81294632 10.5150342  12.03344774] seconds --> (11.0359 +- 0.5625)
Test time: [4.0288291  3.21370077 4.13040924 3.6106174  4.12970018] seconds --> (3.8227 +- 0.3598)
SVM classification train score: [0.625  0.5375 0.575  0.7125 0.525 ] --> (0.595 +- 0.0683)
SVM classification test score: [0.55 0.5  0.45 0.5  0.55] --> (0.51 +- 0.0374)



-------Circuit number: 5----L: 2----Dataset: Ad hoc---------------------
Training time: [12.65835118 10.6969924  11.3187058  13.4409101  10.84169412] seconds --> (11.7913 +- 1.0766)
Test time: [4.06514645 3.34556699 4.07001758 4.6801784  3.76546049] seconds --> (3.9853 +- 0.4368)
SVM classification train score: [0.525  0.5625 0.475  0.575  0.525 ] --> (0.5325 +- 0.035)
SVM classification test score: [0.5  0.55 0.55 0.5  0.5 ] --> (0.52 +- 0.0245)



-------Circuit number: 6----L: 2----Dataset: Ad hoc---------------------
Training time: [20.65665269 18.71048236 19.13089013 22.12542582 22.32840157] seconds --> (20.5904 +- 1.4863)
Test time: [6.6237061  6.16558933 6.78650641 7.94392872 7.42751813] seconds --> (6.9894 +- 0.6256)
SVM classification train score: [0.65   0.4875 0.5875 0.5875 0.575 ] --> (0.5775 +- 0.0521)
SVM classification test score: [0.5  0.5  0.6  0.45 0.55] --> (0.52 +- 0.051)



-------Circuit number: 7----L: 2----Dataset: Ad hoc---------------------
Training time: [14.87485552 12.22042036 13.9727416  12.64197469 14.33829069] seconds --> (13.6097 +- 1.0129)
Test time: [5.11689591 4.66328669 4.23518729 3.82941937 4.5892179 ] seconds --> (4.4868 +- 0.4322)
SVM classification train score: [0.6625 0.6    0.5125 0.7    0.625 ] --> (0.62 +- 0.0635)
SVM classification test score: [0.8  0.55 0.5  0.6  0.65] --> (0.62 +- 0.103)



-------Circuit number: 8----L: 2----Dataset: Ad hoc---------------------
Training time: [18.59414005 14.6048665  13.85556555 18.41731143 16.36801004] seconds --> (16.368 +- 1.9275)
Test time: [6.30773187 4.52340412 5.43789363 5.12838101 6.52253962] seconds --> (5.584 +- 0.7428)
SVM classification train score: [0.7    0.5625 0.6125 0.7375 0.675 ] --> (0.6575 +- 0.0625)
SVM classification test score: [0.7  0.5  0.65 0.6  0.75] --> (0.64 +- 0.086)



-------Circuit number: 9----L: 2----Dataset: Ad hoc---------------------
Training time: [22.11980581 19.16455197 16.99846578 20.65955544 22.88914895] seconds --> (20.3663 +- 2.1124)
Test time: [6.40084291 6.79553866 5.28099942 7.74721384 7.20373893] seconds --> (6.6857 +- 0.8321)
SVM classification train score: [0.625 0.5   0.5   0.525 0.5  ] --> (0.53 +- 0.0485)
SVM classification test score: [0.5 0.5 0.5 0.5 0.5] --> (0.5 +- 0.0)



-------Circuit number: 10----L: 2----Dataset: Ad hoc---------------------
Training time: [26.51282644 21.9470129  19.07672787 24.71717644 23.75352693] seconds --> (23.2015 +- 2.5359)
Test time: [7.89695978 7.25750184 6.9458499  7.87187767 8.55717063] seconds --> (7.7059 +- 0.5599)
SVM classification train score: [0.55   0.5375 0.5375 0.6125 0.575 ] --> (0.5625 +- 0.0285)
SVM classification test score: [0.35 0.55 0.4  0.55 0.4 ] --> (0.45 +- 0.0837)



-------Circuit number: 0----L: 2----Dataset: Uniform_noise---------------------
Training time: [16.20865726 16.16948795 17.84383941 15.93659353 20.75477123] seconds --> (17.3827 +- 1.818)
Test time: [11.7296803  11.15254045 13.05008721 12.20281506 15.16427445] seconds --> (12.6599 +- 1.3979)
SVM classification train score: [0.60625 0.5875  0.49375 0.56875 0.60625] --> (0.5725 +- 0.0418)
SVM classification test score: [0.45  0.425 0.5   0.65  0.525] --> (0.51 +- 0.0784)



-------Circuit number: 1----L: 2----Dataset: Uniform_noise---------------------
Training time: [7.54014111 9.12061334 8.62797475 9.34407616 8.50096655] seconds --> (8.6268 +- 0.6253)
Test time: [4.87284875 4.71101332 5.62241197 6.06444788 5.67550945] seconds --> (5.3892 +- 0.5136)
SVM classification train score: [0.5    0.5    0.5    0.4875 0.5   ] --> (0.4975 +- 0.005)
SVM classification test score: [0.5   0.5   0.5   0.525 0.5  ] --> (0.505 +- 0.01)



-------Circuit number: 2----L: 2----Dataset: Uniform_noise---------------------
Training time: [ 9.36347866 11.57170296 12.13678622 10.92305923 12.84124088] seconds --> (11.3673 +- 1.1848)
Test time: [5.67442298 8.71937323 9.04633069 7.48626351 8.19931602] seconds --> (7.8251 +- 1.1976)
SVM classification train score: [0.56875 0.5     0.5     0.53125 0.5625 ] --> (0.5325 +- 0.0294)
SVM classification test score: [0.525 0.5   0.5   0.7   0.5  ] --> (0.545 +- 0.0781)



-------Circuit number: 3----L: 2----Dataset: Uniform_noise---------------------
Training time: [13.18145823 12.57965708 13.20254707 12.40674877 12.72336197] seconds --> (12.8188 +- 0.3209)
Test time: [9.05519629 7.57594991 8.95646691 8.79521799 8.68658042] seconds --> (8.6139 +- 0.5343)
SVM classification train score: [0.5     0.5375  0.49375 0.53125 0.5125 ] --> (0.515 +- 0.017)
SVM classification test score: [0.5   0.525 0.5   0.6   0.475] --> (0.52 +- 0.043)



-------Circuit number: 4----L: 2----Dataset: Uniform_noise---------------------
Training time: [10.38659334 11.62791038 13.76572418 11.86469531 12.88754964] seconds --> (12.1065 +- 1.1497)
Test time: [7.95155263 8.41822314 8.89361024 8.807477   8.5669167 ] seconds --> (8.5276 +- 0.334)
SVM classification train score: [0.55625 0.4875  0.5     0.5875  0.61875] --> (0.55 +- 0.0502)
SVM classification test score: [0.5   0.475 0.5   0.8   0.55 ] --> (0.565 +- 0.12)



-------Circuit number: 5----L: 2----Dataset: Uniform_noise---------------------
Training time: [12.14861941 10.9375453  13.00801611 12.67412782 15.94749188] seconds --> (12.9432 +- 1.6587)
Test time: [ 8.77408528  7.90786934  8.81658435  8.12684536 10.72231984] seconds --> (8.8695 +- 0.9921)
SVM classification train score: [0.55625 0.5     0.51875 0.5     0.55625] --> (0.5262 +- 0.0254)
SVM classification test score: [0.475 0.5   0.475 0.675 0.575] --> (0.54 +- 0.0768)



-------Circuit number: 6----L: 2----Dataset: Uniform_noise---------------------
Training time: [17.03329802 18.11810327 17.94092202 18.64209199 24.08443189] seconds --> (19.1638 +- 2.5145)
Test time: [12.91630077 12.78252745 13.36745882 13.08017898 16.1440587 ] seconds --> (13.6581 +- 1.2582)
SVM classification train score: [0.6375  0.5     0.53125 0.56875 0.64375] --> (0.5762 +- 0.0569)
SVM classification test score: [0.5   0.5   0.525 0.775 0.55 ] --> (0.57 +- 0.1042)



-------Circuit number: 7----L: 2----Dataset: Uniform_noise---------------------
Training time: [15.08401561 14.53755188 13.62336946 13.98010421 15.75966811] seconds --> (14.5969 +- 0.7643)
Test time: [ 9.34756374 11.02069759  9.43001866  9.85274625  9.63451505] seconds --> (9.8571 +- 0.6075)
SVM classification train score: [0.575   0.55625 0.525   0.55625 0.5875 ] --> (0.56 +- 0.0211)
SVM classification test score: [0.45  0.575 0.525 0.6   0.6  ] --> (0.55 +- 0.057)



-------Circuit number: 8----L: 2----Dataset: Uniform_noise---------------------
Training time: [16.64310026 16.76224089 15.23309803 14.4585712  17.73859668] seconds --> (16.1671 +- 1.1698)
Test time: [11.99937701 10.56554627 10.88191652 10.96610975 11.05767298] seconds --> (11.0941 +- 0.482)
SVM classification train score: [0.51875 0.54375 0.55625 0.49375 0.59375] --> (0.5412 +- 0.0339)
SVM classification test score: [0.475 0.525 0.55  0.7   0.475] --> (0.545 +- 0.0828)



-------Circuit number: 9----L: 2----Dataset: Uniform_noise---------------------
Training time: [19.62137628 17.52092266 20.51941466 16.05629396 22.41213441] seconds --> (19.226 +- 2.2332)
Test time: [13.53689981 12.20336056 13.5042789  14.11519814 16.76806688] seconds --> (14.0256 +- 1.5073)
SVM classification train score: [0.5    0.5    0.5375 0.5    0.5   ] --> (0.5075 +- 0.015)
SVM classification test score: [0.5   0.5   0.425 0.5   0.5  ] --> (0.485 +- 0.03)



-------Circuit number: 10----L: 2----Dataset: Uniform_noise---------------------
Training time: [23.71174455 24.33949924 24.42647743 21.00252867 25.81268358] seconds --> (23.8586 +- 1.5844)
Test time: [15.88826585 15.90016079 17.74204063 15.03836894 17.71170163] seconds --> (16.4561 +- 1.0837)
SVM classification train score: [0.5     0.6125  0.5     0.55625 0.5125 ] --> (0.5363 +- 0.0434)
SVM classification test score: [0.525 0.55  0.5   0.55  0.5  ] --> (0.525 +- 0.0224)



-------Circuit number: 0----L: 2----Dataset: Gauss_noise---------------------
Training time: [16.95524287 18.00465274 15.80996108 15.38637948 17.3214016 ] seconds --> (16.6955 +- 0.9665)
Test time: [11.46509981 12.77909327 10.84769106 11.6954515  13.15302467] seconds --> (11.9881 +- 0.8535)
SVM classification train score: [0.5375  0.5     0.49375 0.56875 0.5375 ] --> (0.5275 +- 0.0276)
SVM classification test score: [0.5   0.5   0.5   0.55  0.575] --> (0.525 +- 0.0316)



-------Circuit number: 1----L: 2----Dataset: Gauss_noise---------------------
Training time: [6.81331182 7.55862403 7.31994152 6.58378601 8.39579797] seconds --> (7.3343 +- 0.6344)
Test time: [4.34044743 5.0529654  4.45626712 5.35157657 5.39470005] seconds --> (4.9192 +- 0.4428)
SVM classification train score: [0.5    0.5    0.5    0.4875 0.5   ] --> (0.4975 +- 0.005)
SVM classification test score: [0.5   0.5   0.5   0.525 0.5  ] --> (0.505 +- 0.01)



-------Circuit number: 2----L: 2----Dataset: Gauss_noise---------------------
Training time: [ 9.75002384 11.0189395   9.96937728  9.49922466 10.42221236] seconds --> (10.132 +- 0.5373)
Test time: [6.6103816  7.55049992 6.03643131 6.03708434 6.70400548] seconds --> (6.5877 +- 0.5564)
SVM classification train score: [0.5     0.5     0.5     0.60625 0.5    ] --> (0.5212 +- 0.0425)
SVM classification test score: [0.5 0.5 0.5 0.4 0.5] --> (0.48 +- 0.04)



-------Circuit number: 3----L: 2----Dataset: Gauss_noise---------------------
Training time: [11.7786119  10.01408124 11.05099988 10.95383716 13.09534264] seconds --> (11.3786 +- 1.0254)
Test time: [8.61707258 7.42759967 7.02639675 7.1022718  9.44802713] seconds --> (7.9243 +- 0.9519)
SVM classification train score: [0.5     0.5     0.58125 0.5875  0.5    ] --> (0.5338 +- 0.0414)
SVM classification test score: [0.5   0.5   0.625 0.4   0.5  ] --> (0.505 +- 0.0714)



-------Circuit number: 4----L: 2----Dataset: Gauss_noise---------------------
Training time: [12.11352062 12.11575532 10.31053591 11.46669149 11.21238852] seconds --> (11.4438 +- 0.6691)
Test time: [7.67852116 7.44957805 6.93385196 7.06131077 7.27988362] seconds --> (7.2806 +- 0.2665)
SVM classification train score: [0.55625 0.51875 0.575   0.60625 0.5    ] --> (0.5512 +- 0.0382)
SVM classification test score: [0.525 0.525 0.725 0.4   0.5  ] --> (0.535 +- 0.1056)



-------Circuit number: 5----L: 2----Dataset: Gauss_noise---------------------
Training time: [12.01681423 12.63606834 11.25012755 11.1022625  13.16363478] seconds --> (12.0338 +- 0.7901)
Test time: [7.97196841 8.0568285  8.29550052 8.18413758 8.88106918] seconds --> (8.2779 +- 0.3211)
SVM classification train score: [0.49375 0.5     0.5     0.55    0.5    ] --> (0.5088 +- 0.0208)
SVM classification test score: [0.475 0.5   0.5   0.525 0.5  ] --> (0.5 +- 0.0158)



-------Circuit number: 6----L: 2----Dataset: Gauss_noise---------------------
Training time: [19.2471292  20.70275497 17.56865907 17.9151063  22.54410434] seconds --> (19.5956 +- 1.8425)
Test time: [14.28644991 13.73912406 12.28765106 12.24525857 15.1509037 ] seconds --> (13.5419 +- 1.1346)
SVM classification train score: [0.5     0.59375 0.5     0.6125  0.5    ] --> (0.5412 +- 0.0509)
SVM classification test score: [0.5   0.45  0.5   0.625 0.5  ] --> (0.515 +- 0.0583)



-------Circuit number: 7----L: 2----Dataset: Gauss_noise---------------------
Training time: [14.24149466 16.4288106  14.25238252 14.70783925 17.30924916] seconds --> (15.388 +- 1.2523)
Test time: [10.48241186 11.80926681  8.71263933 10.7457819  12.75439811] seconds --> (10.9009 +- 1.36)
SVM classification train score: [0.5     0.5     0.5875  0.61875 0.54375] --> (0.55 +- 0.0473)
SVM classification test score: [0.5   0.5   0.75  0.425 0.525] --> (0.54 +- 0.1102)



-------Circuit number: 8----L: 2----Dataset: Gauss_noise---------------------
Training time: [16.78750277 16.18924975 13.69817519 13.68221617 15.29646134] seconds --> (15.1307 +- 1.2683)
Test time: [11.98114252 11.7672894   8.41597939  9.41459346 11.00059843] seconds --> (10.5159 +- 1.3835)
SVM classification train score: [0.575   0.53125 0.53125 0.5     0.5125 ] --> (0.53 +- 0.0254)
SVM classification test score: [0.425 0.525 0.45  0.5   0.5  ] --> (0.48 +- 0.0367)



-------Circuit number: 9----L: 2----Dataset: Gauss_noise---------------------
Training time: [16.6551137  17.56711888 17.66002512 18.47639918 22.34936309] seconds --> (18.5416 +- 1.9894)
Test time: [12.72428751 12.08925772 11.3754766  12.41343117 16.13799644] seconds --> (12.9481 +- 1.6566)
SVM classification train score: [0.53125 0.5     0.5     0.49375 0.5    ] --> (0.505 +- 0.0133)
SVM classification test score: [0.525 0.5   0.5   0.375 0.5  ] --> (0.48 +- 0.0534)



-------Circuit number: 10----L: 2----Dataset: Gauss_noise---------------------
Training time: [19.02202773 23.40323114 19.98500133 18.64034534 20.21247387] seconds --> (20.2526 +- 1.6801)
Test time: [14.76440787 15.11872864 15.14692783 14.66283774 13.97218704] seconds --> (14.733 +- 0.4254)
SVM classification train score: [0.50625 0.525   0.5     0.5125  0.5    ] --> (0.5088 +- 0.0094)
SVM classification test score: [0.5   0.5   0.55  0.525 0.525] --> (0.52 +- 0.0187)



-------Circuit number: 0----L: 2----Dataset: Exponential_noise---------------------
Training time: [13.2244308  15.20920944 15.94388962 14.08015966 16.72058368] seconds --> (15.0357 +- 1.256)
Test time: [10.01681471 10.14974809 11.68373942  9.79276204 12.45658731] seconds --> (10.8199 +- 1.0558)
SVM classification train score: [0.575   0.625   0.59375 0.53125 0.61875] --> (0.5888 +- 0.0339)
SVM classification test score: [0.5   0.7   0.55  0.55  0.475] --> (0.555 +- 0.0781)



-------Circuit number: 1----L: 2----Dataset: Exponential_noise---------------------
Training time: [6.24775267 6.60521793 6.7115736  7.09918308 7.62861633] seconds --> (6.8585 +- 0.4711)
Test time: [4.23856258 4.15309381 4.42060518 4.37827611 4.88002372] seconds --> (4.4141 +- 0.2519)
SVM classification train score: [0.5 0.5 0.5 0.5 0.5] --> (0.5 +- 0.0)
SVM classification test score: [0.5   0.5   0.5   0.475 0.5  ] --> (0.495 +- 0.01)



-------Circuit number: 2----L: 2----Dataset: Exponential_noise---------------------
Training time: [ 9.83219838 10.70593476  8.72304296 10.57405019 10.26683402] seconds --> (10.0204 +- 0.715)
Test time: [6.44104981 6.93242979 5.9766407  7.20264888 6.59396291] seconds --> (6.6293 +- 0.4203)
SVM classification train score: [0.525   0.5     0.5     0.55625 0.55625] --> (0.5275 +- 0.0252)
SVM classification test score: [0.525 0.5   0.5   0.6   0.475] --> (0.52 +- 0.043)



-------Circuit number: 3----L: 2----Dataset: Exponential_noise---------------------
Training time: [11.89097548 10.4207046   9.78271031 10.40820003 10.63618565] seconds --> (10.6278 +- 0.693)
Test time: [7.62072587 7.49594545 7.42886567 8.06471658 7.98276162] seconds --> (7.7186 +- 0.2579)
SVM classification train score: [0.5   0.5   0.5   0.625 0.55 ] --> (0.535 +- 0.049)
SVM classification test score: [0.5   0.5   0.5   0.775 0.475] --> (0.55 +- 0.1129)



-------Circuit number: 4----L: 2----Dataset: Exponential_noise---------------------
Training time: [ 9.5855732   9.46529818 10.52285433 10.65780234 12.06008029] seconds --> (10.4583 +- 0.9335)
Test time: [7.24458241 6.4471314  7.40372467 7.31246352 7.99606562] seconds --> (7.2808 +- 0.4948)
SVM classification train score: [0.5125 0.5    0.5    0.5875 0.55  ] --> (0.53 +- 0.0341)
SVM classification test score: [0.5   0.5   0.5   0.775 0.475] --> (0.55 +- 0.1129)



-------Circuit number: 5----L: 2----Dataset: Exponential_noise---------------------
Training time: [10.59347343 12.79506707 12.84127378 13.02460313 14.01950502] seconds --> (12.6548 +- 1.1227)
Test time: [7.11922908 8.16176534 9.09109664 8.09505224 9.77149582] seconds --> (8.4477 +- 0.9097)
SVM classification train score: [0.56875 0.55    0.5     0.55625 0.53125] --> (0.5412 +- 0.0239)
SVM classification test score: [0.525 0.525 0.5   0.475 0.475] --> (0.5 +- 0.0224)



-------Circuit number: 6----L: 2----Dataset: Exponential_noise---------------------
Training time: [18.10720754 16.12270665 20.64597654 16.8542521  18.20153499] seconds --> (17.9863 +- 1.542)
Test time: [12.94034934 11.40827703 13.39495945 13.00191021 13.03516674] seconds --> (12.7561 +- 0.6924)
SVM classification train score: [0.5125  0.4875  0.6375  0.5375  0.65625] --> (0.5662 +- 0.068)
SVM classification test score: [0.5   0.525 0.8   0.6   0.55 ] --> (0.595 +- 0.1077)



-------Circuit number: 7----L: 2----Dataset: Exponential_noise---------------------
Training time: [14.915833   15.65674496 14.43470311 14.58654165 16.79481411] seconds --> (15.2777 +- 0.8677)
Test time: [11.20061135 10.1205132  10.93572354 10.96426535 10.99724483] seconds --> (10.8437 +- 0.3734)
SVM classification train score: [0.5     0.5     0.50625 0.53125 0.5    ] --> (0.5075 +- 0.0121)
SVM classification test score: [0.5  0.5  0.5  0.55 0.5 ] --> (0.51 +- 0.02)



-------Circuit number: 8----L: 2----Dataset: Exponential_noise---------------------
Training time: [15.16119909 15.69547558 19.76055622 17.33585238 16.03029275] seconds --> (16.7967 +- 1.6462)
Test time: [11.84146857 10.82852364 13.12211013 11.95527887 11.60451245] seconds --> (11.8704 +- 0.7391)
SVM classification train score: [0.5125 0.5625 0.5    0.575  0.65  ] --> (0.56 +- 0.0533)
SVM classification test score: [0.5   0.55  0.5   0.525 0.55 ] --> (0.525 +- 0.0224)



-------Circuit number: 9----L: 2----Dataset: Exponential_noise---------------------
Training time: [16.91308141 19.33030033 15.54793596 16.16951966 21.21260691] seconds --> (17.8347 +- 2.1213)
Test time: [13.81151581 12.25740552 12.04575086 11.98881292 15.60463881] seconds --> (13.1416 +- 1.4019)
SVM classification train score: [0.5     0.49375 0.5     0.53125 0.5    ] --> (0.505 +- 0.0133)
SVM classification test score: [0.5   0.55  0.5   0.575 0.5  ] --> (0.525 +- 0.0316)



-------Circuit number: 10----L: 2----Dataset: Exponential_noise---------------------
Training time: [22.2014668  24.44231415 21.31388402 22.87206316 21.27870417] seconds --> (22.4217 +- 1.172)
Test time: [16.79072094 17.54456902 15.33184814 15.64722919 16.30856657] seconds --> (16.3246 +- 0.7938)
SVM classification train score: [0.525   0.55625 0.525   0.6     0.6    ] --> (0.5612 +- 0.0336)
SVM classification test score: [0.525 0.55  0.6   0.45  0.45 ] --> (0.515 +- 0.0583)



-------Circuit number: 0----L: 2----Dataset: Gamma_noise---------------------
Training time: [17.77451515 18.41797161 18.04197836 16.4728334  19.95219517] seconds --> (18.1319 +- 1.121)
Test time: [12.26992035 12.5455215  12.24001813 11.82217383 13.14645481] seconds --> (12.4048 +- 0.437)
SVM classification train score: [0.51875 0.53125 0.5     0.5375  0.53125] --> (0.5237 +- 0.0133)
SVM classification test score: [0.525 0.575 0.5   0.55  0.5  ] --> (0.53 +- 0.0292)



-------Circuit number: 1----L: 2----Dataset: Gamma_noise---------------------
Training time: [7.92434764 7.10504961 7.67339063 6.72175622 8.14029717] seconds --> (7.513 +- 0.5255)
Test time: [4.57505488 4.64678741 4.40076923 4.81336737 6.03924179] seconds --> (4.895 +- 0.5872)
SVM classification train score: [0.5    0.5    0.5    0.5125 0.5   ] --> (0.5025 +- 0.005)
SVM classification test score: [0.5   0.5   0.5   0.325 0.5  ] --> (0.465 +- 0.07)



-------Circuit number: 2----L: 2----Dataset: Gamma_noise---------------------
Training time: [ 8.3577497  11.57389832 10.58516312  9.60212255 10.61585283] seconds --> (10.147 +- 1.0905)
Test time: [7.68279362 7.0202117  6.87616873 7.09933877 7.43934011] seconds --> (7.2236 +- 0.2949)
SVM classification train score: [0.5     0.4875  0.55625 0.5     0.58125] --> (0.525 +- 0.0369)
SVM classification test score: [0.5   0.5   0.5   0.5   0.525] --> (0.505 +- 0.01)



-------Circuit number: 3----L: 2----Dataset: Gamma_noise---------------------
Training time: [ 9.17982912  9.43506289 12.26818275 11.56854248 13.04049826] seconds --> (11.0984 +- 1.5368)
Test time: [6.36208749 6.83885455 8.17018461 7.84691596 8.12830806] seconds --> (7.4693 +- 0.7337)
SVM classification train score: [0.5   0.575 0.5   0.5   0.5  ] --> (0.515 +- 0.03)
SVM classification test score: [0.5   0.575 0.5   0.5   0.5  ] --> (0.515 +- 0.03)



-------Circuit number: 4----L: 2----Dataset: Gamma_noise---------------------
Training time: [11.74190354 12.60427976 12.05340791 11.43865991 13.454952  ] seconds --> (12.2586 +- 0.7116)
Test time: [9.05314159 8.08245802 8.18974233 8.01949954 8.20507646] seconds --> (8.31 +- 0.3779)
SVM classification train score: [0.525 0.575 0.525 0.5   0.65 ] --> (0.555 +- 0.0534)
SVM classification test score: [0.5   0.6   0.475 0.5   0.475] --> (0.51 +- 0.0464)



-------Circuit number: 5----L: 2----Dataset: Gamma_noise---------------------
Training time: [13.15161681 13.72605348 12.75784779 11.52729392 14.45132136] seconds --> (13.1228 +- 0.9807)
Test time: [9.43877959 8.36159158 8.19242239 7.68008113 9.6477108 ] seconds --> (8.6641 +- 0.755)
SVM classification train score: [0.5     0.51875 0.5     0.5     0.58125] --> (0.52 +- 0.0315)
SVM classification test score: [0.5   0.575 0.5   0.5   0.625] --> (0.54 +- 0.0515)



-------Circuit number: 6----L: 2----Dataset: Gamma_noise---------------------
Training time: [17.47500706 17.90647244 19.78643012 19.41746879 21.40373707] seconds --> (19.1978 +- 1.4069)
Test time: [14.17109179 12.74786401 12.90378857 14.00410414 14.15458417] seconds --> (13.5963 +- 0.6337)
SVM classification train score: [0.5     0.525   0.58125 0.5     0.63125] --> (0.5475 +- 0.0513)
SVM classification test score: [0.5   0.575 0.475 0.5   0.525] --> (0.515 +- 0.0339)



-------Circuit number: 7----L: 2----Dataset: Gamma_noise---------------------
Training time: [13.69201565 18.27163506 15.83851242 27.95368481 22.72940922] seconds --> (19.6971 +- 5.1058)
Test time: [10.95528269 12.05493927 10.64595199 23.48075438 15.81760478] seconds --> (14.5909 +- 4.8114)
SVM classification train score: [0.5 0.5 0.5 0.5 0.5] --> (0.5 +- 0.0)
SVM classification test score: [0.5 0.5 0.5 0.5 0.5] --> (0.5 +- 0.0)



-------Circuit number: 8----L: 2----Dataset: Gamma_noise---------------------
Training time: [14.31010985 16.33710384 14.508147   14.53582692 16.94433975] seconds --> (15.3271 +- 1.0924)
Test time: [11.5919528  11.81085348 10.49590492 10.07325459 12.77473927] seconds --> (11.3493 +- 0.9654)
SVM classification train score: [0.5     0.525   0.59375 0.54375 0.55   ] --> (0.5425 +- 0.031)
SVM classification test score: [0.5   0.5   0.475 0.55  0.45 ] --> (0.495 +- 0.0332)



-------Circuit number: 9----L: 2----Dataset: Gamma_noise---------------------
Training time: [18.37092638 18.62959933 19.34867096 16.17560863 19.24429679] seconds --> (18.3538 +- 1.1492)
Test time: [13.00789905 13.0527463  13.43588138 12.04439092 14.14456367] seconds --> (13.1371 +- 0.6815)
SVM classification train score: [0.525   0.5     0.44375 0.49375 0.5    ] --> (0.4925 +- 0.0266)
SVM classification test score: [0.475 0.5   0.45  0.425 0.5  ] --> (0.47 +- 0.0292)



-------Circuit number: 10----L: 2----Dataset: Gamma_noise---------------------
Training time: [21.70069122 20.90989757 20.54680872 21.33937812 17.38789511] seconds --> (20.3769 +- 1.5444)
Test time: [15.47319269 13.89658451 15.64107275 15.04496241 13.28914762] seconds --> (14.669 +- 0.9202)
SVM classification train score: [0.5     0.53125 0.5125  0.51875 0.5125 ] --> (0.515 +- 0.0102)
SVM classification test score: [0.525 0.575 0.475 0.5   0.425] --> (0.5 +- 0.05)



-------Circuit number: 0----L: 2----Dataset: Aleatory---------------------
Training time: [14.14654636 17.82900953 14.2935338  14.26017118 14.56320071] seconds --> (15.0185 +- 1.4119)
Test time: [13.00949526 13.18965292 11.35280514 13.22593284 11.65331268] seconds --> (12.4862 +- 0.8117)
SVM classification train score: [0.52777778 0.65555556 0.62222222 0.52777778 0.60555556] --> (0.5878 +- 0.0516)
SVM classification test score: [0.55555556 0.55555556 0.68888889 0.53333333 0.62222222] --> (0.5911 +- 0.0573)



-------Circuit number: 1----L: 2----Dataset: Aleatory---------------------
Training time: [6.73301268 6.889925   6.10085297 6.54335594 6.64103436] seconds --> (6.5816 +- 0.2661)
Test time: [5.21108794 5.46430397 5.46571136 5.07238102 5.81613564] seconds --> (5.4059 +- 0.2547)
SVM classification train score: [0.52777778 0.46111111 0.52777778 0.52777778 0.46666667] --> (0.5022 +- 0.0313)
SVM classification test score: [0.53333333 0.51111111 0.53333333 0.53333333 0.48888889] --> (0.52 +- 0.0178)



-------Circuit number: 2----L: 2----Dataset: Aleatory---------------------
Training time: [8.93379545 8.97192001 8.36226082 8.42869091 9.44935298] seconds --> (8.8292 +- 0.3986)
Test time: [7.01511836 6.91565657 6.27148604 6.64637733 7.36541557] seconds --> (6.8428 +- 0.3669)
SVM classification train score: [0.52777778 0.59444444 0.57222222 0.53333333 0.50555556] --> (0.5467 +- 0.0321)
SVM classification test score: [0.53333333 0.55555556 0.53333333 0.53333333 0.53333333] --> (0.5378 +- 0.0089)



-------Circuit number: 3----L: 2----Dataset: Aleatory---------------------
Training time: [10.07809186 12.60034895 11.38174367 10.88984704 12.33927345] seconds --> (11.4579 +- 0.9289)
Test time: [ 8.08284426  9.08306932  8.47232413  9.1992209  10.22569919] seconds --> (9.0126 +- 0.7304)
SVM classification train score: [0.52777778 0.5        0.54444444 0.52777778 0.53333333] --> (0.5267 +- 0.0147)
SVM classification test score: [0.53333333 0.4        0.53333333 0.53333333 0.55555556] --> (0.5111 +- 0.0562)



-------Circuit number: 4----L: 2----Dataset: Aleatory---------------------
Training time: [10.87195969 10.97170591 11.60408831  9.0391705  10.69188404] seconds --> (10.6358 +- 0.8554)
Test time: [8.32720923 8.48287725 7.99575472 8.70552158 9.1819241 ] seconds --> (8.5387 +- 0.396)
SVM classification train score: [0.52777778 0.62222222 0.57222222 0.54444444 0.55      ] --> (0.5633 +- 0.0327)
SVM classification test score: [0.53333333 0.46666667 0.6        0.55555556 0.55555556] --> (0.5422 +- 0.0435)



-------Circuit number: 5----L: 2----Dataset: Aleatory---------------------
Training time: [12.13331366 12.40435576 10.3479557  11.9809854  12.66232777] seconds --> (11.9058 +- 0.813)
Test time: [ 9.11671662 10.04333186 10.05909991 10.24194384 10.93152165] seconds --> (10.0785 +- 0.5798)
SVM classification train score: [0.52777778 0.56666667 0.56666667 0.55555556 0.54444444] --> (0.5522 +- 0.0147)
SVM classification test score: [0.53333333 0.44444444 0.57777778 0.53333333 0.57777778] --> (0.5333 +- 0.0487)



-------Circuit number: 6----L: 2----Dataset: Aleatory---------------------
Training time: [22.04664826 21.48934579 20.50841713 15.61251163 20.57443047] seconds --> (20.0463 +- 2.2906)
Test time: [18.19488835 15.72314763 15.50376821 14.91148973 17.08908844] seconds --> (16.2845 +- 1.1922)
SVM classification train score: [0.61666667 0.65       0.64444444 0.62777778 0.56111111] --> (0.62 +- 0.0317)
SVM classification test score: [0.57777778 0.55555556 0.62222222 0.66666667 0.57777778] --> (0.6 +- 0.0398)



-------Circuit number: 7----L: 2----Dataset: Aleatory---------------------
Training time: [14.59745502 24.85407686 14.70813537 11.52538514 15.35566521] seconds --> (16.2081 +- 4.5222)
Test time: [12.77312922 22.02495003 11.05907512 10.73359394 13.09389567] seconds --> (13.9369 +- 4.1479)
SVM classification train score: [0.53333333 0.51666667 0.52777778 0.54444444 0.48888889] --> (0.5222 +- 0.0189)
SVM classification test score: [0.55555556 0.51111111 0.53333333 0.48888889 0.53333333] --> (0.5244 +- 0.0227)



-------Circuit number: 8----L: 2----Dataset: Aleatory---------------------
Training time: [15.08614469 13.61468077 13.91505647 13.26255727 13.20535398] seconds --> (13.8168 +- 0.6845)
Test time: [12.31069875 11.0705657  11.50966859 11.90357494 10.67345738] seconds --> (11.4936 +- 0.581)
SVM classification train score: [0.62777778 0.62777778 0.61111111 0.57222222 0.65555556] --> (0.6189 +- 0.0274)
SVM classification test score: [0.57777778 0.42222222 0.64444444 0.53333333 0.73333333] --> (0.5822 +- 0.1046)



-------Circuit number: 9----L: 2----Dataset: Aleatory---------------------
Training time: [14.0631206  20.88237262 17.86253476 18.41655397 17.6376102 ] seconds --> (17.7724 +- 2.185)
Test time: [12.33450484 16.25898743 16.0468657  14.48060131 15.08853221] seconds --> (14.8419 +- 1.4099)
SVM classification train score: [0.52777778 0.54444444 0.52777778 0.52777778 0.46666667] --> (0.5189 +- 0.0269)
SVM classification test score: [0.53333333 0.55555556 0.53333333 0.53333333 0.48888889] --> (0.5289 +- 0.0218)



-------Circuit number: 10----L: 2----Dataset: Aleatory---------------------
Training time: [22.09571242 23.7506187  15.6619575  16.73585391 22.59651661] seconds --> (20.1681 +- 3.3025)
Test time: [17.83936214 18.05587626 14.16629171 13.5221839  19.89672112] seconds --> (16.6961 +- 2.4443)
SVM classification train score: [0.56111111 0.51666667 0.62222222 0.58333333 0.58333333] --> (0.5733 +- 0.0345)
SVM classification test score: [0.48888889 0.4        0.44444444 0.6        0.55555556] --> (0.4978 +- 0.0725)



-------Circuit number: 0----L: 2----Dataset: Bank---------------------
Training time: [39.52818942 45.92395163 44.78278422 51.03478265 46.95625877] seconds --> (45.6452 +- 3.715)
Test time: [228.7129817  224.80549788 234.55428171 233.78547359 229.72343016] seconds --> (230.3163 +- 3.5577)
SVM classification train score: [0.58887876 0.76937101 0.78688525 0.80418944 0.72859745] --> (0.7356 +- 0.0775)
SVM classification test score: [0.58545455 0.76363636 0.74817518 0.77007299 0.68613139] --> (0.7107 +- 0.0693)



-------Circuit number: 1----L: 2----Dataset: Bank---------------------
Training time: [ 9.09038949 12.1902864  13.27559423 12.6202879  11.95073295] seconds --> (11.8255 +- 1.4397)
Test time: [53.29969978 57.86967492 68.85114884 62.48539615 64.74183702] seconds --> (61.4496 +- 5.4024)
SVM classification train score: [0.55515041 0.52506837 0.55555556 0.55555556 0.49726776] --> (0.5377 +- 0.0234)
SVM classification test score: [0.55636364 0.47272727 0.55474453 0.55474453 0.52189781] --> (0.5321 +- 0.0324)



-------Circuit number: 2----L: 2----Dataset: Bank---------------------
Training time: [ 9.90993524 12.69210529 14.26956987  9.55080819 12.02346325] seconds --> (11.6892 +- 1.7615)
Test time: [53.78741479 55.72940326 42.03336    45.91574574 54.90706325] seconds --> (50.4746 +- 5.4822)
SVM classification train score: [0.8769371  0.89334549 0.93806922 0.91985428 0.93078324] --> (0.9118 +- 0.0231)
SVM classification test score: [0.86181818 0.87636364 0.91240876 0.90875912 0.90145985] --> (0.8922 +- 0.0197)



-------Circuit number: 3----L: 2----Dataset: Bank---------------------
Training time: [12.75236464 16.05605483 15.33314896 11.0194869  19.87759256] seconds --> (15.0077 +- 3.0303)
Test time: [62.16387582 71.1744988  53.80429578 52.68613958 80.30539489] seconds --> (64.0268 +- 10.5134)
SVM classification train score: [0.8887876  0.93072015 0.92076503 0.88160291 0.83970856] --> (0.8923 +- 0.0322)
SVM classification test score: [0.87272727 0.91272727 0.90145985 0.86131387 0.81386861] --> (0.8724 +- 0.0347)



-------Circuit number: 4----L: 2----Dataset: Bank---------------------
Training time: [11.53628826 13.98910522 17.70321965 12.44684744 17.54643941] seconds --> (14.6444 +- 2.5572)
Test time: [61.22806668 54.89797974 66.09801722 48.18466735 66.19250369] seconds --> (59.3202 +- 6.9334)
SVM classification train score: [0.94074749 0.91157703 0.91074681 0.92714026 0.928051  ] --> (0.9237 +- 0.0113)
SVM classification test score: [0.93454545 0.86909091 0.91605839 0.91240876 0.9270073 ] --> (0.9118 +- 0.0228)



-------Circuit number: 5----L: 2----Dataset: Bank---------------------
Training time: [12.24020076 17.159729   15.76630521 19.05186152 17.66337657] seconds --> (16.3763 +- 2.3198)
Test time: [66.96665454 76.01785493 66.61637497 81.60917759 72.19005942] seconds --> (72.68 +- 5.6661)
SVM classification train score: [0.9006381  0.91157703 0.60473588 0.89071038 0.90255009] --> (0.842 +- 0.1188)
SVM classification test score: [0.89818182 0.88727273 0.61678832 0.87591241 0.88686131] --> (0.833 +- 0.1083)



-------Circuit number: 6----L: 2----Dataset: Bank---------------------
Training time: [17.7116282  26.70700049 29.04761696 26.20487118 27.23403025] seconds --> (25.381 +- 3.9531)
Test time: [ 95.29090214 104.77927184 125.72600102 125.38264179 121.93825579] seconds --> (114.6234 +- 12.3547)
SVM classification train score: [0.90610757 0.94986326 0.97723133 0.73315118 0.82604736] --> (0.8785 +- 0.0889)
SVM classification test score: [0.88727273 0.92363636 0.98540146 0.72992701 0.82481752] --> (0.8702 +- 0.0874)



-------Circuit number: 7----L: 2----Dataset: Bank---------------------
Training time: [16.76798725 19.18706083 15.33818221 15.4522593  18.2572825 ] seconds --> (17.0006 +- 1.5215)
Test time: [83.79540014 77.32174873 67.72641277 71.97690558 81.22453618] seconds --> (76.409 +- 5.8926)
SVM classification train score: [0.976299   0.96171376 0.91712204 0.80145719 0.93897996] --> (0.9191 +- 0.0622)
SVM classification test score: [0.97090909 0.95272727 0.89416058 0.83211679 0.91605839] --> (0.9132 +- 0.0487)



-------Circuit number: 8----L: 2----Dataset: Bank---------------------
Training time: [21.26548219 22.5129323  21.85999036 18.48156214 18.14471197] seconds --> (20.4529 +- 1.7943)
Test time: [ 92.97464013 109.85808039  94.48370719  81.30045748  81.36189198] seconds --> (91.9958 +- 10.5231)
SVM classification train score: [0.92889699 0.92889699 0.63843352 0.90619308 0.92896175] --> (0.8663 +- 0.1143)
SVM classification test score: [0.92       0.90181818 0.63868613 0.89051095 0.9270073 ] --> (0.8556 +- 0.1092)



-------Circuit number: 9----L: 2----Dataset: Bank---------------------
Training time: [45.84500289 51.81520486 60.05607605 49.98019624 51.64992166] seconds --> (51.8693 +- 4.6246)
Test time: [259.68535852 265.23999858 310.5583272  248.36468816 284.00274372] seconds --> (273.5702 +- 21.792)
SVM classification train score: [0.56061987 0.6071103  0.55555556 0.57285974 0.52003643] --> (0.5632 +- 0.0281)
SVM classification test score: [0.56363636 0.54909091 0.45255474 0.56569343 0.49270073] --> (0.5247 +- 0.0448)



-------Circuit number: 10----L: 2----Dataset: Bank---------------------
Training time: [60.17438364 72.06840444 97.4788053  65.79709411 75.89603806] seconds --> (74.2829 +- 12.7798)
Test time: [326.28563952 364.30923104 555.85451198 340.46218824 414.26598024] seconds --> (400.2355 +- 83.3622)
SVM classification train score: [0.62625342 0.65633546 0.57741348 0.6557377  0.47632058] --> (0.5984 +- 0.0675)
SVM classification test score: [0.56       0.66545455 0.58394161 0.65328467 0.46715328] --> (0.586 +- 0.0716)



-------Circuit number: 0----L: 2----Dataset: Heart---------------------
Training time: [1163.64900899 1660.31107545 1861.77645731 1483.68927145 1425.74501824] seconds --> (1519.0342 +- 233.9582)
Test time: [1623.2417748  1836.59047365 1993.34075928 1614.45550656 1757.71754098] seconds --> (1765.0692 +- 141.4756)
SVM classification train score: [0.64049587 0.80578512 0.79752066 0.63786008 0.80658436] --> (0.7376 +- 0.0805)
SVM classification test score: [0.54098361 0.67213115 0.72131148 0.55       0.81666667] --> (0.6602 +- 0.1046)



-------Circuit number: 1----L: 2----Dataset: Heart---------------------
Training time: [36.27131653 43.15565777 51.90533495 44.10969448 41.66657281] seconds --> (43.4217 +- 5.0344)
Test time: [48.8511157  49.84478903 56.15080023 46.5913322  48.39568973] seconds --> (49.9667 +- 3.2669)
SVM classification train score: [0.54545455 0.50826446 0.54545455 0.54320988 0.50205761] --> (0.5289 +- 0.0195)
SVM classification test score: [0.54098361 0.47540984 0.54098361 0.55       0.6       ] --> (0.5415 +- 0.0397)



-------Circuit number: 2----L: 2----Dataset: Heart---------------------
Training time: [ 62.86151838  81.53764606 112.99219298  80.60650015  77.69613075] seconds --> (83.1388 +- 16.3768)
Test time: [ 88.18049622  95.66753387 121.80880451  89.38844013  84.27779269] seconds --> (95.8646 +- 13.4787)
SVM classification train score: [0.75619835 0.52892562 0.55371901 0.81069959 0.74485597] --> (0.6789 +- 0.1148)
SVM classification test score: [0.62295082 0.54098361 0.57377049 0.81666667 0.73333333] --> (0.6575 +- 0.1028)



-------Circuit number: 3----L: 2----Dataset: Heart---------------------
Training time: [478.12988997 577.32948041 895.09753513 801.28436232 627.26967454] seconds --> (675.8222 +- 151.633)
Test time: [ 646.91932201  672.76324487 1103.4941659   970.60374618  951.02523637] seconds --> (868.9611 +- 178.8114)
SVM classification train score: [0.60330579 0.82644628 0.84710744 0.61316872 0.79423868] --> (0.7369 +- 0.1064)
SVM classification test score: [0.55737705 0.75409836 0.81967213 0.55       0.8       ] --> (0.6962 +- 0.1183)



-------Circuit number: 4----L: 2----Dataset: Heart---------------------
Training time: [308.68482399 524.54657173 580.85780787 431.47056341 364.5977366 ] seconds --> (442.0315 +- 99.9703)
Test time: [397.9123137  622.67721033 557.50156617 473.50524187 447.8956883 ] seconds --> (499.8984 +- 80.2431)
SVM classification train score: [0.82231405 0.83884298 0.52479339 0.62139918 0.79012346] --> (0.7195 +- 0.1244)
SVM classification test score: [0.75409836 0.81967213 0.47540984 0.55       0.78333333] --> (0.6765 +- 0.1374)



-------Circuit number: 5----L: 2----Dataset: Heart---------------------
Training time: [ 356.4160161   442.22363162  578.31976938  522.10431314 1186.39972281] seconds --> (617.0927 +- 294.3359)
Test time: [514.64002991 527.32892299 629.83166885 532.58884239 794.67058682] seconds --> (599.812 +- 105.7337)
SVM classification train score: [0.80991736 0.81404959 0.77272727 0.81481481 0.51440329] --> (0.7452 +- 0.1164)
SVM classification test score: [0.73770492 0.73770492 0.83606557 0.76666667 0.45      ] --> (0.7056 +- 0.1328)



