-------Circuit number: 10----L: 1----Dataset: Ad hoc---------------------
Training time: [292.00479507 324.60904837 344.65980124 338.29514384 347.82616138] seconds --> (329.479 +- 20.3609)
Test time: [ 9.32287049 11.76369429  9.58318043 10.39814019  9.49170136] seconds --> (10.1119 +- 0.9052)
SVM classification train score: [0.4875 0.5125 0.55   0.5375 0.525 ] --> (0.5225 +- 0.0215)
SVM classification test score: [0.55 0.35 0.5  0.5  0.45] --> (0.47 +- 0.0678)



-------Circuit number: 9----L: 1----Dataset: Exponential noise---------------------
Training time: [1156.06136656 1175.04973412 1184.49717665 1313.57620788 1432.07460356] seconds --> (1252.2518 +- 105.7359)
Test time: [33.53208423 32.14636755 34.74157953 38.90725255 53.22418213] seconds --> (38.5103 +- 7.696)
SVM classification train score: [0.66875 0.70625 0.65625 0.675   0.6625 ] --> (0.6738 +- 0.0174)
SVM classification test score: [0.6   0.475 0.55  0.6   0.675] --> (0.58 +- 0.066)



-------Circuit number: 9----L: 1----Dataset: Uniform noise---------------------
Training time: [2461.1977725  2076.59766173 2234.01275563 2180.44323564 1804.86073184] seconds --> (2151.4224 +- 214.1625)
Test time: [55.03552794 45.11945343 65.02929497 55.59151793 49.44323468] seconds --> (54.0438 +- 6.7063)
SVM classification train score: [0.65625 0.6     0.61875 0.55625 0.59375] --> (0.605 +- 0.0327)
SVM classification test score: [0.475 0.525 0.45  0.475 0.45 ] --> (0.475 +- 0.0274)



-------Circuit number: 0----L: 1----Dataset: Gamma noise---------------------
Training time: [2532.72344232 2046.76075602 2275.07327557 2258.80119872 1804.89352059] seconds --> (2183.6504 +- 244.153)
Test time: [65.23389482 50.63594365 63.04581881 61.1034205  51.53556085] seconds --> (58.3109 +- 6.0491)
SVM classification train score: [0.5625 0.575  0.6125 0.6    0.5875] --> (0.5875 +- 0.0177)
SVM classification test score: [0.575 0.475 0.425 0.375 0.4  ] --> (0.45 +- 0.0707)



-------Circuit number: 10----L: 1----Dataset: Iris---------------------
Training time: [4440.0893724  4157.85710216 3382.01621008 2912.84621167 2888.75418329] seconds --> (3556.3126 +- 637.6487)
Test time: [ 93.62233114 115.65232182  75.89526916  78.88237619  78.09203935] seconds --> (88.4289 +- 14.9878)
SVM classification train score: [0.88333333 0.875      0.875      0.925      0.90833333] --> (0.8933 +- 0.02)
SVM classification test score: [0.93333333 0.86666667 0.83333333 0.83333333 0.7       ] --> (0.8333 +- 0.076)



-------Circuit number: 9----L: 1----Dataset: Gauss noise---------------------
Training time: [1558.33570385 1538.74149418 1516.80376983 1519.07565355 1496.10069227] seconds --> (1525.8115 +- 21.1388)
Test time: [39.84461975 43.31724072 39.64232445 40.21816945 39.82860208] seconds --> (40.5702 +- 1.3862)
SVM classification train score: [0.65    0.64375 0.6375  0.65    0.59375] --> (0.635 +- 0.0211)
SVM classification test score: [0.425 0.4   0.45  0.4   0.6  ] --> (0.455 +- 0.0748)



-------Circuit number: 10----L: 1----Dataset: Aleatory---------------------
Training time: [2277.3988111  2053.0011704  2049.0231173  2054.95599723 2072.80925846] seconds --> (2101.4377 +- 88.3582)
Test time: [59.79183054 56.54638004 55.3707664  55.52771688 67.21765518] seconds --> (58.8909 +- 4.4575)
SVM classification train score: [0.68888889 0.66666667 0.66111111 0.76666667 0.61111111] --> (0.6789 +- 0.0507)
SVM classification test score: [0.68888889 0.57777778 0.62222222 0.66666667 0.57777778] --> (0.6267 +- 0.0453)



