-------Circuit number: 9----L: 2----Dataset: Heart---------------------
Training time: [669.44489121 909.16463089 971.44083381 765.71575665 971.48005295] seconds --> (857.4492 +- 120.3597)
Test time: [ 869.18495679  987.45097947 1074.01664901  886.65088654 2012.64222431] seconds --> (1165.9891 +- 429.7159)
SVM classification train score: [0.60330579 0.78099174 0.76859504 0.59259259 0.73251029] --> (0.6956 +- 0.0814)
SVM classification test score: [0.54098361 0.68852459 0.72131148 0.55       0.68333333] --> (0.6368 +- 0.0758)



-------Circuit number: 6----L: 2----Dataset: Heart---------------------
Training time: [ 762.68466425  904.75022817 1052.06419992  911.98967624  993.27877212] seconds --> (924.9535 +- 97.7066)
Test time: [1034.8918488  1027.45728874 1143.67775846 1015.82740712 1168.68552971] seconds --> (1078.108 +- 64.5224)
SVM classification train score: [0.61157025 0.83884298 0.85950413 0.62962963 0.80658436] --> (0.7492 +- 0.1065)
SVM classification test score: [0.55737705 0.72131148 0.81967213 0.55       0.78333333] --> (0.6863 +- 0.1128)



-------Circuit number: 7----L: 2----Dataset: Heart---------------------
Training time: [612.2723918  721.04510808 850.65770054 619.03074813 643.2484324 ] seconds --> (689.2509 +- 89.4828)
Test time: [704.7642827  825.90987706 860.25507784 636.33856535 738.67915273] seconds --> (753.1894 +- 81.1923)
SVM classification train score: [0.82644628 0.8677686  0.81404959 0.60082305 0.82716049] --> (0.7872 +- 0.095)
SVM classification test score: [0.83606557 0.73770492 0.80327869 0.55       0.75      ] --> (0.7354 +- 0.0993)



-------Circuit number: 8----L: 2----Dataset: Heart---------------------
Training time: [475.0470047  687.94770265 632.16234827 593.87416935 529.3651669 ] seconds --> (583.6793 +- 74.9366)
Test time: [720.82153702 748.57248974 780.01872349 694.80429196 674.38470864] seconds --> (723.7204 +- 37.5917)
SVM classification train score: [0.60330579 0.80165289 0.7768595  0.60082305 0.79012346] --> (0.7146 +- 0.0922)
SVM classification test score: [0.54098361 0.6557377  0.81967213 0.55       0.66666667] --> (0.6466 +- 0.1009)



-------Circuit number: 10----L: 2----Dataset: Heart---------------------
Training time: [1868.45994186 2260.8126688  3018.89447999 2187.14603877 2511.4081583 ] seconds --> (2369.3443 +- 384.1765)
Test time: [2781.93675756 2607.00614333 3271.38627577 2386.84103251 2896.56877208] seconds --> (2788.7478 +- 296.3683)
SVM classification train score: [0.59917355 0.70661157 0.72727273 0.60082305 0.69135802] --> (0.665 +- 0.0543)
SVM classification test score: [0.54098361 0.67213115 0.60655738 0.55       0.61666667] --> (0.5973 +- 0.0479)



