-------Circuit number: 3----L: 3----Dataset: Heart---------------------
Training time: [ 752.83471608  870.27911019 1085.25975776  910.58930802 1128.2479775 ] seconds --> (949.4422 +- 139.1753)
Test time: [1031.95459294  996.00316048 1157.40503073 1022.64874864 1174.1546762 ] seconds --> (1076.4332 +- 74.0892)
SVM classification train score: [0.62809917 0.84297521 0.80165289 0.62139918 0.79423868] --> (0.7377 +- 0.0937)
SVM classification test score: [0.55737705 0.68852459 0.7704918  0.55       0.75      ] --> (0.6633 +- 0.0935)



-------Circuit number: 6----L: 3----Dataset: Heart---------------------
Training time: [ 906.05600023 1110.34052539 1326.26484275 2525.98852181 1197.0174489 ] seconds --> (1413.1335 +- 572.9764)
Test time: [1270.83957314 1228.77016306 1425.19887257 2023.94692779 1351.2534399 ] seconds --> (1460.0018 +- 289.9386)
SVM classification train score: [0.62396694 0.83884298 0.82231405 0.6255144  0.77366255] --> (0.7369 +- 0.094)
SVM classification test score: [0.55737705 0.6557377  0.78688525 0.55       0.81666667] --> (0.6733 +- 0.1117)



-------Circuit number: 9----L: 3----Dataset: Heart---------------------
Training time: [1035.99291945 1330.45390606 1392.92618108 1552.61283898 1189.87073946] seconds --> (1300.3713 +- 176.1837)
Test time: [1435.85184526 1442.11622596 1594.61370873 1381.4756155  1480.30867124] seconds --> (1466.8732 +- 71.2266)
SVM classification train score: [0.62396694 0.83471074 0.80578512 0.62139918 0.82304527] --> (0.7418 +- 0.0977)
SVM classification test score: [0.54098361 0.6557377  0.80327869 0.55       0.8       ] --> (0.67 +- 0.1148)



-------Circuit number: 4----L: 3----Dataset: Heart---------------------
Training time: [690.08267236 801.76177049 888.90214467 736.84484506 667.85559797] seconds --> (757.0894 +- 80.2903)
Test time: [812.82778335 912.64457941 943.8865571  840.00442052 847.45277381] seconds --> (871.3632 +- 48.8779)
SVM classification train score: [0.61983471 0.81818182 0.83471074 0.6255144  0.79012346] --> (0.7377 +- 0.095)
SVM classification test score: [0.55737705 0.68852459 0.78688525 0.55       0.71666667] --> (0.6599 +- 0.0925)



-------Circuit number: 7----L: 3----Dataset: Heart---------------------
Training time: [682.82406759 786.60902905 805.71346211 976.53770685 750.27848172] seconds --> (800.3925 +- 97.5491)
Test time: [ 862.35887098  965.88593292  887.88186336 1012.46796036  939.88097477] seconds --> (933.6951 +- 53.7911)
SVM classification train score: [0.85950413 0.87603306 0.82644628 0.61728395 0.83539095] --> (0.8029 +- 0.0945)
SVM classification test score: [0.78688525 0.75409836 0.80327869 0.55       0.8       ] --> (0.7389 +- 0.096)



-------Circuit number: 5----L: 3----Dataset: Heart---------------------
Training time: [ 529.54523087  602.91353035 1125.92398024  628.6990397   517.63952136] seconds --> (680.9443 +- 226.4577)
Test time: [679.12957835 705.7864573  976.07962966 722.18641257 633.05640101] seconds --> (743.2477 +- 120.2588)
SVM classification train score: [0.61157025 0.84710744 0.83057851 0.62962963 0.52263374] --> (0.6883 +- 0.1282)
SVM classification test score: [0.55737705 0.67213115 0.7704918  0.55       0.46666667] --> (0.6033 +- 0.1061)



-------Circuit number: 8----L: 3----Dataset: Heart---------------------
Training time: [1358.37577844 1218.89030862 1353.65289783 1498.3982029  1006.01504827] seconds --> (1287.0664 +- 166.0227)
Test time: [1555.05696535 1363.93955517 1542.21153569 1555.89001799 1265.29838109] seconds --> (1456.4793 +- 120.0532)
SVM classification train score: [0.64049587 0.83471074 0.79752066 0.61728395 0.79835391] --> (0.7377 +- 0.0901)
SVM classification test score: [0.54098361 0.7704918  0.7704918  0.55       0.65      ] --> (0.6564 +- 0.1007)



-------Circuit number: 10----L: 3----Dataset: Heart---------------------
Training time: [2345.7904768  3648.30507731 3197.50015521 2556.8965981  2238.93642473] seconds --> (2797.4857 +- 539.9619)
Test time: [3324.0302124  4004.31915998 3564.85798192 2725.88104486 2889.47461534] seconds --> (3301.7126 +- 461.5023)
SVM classification train score: [0.59090909 0.68181818 0.7231405  0.62139918 0.64197531] --> (0.6518 +- 0.0463)
SVM classification test score: [0.54098361 0.62295082 0.47540984 0.55       0.55      ] --> (0.5479 +- 0.0468)



