-------Circuit number: 0----L: 2----Dataset: Ad hoc---------------------
Training time: [18.80533123 18.41057062 18.88214493 17.56644344 17.04503727] seconds --> (18.1419 +- 0.7204)
Test time: [11.35722756 11.62138629 10.34759283 10.47057581  9.83431077] seconds --> (10.7262 +- 0.6639)
SVM classification train score: [1. 1. 1. 1. 1.] --> (1.0 +- 0.0)
SVM classification test score: [1. 1. 1. 1. 1.] --> (1.0 +- 0.0)



-------Circuit number: 1----L: 2----Dataset: Ad hoc---------------------
Training time: [6.49210238 5.54903603 6.35313797 5.92287827 5.03590941] seconds --> (5.8706 +- 0.5333)
Test time: [3.25091577 3.09406066 3.38183093 3.68241024 2.94331789] seconds --> (3.2705 +- 0.2532)
SVM classification train score: [0.5    0.5    0.5375 0.4875 0.5   ] --> (0.505 +- 0.017)
SVM classification test score: [0.5  0.55 0.35 0.5  0.8 ] --> (0.54 +- 0.1463)



-------Circuit number: 2----L: 2----Dataset: Ad hoc---------------------
Training time: [8.49912143 8.92955828 9.29538417 8.93926311 9.51075149] seconds --> (9.0348 +- 0.3469)
Test time: [5.32358146 4.3319459  4.86427212 4.33773804 5.25632334] seconds --> (4.8228 +- 0.4282)
SVM classification train score: [0.6875 0.7    0.6875 0.725  0.6875] --> (0.6975 +- 0.0146)
SVM classification test score: [0.75 0.7  0.65 0.65 0.5 ] --> (0.65 +- 0.0837)



-------Circuit number: 3----L: 2----Dataset: Ad hoc---------------------
Training time: [11.31854558 13.53009224 11.94872117 11.02498889 11.47959399] seconds --> (11.8604 +- 0.8868)
Test time: [7.2848289  6.58373904 5.43973184 5.80508518 5.89037991] seconds --> (6.2008 +- 0.6563)
SVM classification train score: [0.7    0.7375 0.775  0.7125 0.7375] --> (0.7325 +- 0.0257)
SVM classification test score: [0.7  0.8  0.65 0.75 0.75] --> (0.73 +- 0.051)



-------Circuit number: 4----L: 2----Dataset: Ad hoc---------------------
Training time: [11.36026216 11.92671943 11.91262126 12.16807151 11.91907787] seconds --> (11.8574 +- 0.2666)
Test time: [5.46963215 7.34736419 7.23206377 7.56811547 5.53609896] seconds --> (6.6307 +- 0.9274)
SVM classification train score: [0.7375 0.7    0.6875 0.75   0.725 ] --> (0.72 +- 0.0232)
SVM classification test score: [0.75 0.65 0.6  0.6  0.5 ] --> (0.62 +- 0.0812)



-------Circuit number: 5----L: 2----Dataset: Ad hoc---------------------
Training time: [12.55404496 13.09844947 14.14468169 12.43097782 13.53923798] seconds --> (13.1535 +- 0.6349)
Test time: [5.9061923  5.89036655 7.09535027 7.02528167 6.9324367 ] seconds --> (6.5699 +- 0.5508)
SVM classification train score: [0.725  0.6625 0.6625 0.675  0.7625] --> (0.6975 +- 0.0398)
SVM classification test score: [0.7  0.5  0.65 0.55 0.55] --> (0.59 +- 0.0735)



-------Circuit number: 6----L: 2----Dataset: Ad hoc---------------------
Training time: [23.42570138 20.7239275  21.24153495 24.31436825 24.62380624] seconds --> (22.8659 +- 1.5955)
Test time: [10.79199266 10.15541315 13.10722089 12.04239249 11.30455446] seconds --> (11.4803 +- 1.022)
SVM classification train score: [0.7    0.6375 0.65   0.7375 0.6375] --> (0.6725 +- 0.0398)
SVM classification test score: [0.5  0.55 0.6  0.45 0.75] --> (0.57 +- 0.103)



-------Circuit number: 7----L: 2----Dataset: Ad hoc---------------------
Training time: [16.05590963 17.99880862 18.62130523 17.07265329 17.87011075] seconds --> (17.5238 +- 0.8841)
Test time: [9.18543863 7.95095348 8.00689435 9.34329343 8.41852999] seconds --> (8.581 +- 0.583)
SVM classification train score: [0.7    0.725  0.7875 0.6375 0.775 ] --> (0.725 +- 0.0542)
SVM classification test score: [0.55 0.55 0.55 0.7  0.65] --> (0.6 +- 0.0632)



-------Circuit number: 8----L: 2----Dataset: Ad hoc---------------------
Training time: [20.59021401 19.35830188 18.39509082 18.39793825 19.40190363] seconds --> (19.2287 +- 0.8106)
Test time: [10.54331636  9.57703352  8.79296279  9.60350633 10.80841422] seconds --> (9.865 +- 0.7281)
SVM classification train score: [0.7625 0.8    0.775  0.7375 0.675 ] --> (0.75 +- 0.0426)
SVM classification test score: [0.7  0.6  0.6  0.6  0.75] --> (0.65 +- 0.0632)



-------Circuit number: 9----L: 2----Dataset: Ad hoc---------------------
Training time: [21.92942238 19.33855653 22.3443718  21.33419442 18.61190367] seconds --> (20.7117 +- 1.4718)
Test time: [11.42704272 11.14039922 10.13014483 11.80899119 12.66773677] seconds --> (11.4349 +- 0.8305)
SVM classification train score: [0.5625 0.6    0.575  0.5125 0.625 ] --> (0.575 +- 0.0379)
SVM classification test score: [0.4  0.55 0.5  0.7  0.35] --> (0.5 +- 0.1225)



-------Circuit number: 10----L: 2----Dataset: Ad hoc---------------------
Training time: [27.46459937 25.84942961 24.68090868 25.51935983 27.80056024] seconds --> (26.263 +- 1.1862)
Test time: [12.77722478 15.2725842  14.1391046  13.98917532 15.06922746] seconds --> (14.2495 +- 0.8906)
SVM classification train score: [0.6125 0.6125 0.6125 0.6    0.675 ] --> (0.6225 +- 0.0267)
SVM classification test score: [0.45 0.45 0.5  0.45 0.35] --> (0.44 +- 0.049)



-------Circuit number: 11----L: 2----Dataset: Ad hoc---------------------
Training time: [0.00193548 0.00188541 0.00209951 0.00183082 0.00150108] seconds --> (0.0019 +- 0.0002)
Test time: [0.00089216 0.00088239 0.00086331 0.00072575 0.00146222] seconds --> (0.001 +- 0.0003)
SVM classification train score: [0.625  0.575  0.6125 0.5375 0.65  ] --> (0.6 +- 0.0395)
SVM classification test score: [0.65 0.55 0.4  0.65 0.55] --> (0.56 +- 0.0917)



-------Circuit number: 12----L: 2----Dataset: Ad hoc---------------------
Training time: [0.00565195 0.00202703 0.00408173 0.00304484 0.0067327 ] seconds --> (0.0043 +- 0.0017)
Test time: [0.00070715 0.00079846 0.00079775 0.00083876 0.00090361] seconds --> (0.0008 +- 0.0001)
SVM classification train score: [0.6375 0.625  0.675  0.65   0.6625] --> (0.65 +- 0.0177)
SVM classification test score: [0.6  0.65 0.5  0.75 0.45] --> (0.59 +- 0.1068)



-------Circuit number: 13----L: 2----Dataset: Ad hoc---------------------
Training time: [0.00182629 0.00190282 0.00183797 0.00190282 0.00170755] seconds --> (0.0018 +- 0.0001)
Test time: [0.00082588 0.00093079 0.00083923 0.0009048  0.00081968] seconds --> (0.0009 +- 0.0)
SVM classification train score: [0.6375 0.6125 0.75   0.6625 0.7   ] --> (0.6725 +- 0.0483)
SVM classification test score: [0.6  0.65 0.45 0.75 0.5 ] --> (0.59 +- 0.1068)



-------Circuit number: 0----L: 2----Dataset: Iris---------------------
Training time: [166.85991573 156.56108737 180.95820332 156.1266799  179.55292368] seconds --> (168.0118 +- 10.7192)
Test time: [79.76267552 81.52999043 82.50852966 78.40556359 81.44047976] seconds --> (80.7294 +- 1.4592)
SVM classification train score: [0.95833333 0.96666667 0.975      0.99166667 0.95833333] --> (0.97 +- 0.0125)
SVM classification test score: [0.8        0.8        0.76666667 0.76666667 0.83333333] --> (0.7933 +- 0.0249)



-------Circuit number: 1----L: 2----Dataset: Iris---------------------
Training time: [14.09101605 15.35859919 18.18597341 18.49543118 15.38729024] seconds --> (16.3037 +- 1.7306)
Test time: [7.82271385 8.92212367 8.02977705 7.89093232 8.45968795] seconds --> (8.225 +- 0.4129)
SVM classification train score: [0.45       0.375      0.425      0.45833333 0.38333333] --> (0.4183 +- 0.0339)
SVM classification test score: [0.43333333 0.33333333 0.33333333 0.2        0.33333333] --> (0.3267 +- 0.0742)



-------Circuit number: 2----L: 2----Dataset: Iris---------------------
Training time: [33.99726748 35.08303809 33.93129802 33.94344497 27.48568654] seconds --> (32.8881 +- 2.7363)
Test time: [15.66715169 13.62984729 17.83225179 18.03080559 13.5827775 ] seconds --> (15.7486 +- 1.9358)
SVM classification train score: [0.98333333 0.94166667 0.95833333 0.96666667 0.95833333] --> (0.9617 +- 0.0135)
SVM classification test score: [0.9        1.         0.93333333 0.96666667 0.9       ] --> (0.94 +- 0.0389)



-------Circuit number: 3----L: 2----Dataset: Iris---------------------
Training time: [41.14184642 40.11920428 42.69498944 37.11833239 42.76002407] seconds --> (40.7669 +- 2.0766)
Test time: [21.21712542 18.70768523 19.30370021 21.18454742 17.46487284] seconds --> (19.5756 +- 1.4537)
SVM classification train score: [0.98333333 0.95833333 0.96666667 0.95833333 0.98333333] --> (0.97 +- 0.0113)
SVM classification test score: [0.96666667 1.         0.93333333 0.96666667 0.9       ] --> (0.9533 +- 0.034)



-------Circuit number: 4----L: 2----Dataset: Iris---------------------
Training time: [43.58033967 41.75822973 38.79486465 43.28147078 42.87310028] seconds --> (42.0576 +- 1.7445)
Test time: [19.1493001  22.78143024 22.77263808 19.61817956 18.7038126 ] seconds --> (20.6051 +- 1.7968)
SVM classification train score: [0.96666667 0.95833333 0.975      0.95833333 0.975     ] --> (0.9667 +- 0.0075)
SVM classification test score: [0.96666667 1.         0.93333333 0.96666667 0.9       ] --> (0.9533 +- 0.034)



-------Circuit number: 5----L: 2----Dataset: Iris---------------------
Training time: [40.47447848 42.80682516 43.8574512  42.96160555 40.46375394] seconds --> (42.1128 +- 1.3892)
Test time: [21.05406618 21.85912538 23.39499927 19.56649137 22.60541368] seconds --> (21.696 +- 1.3181)
SVM classification train score: [0.975      0.95       0.95833333 0.96666667 0.98333333] --> (0.9667 +- 0.0118)
SVM classification test score: [0.93333333 1.         0.93333333 0.96666667 0.9       ] --> (0.9467 +- 0.034)



-------Circuit number: 6----L: 2----Dataset: Iris---------------------
Training time: [71.99559665 70.97781324 70.57428503 68.31799865 71.65937948] seconds --> (70.705 +- 1.2935)
Test time: [34.34417629 34.223248   35.40520287 32.52706671 34.22143769] seconds --> (34.1442 +- 0.9228)
SVM classification train score: [0.975      0.95833333 0.99166667 0.975      0.975     ] --> (0.975 +- 0.0105)
SVM classification test score: [0.93333333 1.         0.93333333 1.         0.93333333] --> (0.96 +- 0.0327)



-------Circuit number: 7----L: 2----Dataset: Iris---------------------
Training time: [60.79087162 53.10067964 56.00249815 61.95704174 50.69689536] seconds --> (56.5096 +- 4.3283)
Test time: [29.71693444 26.49683237 28.76924276 26.37068224 27.78190374] seconds --> (27.8271 +- 1.2924)
SVM classification train score: [0.98333333 0.96666667 0.975      0.96666667 0.98333333] --> (0.975 +- 0.0075)
SVM classification test score: [0.96666667 1.         0.93333333 1.         0.9       ] --> (0.96 +- 0.0389)



-------Circuit number: 8----L: 2----Dataset: Iris---------------------
Training time: [67.9422636  70.87191248 77.74247289 72.8716414  62.76789999] seconds --> (70.4392 +- 4.9905)
Test time: [35.7383678  31.8580451  35.66741085 32.79919624 32.92290926] seconds --> (33.7972 +- 1.5992)
SVM classification train score: [0.99166667 0.99166667 0.98333333 0.99166667 0.99166667] --> (0.99 +- 0.0033)
SVM classification test score: [1.         1.         0.93333333 1.         0.9       ] --> (0.9667 +- 0.0422)



-------Circuit number: 9----L: 2----Dataset: Iris---------------------
Training time: [ 99.21214986  91.36006117  89.26103449  82.99203348 100.81023908] seconds --> (92.7271 +- 6.5734)
Test time: [43.48869419 53.36804533 37.43642116 56.74516821 45.51871777] seconds --> (47.3114 +- 6.9429)
SVM classification train score: [0.775      0.68333333 0.68333333 0.66666667 0.74166667] --> (0.71 +- 0.0413)
SVM classification test score: [0.43333333 0.53333333 0.56666667 0.6        0.36666667] --> (0.5 +- 0.0869)



-------Circuit number: 10----L: 2----Dataset: Iris---------------------
Training time: [134.60414672 136.23084712 139.89559937 139.59372759 122.93047476] seconds --> (134.651 +- 6.1936)
Test time: [59.68902802 64.3059113  67.92198324 63.90565372 58.98066401] seconds --> (62.9606 +- 3.2821)
SVM classification train score: [0.95833333 0.975      0.96666667 0.975      0.95833333] --> (0.9667 +- 0.0075)
SVM classification test score: [0.6        0.56666667 0.53333333 0.63333333 0.7       ] --> (0.6067 +- 0.0573)



-------Circuit number: 11----L: 2----Dataset: Iris---------------------
Training time: [0.00285554 0.0030241  0.00451899 0.00437522 0.00239158] seconds --> (0.0034 +- 0.0009)
Test time: [0.00153375 0.0012629  0.00203753 0.00208712 0.00131178] seconds --> (0.0016 +- 0.0004)
SVM classification train score: [0.98333333 0.975      0.98333333 0.96666667 0.975     ] --> (0.9767 +- 0.0062)
SVM classification test score: [0.93333333 1.         0.96666667 1.         0.9       ] --> (0.96 +- 0.0389)



-------Circuit number: 12----L: 2----Dataset: Iris---------------------
Training time: [0.00175714 0.00218916 0.0044086  0.00451803 0.00178957] seconds --> (0.0029 +- 0.0013)
Test time: [0.0006988  0.00083899 0.00189328 0.00195074 0.000705  ] seconds --> (0.0012 +- 0.0006)
SVM classification train score: [0.99166667 0.975      0.98333333 0.975      0.99166667] --> (0.9833 +- 0.0075)
SVM classification test score: [0.93333333 1.         0.9        1.         0.9       ] --> (0.9467 +- 0.0452)



-------Circuit number: 13----L: 2----Dataset: Iris---------------------
Training time: [0.00329089 0.00323439 0.00264859 0.00473571 0.00453854] seconds --> (0.0037 +- 0.0008)
Test time: [0.00143361 0.00164557 0.0018456  0.00220823 0.00226498] seconds --> (0.0019 +- 0.0003)
SVM classification train score: [0.98333333 0.975      0.975      0.98333333 0.975     ] --> (0.9783 +- 0.0041)
SVM classification test score: [0.96666667 1.         0.93333333 1.         0.9       ] --> (0.96 +- 0.0389)



-------Circuit number: 0----L: 2----Dataset: Uniform_noise---------------------
Training time: [39.46415949 39.86573982 37.80243039 55.79052567 49.97014594] seconds --> (44.5786 +- 7.0578)
Test time: [26.09275866 19.52859139 23.15178061 20.65989089 23.04466343] seconds --> (22.4955 +- 2.2735)
SVM classification train score: [0.625   0.6375  0.58125 0.6125  0.65   ] --> (0.6212 +- 0.0236)
SVM classification test score: [0.4   0.5   0.625 0.675 0.525] --> (0.545 +- 0.0967)



-------Circuit number: 1----L: 2----Dataset: Uniform_noise---------------------
Training time: [13.58233714 16.37789178 15.29418421 12.14147186 15.08742428] seconds --> (14.4967 +- 1.477)
Test time: [7.78027701 6.68866205 5.76997995 7.65333509 6.47542334] seconds --> (6.8735 +- 0.7538)
SVM classification train score: [0.5125  0.5     0.51875 0.50625 0.49375] --> (0.5062 +- 0.0088)
SVM classification test score: [0.375 0.475 0.325 0.5   0.525] --> (0.44 +- 0.0768)



-------Circuit number: 2----L: 2----Dataset: Uniform_noise---------------------
Training time: [28.43003249 25.66321826 24.51908755 25.0798533  23.85593295] seconds --> (25.5096 +- 1.5782)
Test time: [13.15988398 12.50065207  9.91859794 12.24676323 12.51840591] seconds --> (12.0689 +- 1.1166)
SVM classification train score: [0.6     0.6     0.61875 0.60625 0.625  ] --> (0.61 +- 0.0102)
SVM classification test score: [0.475 0.575 0.7   0.6   0.475] --> (0.565 +- 0.0846)



-------Circuit number: 3----L: 2----Dataset: Uniform_noise---------------------
Training time: [27.36837053 24.91389084 23.92034769 32.5193119  23.49002504] seconds --> (26.4424 +- 3.3226)
Test time: [13.90658641 14.71943045 14.04075909 13.48707032 12.33418918] seconds --> (13.6976 +- 0.7885)
SVM classification train score: [0.6375  0.6625  0.6625  0.65    0.66875] --> (0.6562 +- 0.0112)
SVM classification test score: [0.6   0.625 0.7   0.725 0.575] --> (0.645 +- 0.0579)



-------Circuit number: 4----L: 2----Dataset: Uniform_noise---------------------
Training time: [27.76112986 21.8766551  25.20775795 37.37581158 32.45275736] seconds --> (28.9348 +- 5.4537)
Test time: [12.71958303 18.16333723 11.99585676 12.99298286 12.83181334] seconds --> (13.7407 +- 2.2375)
SVM classification train score: [0.60625 0.6375  0.63125 0.625   0.65   ] --> (0.63 +- 0.0145)
SVM classification test score: [0.525 0.575 0.6   0.675 0.475] --> (0.57 +- 0.0678)



-------Circuit number: 5----L: 2----Dataset: Uniform_noise---------------------
Training time: [30.20533562 28.75189877 29.68877649 28.9468298  33.35142732] seconds --> (30.1889 +- 1.6649)
Test time: [15.11528921 12.19839859 12.12493372 14.37628245 15.76515579] seconds --> (13.916 +- 1.4985)
SVM classification train score: [0.61875 0.5875  0.60625 0.55    0.60625] --> (0.5938 +- 0.024)
SVM classification test score: [0.4   0.575 0.575 0.675 0.45 ] --> (0.535 +- 0.0982)



-------Circuit number: 6----L: 2----Dataset: Uniform_noise---------------------
Training time: [45.43434381 61.21431708 43.74378419 43.25286531 56.16685605] seconds --> (49.9624 +- 7.3388)
Test time: [24.29994845 25.57470512 30.72441411 28.50987911 23.4951694 ] seconds --> (26.5208 +- 2.7059)
SVM classification train score: [0.675   0.65625 0.6625  0.6625  0.6625 ] --> (0.6638 +- 0.0061)
SVM classification test score: [0.525 0.65  0.625 0.675 0.575] --> (0.61 +- 0.0539)



-------Circuit number: 7----L: 2----Dataset: Uniform_noise---------------------
Training time: [45.51906776 39.87233472 36.26585913 41.31427765 42.70362306] seconds --> (41.135 +- 3.0665)
Test time: [20.01040387 18.88657331 20.25863695 21.94912791 18.30687404] seconds --> (19.8823 +- 1.2572)
SVM classification train score: [0.6625  0.68125 0.65625 0.6375  0.6875 ] --> (0.665 +- 0.0179)
SVM classification test score: [0.55  0.6   0.625 0.8   0.6  ] --> (0.635 +- 0.086)



-------Circuit number: 8----L: 2----Dataset: Uniform_noise---------------------
Training time: [44.94890356 48.86603355 42.80006337 44.43248081 41.73746681] seconds --> (44.557 +- 2.4402)
Test time: [24.24408579 20.46409822 21.09918904 21.2711525  25.31930804] seconds --> (22.4796 +- 1.929)
SVM classification train score: [0.65    0.625   0.60625 0.6125  0.64375] --> (0.6275 +- 0.017)
SVM classification test score: [0.425 0.575 0.625 0.55  0.5  ] --> (0.535 +- 0.0682)



-------Circuit number: 9----L: 2----Dataset: Uniform_noise---------------------
Training time: [48.59858918 63.2578516  51.04446864 65.51659727 47.69770837] seconds --> (55.223 +- 7.5959)
Test time: [24.17440391 22.29922724 28.586169   25.06700587 26.32690787] seconds --> (25.2907 +- 2.1061)
SVM classification train score: [0.54375 0.575   0.53125 0.55625 0.5375 ] --> (0.5488 +- 0.0155)
SVM classification test score: [0.55 0.45 0.45 0.6  0.55] --> (0.52 +- 0.06)



-------Circuit number: 10----L: 2----Dataset: Uniform_noise---------------------
Training time: [60.5478673  56.01450014 65.53037429 60.11268663 54.81404352] seconds --> (59.4039 +- 3.7921)
Test time: [28.60036182 24.73903418 30.40007067 27.97766209 31.25759435] seconds --> (28.5949 +- 2.2626)
SVM classification train score: [0.6     0.64375 0.625   0.59375 0.63125] --> (0.6188 +- 0.019)
SVM classification test score: [0.525 0.425 0.5   0.45  0.475] --> (0.475 +- 0.0354)



-------Circuit number: 11----L: 2----Dataset: Uniform_noise---------------------
Training time: [0.00515723 0.00421238 0.0040381  0.00493932 0.0044229 ] seconds --> (0.0046 +- 0.0004)
Test time: [0.00175953 0.00172615 0.00158525 0.00171804 0.00158954] seconds --> (0.0017 +- 0.0001)
SVM classification train score: [0.64375 0.66875 0.6375  0.60625 0.6625 ] --> (0.6438 +- 0.022)
SVM classification test score: [0.525 0.55  0.6   0.775 0.575] --> (0.605 +- 0.0886)



-------Circuit number: 12----L: 2----Dataset: Uniform_noise---------------------
Training time: [0.02685094 0.00944877 0.01736164 0.01703143 0.01724815] seconds --> (0.0176 +- 0.0055)
Test time: [0.00072145 0.0010798  0.00061703 0.0010078  0.00108218] seconds --> (0.0009 +- 0.0002)
SVM classification train score: [0.64375 0.59375 0.61875 0.58125 0.6    ] --> (0.6075 +- 0.0218)
SVM classification test score: [0.425 0.6   0.5   0.675 0.65 ] --> (0.57 +- 0.0941)



-------Circuit number: 13----L: 2----Dataset: Uniform_noise---------------------
Training time: [0.00498962 0.00502181 0.00785398 0.00824094 0.00360179] seconds --> (0.0059 +- 0.0018)
Test time: [0.00206232 0.00201082 0.0027945  0.00297284 0.00142121] seconds --> (0.0023 +- 0.0006)
SVM classification train score: [0.66875 0.7     0.64375 0.63125 0.66875] --> (0.6625 +- 0.0237)
SVM classification test score: [0.55  0.575 0.6   0.7   0.6  ] --> (0.605 +- 0.051)



-------Circuit number: 0----L: 2----Dataset: Gauss_noise---------------------
Training time: [42.89875627 49.36949992 51.44382644 40.72508192 49.84854364] seconds --> (46.8571 +- 4.2325)
Test time: [22.45847869 25.49686337 26.9106853  20.04686141 26.54746795] seconds --> (24.2921 +- 2.6374)
SVM classification train score: [0.6125 0.5875 0.6125 0.625  0.6   ] --> (0.6075 +- 0.0127)
SVM classification test score: [0.5  0.5  0.45 0.55 0.5 ] --> (0.5 +- 0.0316)



-------Circuit number: 1----L: 2----Dataset: Gauss_noise---------------------
Training time: [13.37408185 15.14068723 10.68458295 14.87606692 14.32377934] seconds --> (13.6798 +- 1.6152)
Test time: [6.07229304 6.3343792  6.90288639 8.57040143 8.27426362] seconds --> (7.2308 +- 1.0136)
SVM classification train score: [0.5125  0.49375 0.51875 0.5     0.5    ] --> (0.505 +- 0.0092)
SVM classification test score: [0.425 0.45  0.625 0.45  0.35 ] --> (0.46 +- 0.0903)



-------Circuit number: 2----L: 2----Dataset: Gauss_noise---------------------
Training time: [28.13863373 23.20599651 21.25219417 28.20316243 23.60077643] seconds --> (24.8802 +- 2.8022)
Test time: [11.91601443 10.29936481 14.08588123 11.13089561 12.78013134] seconds --> (12.0425 +- 1.3119)
SVM classification train score: [0.63125 0.6125  0.5625  0.65    0.6375 ] --> (0.6188 +- 0.0306)
SVM classification test score: [0.5   0.6   0.65  0.425 0.525] --> (0.54 +- 0.0784)



-------Circuit number: 3----L: 2----Dataset: Gauss_noise---------------------
Training time: [31.36139917 30.6105473  25.78707409 28.49324512 29.36869383] seconds --> (29.1242 +- 1.9395)
Test time: [11.74370456 11.32321072 12.46422458 18.37554789 18.38668823] seconds --> (14.4587 +- 3.2234)
SVM classification train score: [0.59375 0.6125  0.6     0.65    0.6375 ] --> (0.6188 +- 0.0217)
SVM classification test score: [0.6   0.6   0.675 0.475 0.55 ] --> (0.58 +- 0.066)



-------Circuit number: 4----L: 2----Dataset: Gauss_noise---------------------
Training time: [32.24133682 28.7953701  29.77105713 26.28087759 27.25572491] seconds --> (28.8689 +- 2.0733)
Test time: [15.02591395 15.65552092 14.04962945 12.37048936 16.52076483] seconds --> (14.7245 +- 1.427)
SVM classification train score: [0.625   0.59375 0.56875 0.6375  0.6    ] --> (0.605 +- 0.0242)
SVM classification test score: [0.475 0.625 0.625 0.425 0.5  ] --> (0.53 +- 0.0812)



-------Circuit number: 5----L: 2----Dataset: Gauss_noise---------------------
Training time: [28.2326436  30.99914408 29.09257627 28.51094794 35.48307633] seconds --> (30.4637 +- 2.6889)
Test time: [12.10431886 14.74847245 14.61337852 14.65600467 13.2055335 ] seconds --> (13.8655 +- 1.0489)
SVM classification train score: [0.63125 0.6     0.56875 0.625   0.5875 ] --> (0.6025 +- 0.0233)
SVM classification test score: [0.475 0.6   0.6   0.4   0.5  ] --> (0.515 +- 0.0768)



-------Circuit number: 6----L: 2----Dataset: Gauss_noise---------------------
Training time: [45.39633799 56.9006052  58.7804265  48.49837136 57.32898378] seconds --> (53.3809 +- 5.38)
Test time: [30.62903047 27.30464816 20.0926466  28.82982326 25.56854105] seconds --> (26.4849 +- 3.6068)
SVM classification train score: [0.59375 0.63125 0.575   0.625   0.6125 ] --> (0.6075 +- 0.0207)
SVM classification test score: [0.625 0.525 0.65  0.55  0.55 ] --> (0.58 +- 0.0485)



-------Circuit number: 7----L: 2----Dataset: Gauss_noise---------------------
Training time: [34.1303854  40.38873339 34.58248281 46.35843992 36.06711078] seconds --> (38.3054 +- 4.5933)
Test time: [16.13988805 21.25195837 19.96575093 22.19823098 20.32396173] seconds --> (19.976 +- 2.069)
SVM classification train score: [0.60625 0.6125  0.58125 0.66875 0.6375 ] --> (0.6213 +- 0.0297)
SVM classification test score: [0.625 0.625 0.7   0.5   0.6  ] --> (0.61 +- 0.0644)



-------Circuit number: 8----L: 2----Dataset: Gauss_noise---------------------
Training time: [42.2513845  44.90743065 48.14172745 41.75544119 45.44584775] seconds --> (44.5004 +- 2.32)
Test time: [18.55837631 26.27467942 18.30568552 25.78485966 17.24800229] seconds --> (21.2343 +- 3.9431)
SVM classification train score: [0.625   0.61875 0.5875  0.60625 0.63125] --> (0.6138 +- 0.0155)
SVM classification test score: [0.5   0.5   0.625 0.3   0.575] --> (0.5 +- 0.1107)



-------Circuit number: 9----L: 2----Dataset: Gauss_noise---------------------
Training time: [52.83212161 43.57393837 47.51252413 57.55713677 58.55887318] seconds --> (52.0069 +- 5.7572)
Test time: [22.79869485 22.38497901 20.13886142 23.37654209 27.44949317] seconds --> (23.2297 +- 2.3783)
SVM classification train score: [0.56875 0.51875 0.5375  0.58125 0.51875] --> (0.545 +- 0.0257)
SVM classification test score: [0.425 0.525 0.5   0.5   0.525] --> (0.495 +- 0.0367)



-------Circuit number: 10----L: 2----Dataset: Gauss_noise---------------------
Training time: [54.75593853 63.78996873 59.48000383 59.72172761 52.69798422] seconds --> (58.0891 +- 3.9313)
Test time: [24.68881559 27.60183072 28.76745296 28.33214664 26.20624948] seconds --> (27.1193 +- 1.4941)
SVM classification train score: [0.59375 0.6     0.55625 0.6375  0.61875] --> (0.6013 +- 0.0272)
SVM classification test score: [0.575 0.35  0.55  0.425 0.375] --> (0.455 +- 0.0914)



-------Circuit number: 11----L: 2----Dataset: Gauss_noise---------------------
Training time: [0.00629497 0.00446463 0.0036869  0.00439143 0.00731063] seconds --> (0.0052 +- 0.0014)
Test time: [0.00263047 0.00163484 0.00150847 0.00166798 0.00267029] seconds --> (0.002 +- 0.0005)
SVM classification train score: [0.5875 0.6125 0.575  0.625  0.6   ] --> (0.6 +- 0.0177)
SVM classification test score: [0.575 0.575 0.775 0.5   0.575] --> (0.6 +- 0.0922)



-------Circuit number: 12----L: 2----Dataset: Gauss_noise---------------------
Training time: [0.02403831 0.02505946 0.02303195 0.02014041 0.0200243 ] seconds --> (0.0225 +- 0.002)
Test time: [0.00081754 0.00106168 0.00085473 0.00164962 0.00149345] seconds --> (0.0012 +- 0.0003)
SVM classification train score: [0.58125 0.575   0.55    0.60625 0.5875 ] --> (0.58 +- 0.0183)
SVM classification test score: [0.5   0.525 0.65  0.525 0.575] --> (0.555 +- 0.0534)



-------Circuit number: 13----L: 2----Dataset: Gauss_noise---------------------
Training time: [0.0064714  0.00735116 0.00819468 0.00867248 0.00728559] seconds --> (0.0076 +- 0.0008)
Test time: [0.00251532 0.00201678 0.00350165 0.00464511 0.0024457 ] seconds --> (0.003 +- 0.0009)
SVM classification train score: [0.64375 0.625   0.6375  0.6625  0.63125] --> (0.64 +- 0.0129)
SVM classification test score: [0.5   0.525 0.65  0.5   0.575] --> (0.55 +- 0.057)



-------Circuit number: 0----L: 2----Dataset: Exponential_noise---------------------
Training time: [40.66727734 42.99602675 45.02575469 59.70785499 58.43196535] seconds --> (49.3658 +- 8.0527)
Test time: [19.06230617 20.02355027 18.76368546 23.72323322 19.88043666] seconds --> (20.2906 +- 1.7812)
SVM classification train score: [0.69375 0.6625  0.66875 0.7125  0.63125] --> (0.6738 +- 0.0278)
SVM classification test score: [0.5   0.525 0.575 0.65  0.575] --> (0.565 +- 0.0515)



-------Circuit number: 1----L: 2----Dataset: Exponential_noise---------------------
Training time: [13.56835055 15.45103669 16.08167911 13.51412678 12.10719228] seconds --> (14.1445 +- 1.438)
Test time: [6.18071985 7.45952201 6.15503693 7.41773915 6.3701086 ] seconds --> (6.7166 +- 0.5943)
SVM classification train score: [0.50625 0.50625 0.5125  0.5125  0.4875 ] --> (0.505 +- 0.0092)
SVM classification test score: [0.5   0.525 0.6   0.65  0.475] --> (0.55 +- 0.0652)



-------Circuit number: 2----L: 2----Dataset: Exponential_noise---------------------
Training time: [26.26404548 26.62932301 26.55306506 26.13711143 24.16574788] seconds --> (25.9499 +- 0.9102)
Test time: [13.21565342 10.28829408 11.69607067  9.32239985 13.98328352] seconds --> (11.7011 +- 1.7411)
SVM classification train score: [0.68125 0.65625 0.65    0.6625  0.68125] --> (0.6662 +- 0.0129)
SVM classification test score: [0.6   0.5   0.65  0.525 0.6  ] --> (0.575 +- 0.0548)



-------Circuit number: 3----L: 2----Dataset: Exponential_noise---------------------
Training time: [27.6049099  30.62711549 29.79858541 26.00371909 27.4169805 ] seconds --> (28.2903 +- 1.685)
Test time: [15.66739798 12.93134594 12.30015016 16.41546607 13.4843576 ] seconds --> (14.1597 +- 1.599)
SVM classification train score: [0.70625 0.725   0.61875 0.7375  0.7125 ] --> (0.7 +- 0.042)
SVM classification test score: [0.6  0.55 0.8  0.6  0.6 ] --> (0.63 +- 0.0872)



-------Circuit number: 4----L: 2----Dataset: Exponential_noise---------------------
Training time: [25.08703899 33.25229859 24.68054032 32.79718447 25.825845  ] seconds --> (28.3286 +- 3.8546)
Test time: [12.44108105 13.68009377 17.91273475 14.81513572 14.71451592] seconds --> (14.7127 +- 1.8153)
SVM classification train score: [0.6875  0.68125 0.65625 0.7125  0.6625 ] --> (0.68 +- 0.0199)
SVM classification test score: [0.6   0.5   0.8   0.625 0.65 ] --> (0.635 +- 0.097)



-------Circuit number: 5----L: 2----Dataset: Exponential_noise---------------------
Training time: [27.91650176 29.20743132 38.47943163 26.3900094  28.34994721] seconds --> (30.0687 +- 4.3035)
Test time: [11.87747288 11.81977987 16.27570367 11.4645555  18.22251749] seconds --> (13.932 +- 2.7811)
SVM classification train score: [0.70625 0.68125 0.6625  0.68125 0.68125] --> (0.6825 +- 0.0139)
SVM classification test score: [0.55  0.5   0.825 0.55  0.725] --> (0.63 +- 0.1239)



-------Circuit number: 6----L: 2----Dataset: Exponential_noise---------------------
Training time: [49.24611688 49.9290669  49.84765434 50.78864312 48.67678118] seconds --> (49.6977 +- 0.7089)
Test time: [22.10596967 29.61712837 26.16204524 26.45480037 24.09907722] seconds --> (25.6878 +- 2.5142)
SVM classification train score: [0.7125  0.66875 0.6625  0.66875 0.66875] --> (0.6763 +- 0.0183)
SVM classification test score: [0.55  0.525 0.775 0.7   0.6  ] --> (0.63 +- 0.0941)



-------Circuit number: 7----L: 2----Dataset: Exponential_noise---------------------
Training time: [34.08122277 37.1913352  42.85652041 42.08438039 41.95773005] seconds --> (39.6342 +- 3.4231)
Test time: [19.12709069 19.68762445 21.80008483 22.76340985 19.05473447] seconds --> (20.4866 +- 1.513)
SVM classification train score: [0.64375 0.69375 0.6125  0.6     0.64375] --> (0.6387 +- 0.0325)
SVM classification test score: [0.5   0.55  0.8   0.725 0.525] --> (0.62 +- 0.1198)



-------Circuit number: 8----L: 2----Dataset: Exponential_noise---------------------
Training time: [36.69917369 34.97904658 45.231287   49.34272242 35.78333521] seconds --> (40.4071 +- 5.7915)
Test time: [23.98033381 23.21679997 23.6824708  22.98888636 23.40567064] seconds --> (23.4548 +- 0.3476)
SVM classification train score: [0.69375 0.69375 0.65    0.6625  0.71875] --> (0.6838 +- 0.0246)
SVM classification test score: [0.6   0.475 0.65  0.65  0.525] --> (0.58 +- 0.0696)



-------Circuit number: 9----L: 2----Dataset: Exponential_noise---------------------
Training time: [46.49202538 61.80255985 50.15809941 61.28432322 47.44713426] seconds --> (53.4368 +- 6.7294)
Test time: [26.35325503 26.28188324 31.15879345 26.67070699 26.74273038] seconds --> (27.4415 +- 1.8671)
SVM classification train score: [0.56875 0.575   0.55    0.5625  0.55625] --> (0.5625 +- 0.0088)
SVM classification test score: [0.475 0.475 0.55  0.625 0.6  ] --> (0.545 +- 0.062)



-------Circuit number: 10----L: 2----Dataset: Exponential_noise---------------------
Training time: [67.07144165 66.16945505 60.23274255 68.28780103 66.72428274] seconds --> (65.6971 +- 2.8191)
Test time: [29.72683549 32.37901354 31.84623814 28.74769044 33.19042158] seconds --> (31.178 +- 1.6704)
SVM classification train score: [0.66875 0.70625 0.6625  0.7     0.64375] --> (0.6762 +- 0.0235)
SVM classification test score: [0.6   0.525 0.575 0.65  0.575] --> (0.585 +- 0.0406)



-------Circuit number: 11----L: 2----Dataset: Exponential_noise---------------------
Training time: [0.00263596 0.00443339 0.00213885 0.003757   0.0067358 ] seconds --> (0.0039 +- 0.0016)
Test time: [0.00087833 0.00259876 0.00085664 0.00130081 0.00238776] seconds --> (0.0016 +- 0.0007)
SVM classification train score: [0.63125 0.64375 0.5875  0.625   0.63125] --> (0.6238 +- 0.0191)
SVM classification test score: [0.575 0.575 0.7   0.75  0.525] --> (0.625 +- 0.0851)



-------Circuit number: 12----L: 2----Dataset: Exponential_noise---------------------
Training time: [0.00523686 0.00560355 0.01462078 0.01533318 0.01728582] seconds --> (0.0116 +- 0.0051)
Test time: [0.00082469 0.00102139 0.00117874 0.00160599 0.00216293] seconds --> (0.0014 +- 0.0005)
SVM classification train score: [0.58125 0.575   0.5375  0.60625 0.63125] --> (0.5862 +- 0.0315)
SVM classification test score: [0.5   0.575 0.625 0.525 0.55 ] --> (0.555 +- 0.043)



-------Circuit number: 13----L: 2----Dataset: Exponential_noise---------------------
Training time: [0.00268173 0.00225997 0.00431681 0.00802398 0.00732303] seconds --> (0.0049 +- 0.0024)
Test time: [0.00106072 0.00097108 0.00228715 0.0033896  0.00334907] seconds --> (0.0022 +- 0.0011)
SVM classification train score: [0.75    0.74375 0.6625  0.7375  0.7375 ] --> (0.7262 +- 0.0322)
SVM classification test score: [0.6   0.575 0.8   0.625 0.65 ] --> (0.65 +- 0.0791)



-------Circuit number: 0----L: 2----Dataset: Poisson_noise---------------------
Training time: [48.40838623 50.53335929 58.95903063 49.27498579 58.91017175] seconds --> (53.2172 +- 4.7169)
Test time: [29.29803276 27.63271546 23.43337727 25.4648664  29.56373072] seconds --> (27.0785 +- 2.3367)
SVM classification train score: [0.5375  0.61875 0.6125  0.61875 0.5875 ] --> (0.595 +- 0.031)
SVM classification test score: [0.575 0.425 0.475 0.35  0.4  ] --> (0.445 +- 0.0765)



-------Circuit number: 1----L: 2----Dataset: Poisson_noise---------------------
Training time: [16.45837665 17.118922   16.35338879 14.25058818 15.48658133] seconds --> (15.9336 +- 0.9888)
Test time: [7.83952284 6.4387145  8.45236516 6.88126969 8.63655496] seconds --> (7.6497 +- 0.8615)
SVM classification train score: [0.475   0.50625 0.50625 0.48125 0.5    ] --> (0.4938 +- 0.0131)
SVM classification test score: [0.6   0.625 0.575 0.575 0.45 ] --> (0.565 +- 0.0604)



-------Circuit number: 2----L: 2----Dataset: Poisson_noise---------------------
Training time: [28.21154714 24.40593195 30.50526118 23.32075691 25.84276724] seconds --> (26.4573 +- 2.6033)
Test time: [13.63339376 13.88198233 14.16188979 12.51026964 13.26242256] seconds --> (13.49 +- 0.5722)
SVM classification train score: [0.56875 0.6     0.6125  0.5875  0.6    ] --> (0.5938 +- 0.0148)
SVM classification test score: [0.55  0.575 0.45  0.575 0.55 ] --> (0.54 +- 0.0464)



-------Circuit number: 3----L: 2----Dataset: Poisson_noise---------------------
Training time: [34.19186115 31.12019634 32.70835948 30.70342207 28.58607006] seconds --> (31.462 +- 1.8957)
Test time: [15.59026027 17.98428011 12.74976301 14.65554357 17.62840366] seconds --> (15.7217 +- 1.936)
SVM classification train score: [0.5875  0.61875 0.5875  0.6     0.6375 ] --> (0.6062 +- 0.0194)
SVM classification test score: [0.575 0.55  0.55  0.6   0.525] --> (0.56 +- 0.0255)



-------Circuit number: 4----L: 2----Dataset: Poisson_noise---------------------
Training time: [26.44909978 35.09251404 35.21459699 29.44397759 28.43998337] seconds --> (30.928 +- 3.5825)
Test time: [17.25277901 14.35286188 16.08981848 18.4075675  15.80027032] seconds --> (16.3807 +- 1.3713)
SVM classification train score: [0.58125 0.63125 0.6     0.6125  0.61875] --> (0.6087 +- 0.017)
SVM classification test score: [0.575 0.575 0.525 0.525 0.525] --> (0.545 +- 0.0245)



-------Circuit number: 5----L: 2----Dataset: Poisson_noise---------------------
Training time: [27.0786612  30.14003277 39.89422059 39.00853801 31.61362195] seconds --> (33.547 +- 5.0458)
Test time: [14.7330637  16.50887561 16.57329059 14.30081344 13.0818584 ] seconds --> (15.0396 +- 1.3404)
SVM classification train score: [0.5875  0.6     0.6125  0.56875 0.60625] --> (0.595 +- 0.0155)
SVM classification test score: [0.55  0.6   0.525 0.6   0.575] --> (0.57 +- 0.0292)



-------Circuit number: 6----L: 2----Dataset: Poisson_noise---------------------
Training time: [55.5645988  53.08039904 58.65839696 59.96639419 56.02630591] seconds --> (56.6592 +- 2.4224)
Test time: [25.79960465 31.46649766 31.70739317 26.97103572 23.77135801] seconds --> (27.9432 +- 3.1473)
SVM classification train score: [0.59375 0.58125 0.6125  0.54375 0.625  ] --> (0.5912 +- 0.0281)
SVM classification test score: [0.525 0.575 0.525 0.65  0.575] --> (0.57 +- 0.0458)



-------Circuit number: 7----L: 2----Dataset: Poisson_noise---------------------
Training time: [41.15143776 42.20615315 39.47787023 46.23542356 45.14764428] seconds --> (42.8437 +- 2.5064)
Test time: [16.63992286 21.39949751 23.79989147 21.31388497 24.50114989] seconds --> (21.5309 +- 2.7552)
SVM classification train score: [0.58125 0.6     0.5875  0.6125  0.6    ] --> (0.5962 +- 0.0109)
SVM classification test score: [0.575 0.6   0.5   0.5   0.575] --> (0.55 +- 0.0418)



-------Circuit number: 8----L: 2----Dataset: Poisson_noise---------------------
Training time: [41.69811034 57.25930929 48.51100159 41.90619349 54.64816594] seconds --> (48.8046 +- 6.3844)
Test time: [23.77718616 27.25333905 22.82693934 23.65101194 25.41304088] seconds --> (24.5843 +- 1.5762)
SVM classification train score: [0.6375  0.6125  0.63125 0.61875 0.625  ] --> (0.625 +- 0.0088)
SVM classification test score: [0.575 0.6   0.45  0.55  0.6  ] --> (0.555 +- 0.0557)



-------Circuit number: 9----L: 2----Dataset: Poisson_noise---------------------
Training time: [58.58011508 59.88677406 59.92764544 60.80249453 58.16493726] seconds --> (59.4724 +- 0.9648)
Test time: [28.01412129 32.58687544 25.74221396 30.22089148 29.76534867] seconds --> (29.2659 +- 2.288)
SVM classification train score: [0.53125 0.50625 0.55    0.5     0.5375 ] --> (0.525 +- 0.019)
SVM classification test score: [0.45  0.45  0.525 0.45  0.625] --> (0.5 +- 0.0689)



-------Circuit number: 10----L: 2----Dataset: Poisson_noise---------------------
Training time: [69.0723474  66.44307828 69.51728535 69.64826465 69.95322394] seconds --> (68.9268 +- 1.2738)
Test time: [32.79182148 35.64239597 34.63652563 33.75691032 31.73281717] seconds --> (33.7121 +- 1.3673)
SVM classification train score: [0.54375 0.5875  0.6     0.625   0.65625] --> (0.6025 +- 0.0376)
SVM classification test score: [0.525 0.55  0.5   0.45  0.4  ] --> (0.485 +- 0.0539)



-------Circuit number: 11----L: 2----Dataset: Poisson_noise---------------------
Training time: [0.00276423 0.00641108 0.00676298 0.00643206 0.00227356] seconds --> (0.0049 +- 0.002)
Test time: [0.00095177 0.00158477 0.00268269 0.00268364 0.00079727] seconds --> (0.0017 +- 0.0008)
SVM classification train score: [0.6     0.59375 0.625   0.6     0.60625] --> (0.605 +- 0.0108)
SVM classification test score: [0.625 0.65  0.575 0.55  0.55 ] --> (0.59 +- 0.0406)



-------Circuit number: 12----L: 2----Dataset: Poisson_noise---------------------
Training time: [0.00704408 0.01667976 0.01633263 0.05341101 0.0426259 ] seconds --> (0.0272 +- 0.0177)
Test time: [0.00106025 0.00517154 0.00081658 0.00074959 0.00110626] seconds --> (0.0018 +- 0.0017)
SVM classification train score: [0.575   0.59375 0.6375  0.59375 0.575  ] --> (0.595 +- 0.0228)
SVM classification test score: [0.575 0.625 0.475 0.45  0.525] --> (0.53 +- 0.064)



-------Circuit number: 13----L: 2----Dataset: Poisson_noise---------------------
Training time: [0.00304699 0.00513601 0.00506473 0.00415444 0.00408053] seconds --> (0.0043 +- 0.0008)
Test time: [0.00119138 0.01124454 0.00808048 0.00179863 0.00175619] seconds --> (0.0048 +- 0.0041)
SVM classification train score: [0.60625 0.63125 0.6625  0.60625 0.66875] --> (0.635 +- 0.0267)
SVM classification test score: [0.55  0.6   0.575 0.525 0.575] --> (0.565 +- 0.0255)



-------Circuit number: 0----L: 2----Dataset: Aleatory---------------------
Training time: [71.84132004 71.3718462  70.50973344 67.58101583 64.89071369] seconds --> (69.2389 +- 2.6303)
Test time: [32.83360696 36.37844992 33.66982484 35.66083217 35.30726647] seconds --> (34.77 +- 1.3137)
SVM classification train score: [0.65555556 0.68333333 0.67777778 0.67777778 0.68333333] --> (0.6756 +- 0.0103)
SVM classification test score: [0.6        0.57777778 0.66666667 0.62222222 0.57777778] --> (0.6089 +- 0.0333)



-------Circuit number: 1----L: 2----Dataset: Aleatory---------------------
Training time: [18.80285358 21.64290547 19.94752669 20.4650147  20.25481963] seconds --> (20.2226 +- 0.9131)
Test time: [ 9.64852071  9.36485648 10.62886977  9.23624587 10.03629613] seconds --> (9.783 +- 0.5043)
SVM classification train score: [0.52777778 0.52777778 0.52777778 0.52777778 0.53333333] --> (0.5289 +- 0.0022)
SVM classification test score: [0.53333333 0.53333333 0.53333333 0.53333333 0.51111111] --> (0.5289 +- 0.0089)



-------Circuit number: 2----L: 2----Dataset: Aleatory---------------------
Training time: [36.37360668 35.14362097 38.14225292 35.00183606 36.87052178] seconds --> (36.3064 +- 1.1616)
Test time: [17.48605895 19.10270572 18.54487324 19.49984312 18.88756728] seconds --> (18.7042 +- 0.6833)
SVM classification train score: [0.72777778 0.69444444 0.7        0.73333333 0.68888889] --> (0.7089 +- 0.0181)
SVM classification test score: [0.66666667 0.68888889 0.71111111 0.6        0.77777778] --> (0.6889 +- 0.0579)



-------Circuit number: 3----L: 2----Dataset: Aleatory---------------------
Training time: [44.51502085 42.20772243 43.00951219 37.67365718 41.46429992] seconds --> (41.774 +- 2.2863)
Test time: [19.10474682 22.22620606 19.46769834 22.23961496 23.07651448] seconds --> (21.223 +- 1.6151)
SVM classification train score: [0.67777778 0.66111111 0.64444444 0.67222222 0.63333333] --> (0.6578 +- 0.0167)
SVM classification test score: [0.53333333 0.48888889 0.6        0.62222222 0.66666667] --> (0.5822 +- 0.0635)



-------Circuit number: 4----L: 2----Dataset: Aleatory---------------------
Training time: [43.45172763 42.93559265 42.48000813 42.74428988 43.52421451] seconds --> (43.0272 +- 0.4038)
Test time: [20.08892894 21.53969455 21.43499112 20.28027701 21.27522922] seconds --> (20.9238 +- 0.6124)
SVM classification train score: [0.67777778 0.66666667 0.67777778 0.70555556 0.66111111] --> (0.6778 +- 0.0153)
SVM classification test score: [0.6        0.48888889 0.64444444 0.66666667 0.64444444] --> (0.6089 +- 0.0638)



-------Circuit number: 5----L: 2----Dataset: Aleatory---------------------
Training time: [43.64521456 46.3077631  45.37093663 45.12679958 39.49356174] seconds --> (43.9889 +- 2.4045)
Test time: [24.33961177 21.44586134 22.4386394  24.45793343 19.98162651] seconds --> (22.5327 +- 1.7129)
SVM classification train score: [0.69444444 0.71111111 0.72777778 0.71111111 0.69444444] --> (0.7078 +- 0.0125)
SVM classification test score: [0.68888889 0.66666667 0.73333333 0.57777778 0.71111111] --> (0.6756 +- 0.0537)



-------Circuit number: 6----L: 2----Dataset: Aleatory---------------------
Training time: [76.28427863 75.66690755 70.18487287 76.21057916 66.72843981] seconds --> (73.015 +- 3.8849)
Test time: [36.56918144 32.77461457 36.03114009 37.05480552 38.20823479] seconds --> (36.1276 +- 1.824)
SVM classification train score: [0.66666667 0.65555556 0.62777778 0.70555556 0.69444444] --> (0.67 +- 0.0278)
SVM classification test score: [0.6        0.55555556 0.71111111 0.71111111 0.62222222] --> (0.64 +- 0.0619)



-------Circuit number: 7----L: 2----Dataset: Aleatory---------------------
Training time: [57.06250596 50.87093139 57.87672544 57.74906397 53.52391982] seconds --> (55.4166 +- 2.773)
Test time: [30.0795455  26.17497373 29.00725269 29.29582238 28.44728923] seconds --> (28.601 +- 1.3224)
SVM classification train score: [0.66111111 0.68333333 0.66666667 0.67222222 0.64444444] --> (0.6656 +- 0.0129)
SVM classification test score: [0.64444444 0.55555556 0.66666667 0.62222222 0.66666667] --> (0.6311 +- 0.0412)



-------Circuit number: 8----L: 2----Dataset: Aleatory---------------------
Training time: [61.72803807 67.2352376  50.87728453 52.55456924 62.91954923] seconds --> (59.0629 +- 6.2949)
Test time: [50.28515267 52.43813062 42.23370194 41.87727666 46.33902121] seconds --> (46.6347 +- 4.2213)
SVM classification train score: [0.76666667 0.75555556 0.76666667 0.77222222 0.71666667] --> (0.7556 +- 0.0202)
SVM classification test score: [0.73333333 0.68888889 0.68888889 0.64444444 0.73333333] --> (0.6978 +- 0.0333)



-------Circuit number: 9----L: 2----Dataset: Aleatory---------------------
Training time: [125.87394047 121.47426629 113.41398668 118.5049274  113.49786425] seconds --> (118.553 +- 4.7769)
Test time: [64.05822945 58.73621821 61.03447676 57.15988874 62.05925679] seconds --> (60.6096 +- 2.4325)
SVM classification train score: [0.55       0.55       0.53333333 0.52222222 0.53333333] --> (0.5378 +- 0.0108)
SVM classification test score: [0.51111111 0.44444444 0.51111111 0.57777778 0.51111111] --> (0.5111 +- 0.0422)



-------Circuit number: 10----L: 2----Dataset: Aleatory---------------------
Training time: [143.05997896 140.78759813 132.43549991 146.72801471 143.25659919] seconds --> (141.2535 +- 4.8004)
Test time: [74.04064584 66.12944341 74.89655638 64.56282139 76.18373227] seconds --> (71.1626 +- 4.8234)
SVM classification train score: [0.62222222 0.65555556 0.66666667 0.64444444 0.65      ] --> (0.6478 +- 0.0147)
SVM classification test score: [0.62222222 0.55555556 0.53333333 0.66666667 0.53333333] --> (0.5822 +- 0.0533)



-------Circuit number: 11----L: 2----Dataset: Aleatory---------------------
Training time: [0.00314331 0.00613379 0.00201893 0.00187802 0.00290489] seconds --> (0.0032 +- 0.0015)
Test time: [0.00094199 0.00137067 0.00083041 0.00079703 0.00102162] seconds --> (0.001 +- 0.0002)
SVM classification train score: [0.52777778 0.52777778 0.52777778 0.52777778 0.53333333] --> (0.5289 +- 0.0022)
SVM classification test score: [0.53333333 0.53333333 0.53333333 0.53333333 0.51111111] --> (0.5289 +- 0.0089)



-------Circuit number: 12----L: 2----Dataset: Aleatory---------------------
Training time: [0.0077908  0.03563762 0.00716257 0.00876832 0.00739884] seconds --> (0.0134 +- 0.0112)
Test time: [0.00100183 0.00072193 0.00082183 0.00098681 0.00108552] seconds --> (0.0009 +- 0.0001)
SVM classification train score: [0.6        0.56111111 0.55       0.60555556 0.58333333] --> (0.58 +- 0.0215)
SVM classification test score: [0.48888889 0.48888889 0.6        0.53333333 0.64444444] --> (0.5511 +- 0.0619)



-------Circuit number: 13----L: 2----Dataset: Aleatory---------------------
Training time: [0.00314641 0.00337672 0.00311804 0.00316501 0.00285172] seconds --> (0.0031 +- 0.0002)
Test time: [0.00142932 0.00134683 0.00131822 0.00129557 0.00118947] seconds --> (0.0013 +- 0.0001)
SVM classification train score: [0.7        0.68333333 0.72777778 0.72222222 0.7       ] --> (0.7067 +- 0.0163)
SVM classification test score: [0.66666667 0.55555556 0.64444444 0.62222222 0.71111111] --> (0.64 +- 0.0514)



