-------Circuit number: 0----L: 3----Dataset: Ad hoc---------------------
Training time: [18.9962225  16.05882001 13.53163171 18.54577994 16.54437327] seconds --> (16.7354 +- 1.9569)
Test time: [8.25905585 8.09166718 9.59514642 9.49100423 9.96275377] seconds --> (9.0799 +- 0.7569)
SVM classification train score: [0.8625 0.9    0.9    0.8625 0.9125] --> (0.8875 +- 0.0209)
SVM classification test score: [0.8  0.7  0.9  0.85 0.85] --> (0.82 +- 0.0678)



-------Circuit number: 1----L: 3----Dataset: Ad hoc---------------------
Training time: [5.03138781 5.49841237 4.71583891 5.17549038 5.16825962] seconds --> (5.1179 +- 0.2529)
Test time: [2.82219124 1.81589937 2.53496599 2.42084312 2.22516441] seconds --> (2.3638 +- 0.3353)
SVM classification train score: [0.5    0.4875 0.5    0.5    0.5   ] --> (0.4975 +- 0.005)
SVM classification test score: [0.6  0.65 0.35 0.55 0.65] --> (0.56 +- 0.1114)



-------Circuit number: 2----L: 3----Dataset: Ad hoc---------------------
Training time: [10.86378813  9.03573871 11.22641706 11.13189793  7.89444184] seconds --> (10.0305 +- 1.3334)
Test time: [5.04489708 4.52300262 4.17319345 5.28605103 3.9764266 ] seconds --> (4.6007 +- 0.4991)
SVM classification train score: [0.7875 0.7875 0.825  0.8    0.8125] --> (0.8025 +- 0.0146)
SVM classification test score: [0.8  0.75 0.6  0.65 0.75] --> (0.71 +- 0.0735)



-------Circuit number: 3----L: 3----Dataset: Ad hoc---------------------
Training time: [11.2108779  12.32800174  9.56041002 10.04450607  9.72033691] seconds --> (10.5728 +- 1.0506)
Test time: [5.80400681 6.1145227  4.66467381 5.22136974 5.83926535] seconds --> (5.5288 +- 0.5209)
SVM classification train score: [0.65   0.6875 0.6625 0.7    0.6375] --> (0.6675 +- 0.0232)
SVM classification test score: [0.5  0.5  0.55 0.55 0.65] --> (0.55 +- 0.0548)



-------Circuit number: 4----L: 3----Dataset: Ad hoc---------------------
Training time: [11.82732463 12.6697197   9.15360808 10.45135117 11.17573738] seconds --> (11.0555 +- 1.1998)
Test time: [5.66926003 5.52769637 5.68990374 5.63438129 5.61120176] seconds --> (5.6265 +- 0.0564)
SVM classification train score: [0.775  0.7125 0.6875 0.75   0.725 ] --> (0.73 +- 0.0302)
SVM classification test score: [0.6  0.75 0.55 0.75 0.6 ] --> (0.65 +- 0.0837)



-------Circuit number: 5----L: 3----Dataset: Ad hoc---------------------
Training time: [10.60608673 13.43183041 11.05339217 12.63897562 12.73957729] seconds --> (12.094 +- 1.0771)
Test time: [6.44914865 5.51767564 5.49035501 4.99430275 6.30482888] seconds --> (5.7513 +- 0.5457)
SVM classification train score: [0.8375 0.775  0.85   0.8125 0.8   ] --> (0.815 +- 0.0267)
SVM classification test score: [0.7  0.85 0.6  0.7  0.6 ] --> (0.69 +- 0.0917)



-------Circuit number: 6----L: 3----Dataset: Ad hoc---------------------
Training time: [19.60893273 20.22692442 20.79681754 20.62566733 17.61346436] seconds --> (19.7744 +- 1.1551)
Test time: [11.32843256 10.59886122 10.1347928   9.13195825  9.05814099] seconds --> (10.0504 +- 0.8683)
SVM classification train score: [0.675  0.6625 0.6875 0.6625 0.625 ] --> (0.6625 +- 0.0209)
SVM classification test score: [0.55 0.65 0.35 0.65 0.7 ] --> (0.58 +- 0.1249)



-------Circuit number: 7----L: 3----Dataset: Ad hoc---------------------
Training time: [15.75512362 15.89434385 15.71052814 13.77815461 13.23250151] seconds --> (14.8741 +- 1.1325)
Test time: [7.57302451 8.15980768 6.9129765  8.27349401 8.20272732] seconds --> (7.8244 +- 0.5198)
SVM classification train score: [0.7125 0.7375 0.7    0.7375 0.725 ] --> (0.7225 +- 0.0146)
SVM classification test score: [0.65 0.55 0.8  0.6  0.7 ] --> (0.66 +- 0.086)



-------Circuit number: 8----L: 3----Dataset: Ad hoc---------------------
Training time: [18.89836359 18.95709085 18.82821631 12.52084589 13.88790989] seconds --> (16.6185 +- 2.8212)
Test time: [ 8.67057681 10.01638389  7.97925758  9.65714145  6.98234463] seconds --> (8.6611 +- 1.1056)
SVM classification train score: [0.7625 0.725  0.75   0.7875 0.7375] --> (0.7525 +- 0.0215)
SVM classification test score: [0.65 0.6  0.5  0.65 0.55] --> (0.59 +- 0.0583)



-------Circuit number: 9----L: 3----Dataset: Ad hoc---------------------
Training time: [22.45866036 20.06966329 17.31133771 19.59286618 15.46574831] seconds --> (18.9797 +- 2.3999)
Test time: [ 9.36304808 10.55403829 10.49887156  9.05909824  8.06543255] seconds --> (9.5081 +- 0.9359)
SVM classification train score: [0.55   0.5875 0.6125 0.6    0.55  ] --> (0.58 +- 0.0257)
SVM classification test score: [0.55 0.65 0.55 0.5  0.5 ] --> (0.55 +- 0.0548)



-------Circuit number: 10----L: 3----Dataset: Ad hoc---------------------
Training time: [24.89912629 24.08342838 23.3871038  26.47209096 27.18137741] seconds --> (25.2046 +- 1.426)
Test time: [13.40310812 12.02888036 13.42211676 10.45554066 12.92561173] seconds --> (12.4471 +- 1.1167)
SVM classification train score: [0.65   0.5375 0.625  0.625  0.65  ] --> (0.6175 +- 0.0415)
SVM classification test score: [0.5  0.35 0.35 0.15 0.35] --> (0.34 +- 0.1114)



-------Circuit number: 11----L: 3----Dataset: Ad hoc---------------------
Training time: [0.00186324 0.00199723 0.00130486 0.00325322 0.00138831] seconds --> (0.002 +- 0.0007)
Test time: [0.00087476 0.00079465 0.00052547 0.00150704 0.000808  ] seconds --> (0.0009 +- 0.0003)
SVM classification train score: [0.625  0.575  0.6125 0.5375 0.65  ] --> (0.6 +- 0.0395)
SVM classification test score: [0.65 0.55 0.4  0.65 0.55] --> (0.56 +- 0.0917)



-------Circuit number: 12----L: 3----Dataset: Ad hoc---------------------
Training time: [0.00750041 0.00753546 0.00418687 0.00987506 0.00469279] seconds --> (0.0068 +- 0.0021)
Test time: [0.00086045 0.0018425  0.00076199 0.00278473 0.00063992] seconds --> (0.0014 +- 0.0008)
SVM classification train score: [0.6375 0.625  0.675  0.65   0.6625] --> (0.65 +- 0.0177)
SVM classification test score: [0.6  0.65 0.5  0.75 0.45] --> (0.59 +- 0.1068)



-------Circuit number: 13----L: 3----Dataset: Ad hoc---------------------
Training time: [0.00127554 0.00195599 0.00087571 0.00517821 0.00442076] seconds --> (0.0027 +- 0.0017)
Test time: [0.00055051 0.00079513 0.00044656 0.00161982 0.00162625] seconds --> (0.001 +- 0.0005)
SVM classification train score: [0.6375 0.6125 0.75   0.6625 0.7   ] --> (0.6725 +- 0.0483)
SVM classification test score: [0.6  0.65 0.45 0.75 0.5 ] --> (0.59 +- 0.1068)



-------Circuit number: 0----L: 3----Dataset: Iris---------------------
Training time: [141.77182388 138.52180886 139.37681198 141.16441321 145.69587016] seconds --> (141.3061 +- 2.4892)
Test time: [78.82995105 66.94151616 67.71947908 67.30356097 73.53850651] seconds --> (70.8666 +- 4.6596)
SVM classification train score: [0.93333333 0.95833333 0.95       0.95       0.975     ] --> (0.9533 +- 0.0135)
SVM classification test score: [0.5        0.6        0.63333333 0.53333333 0.53333333] --> (0.56 +- 0.049)



-------Circuit number: 1----L: 3----Dataset: Iris---------------------
Training time: [22.00466919 18.70740771 21.75154781 21.73638892 21.04332209] seconds --> (21.0487 +- 1.2135)
Test time: [10.43768573 10.5056169   9.24178076 11.85318518 12.67451811] seconds --> (10.9426 +- 1.1973)
SVM classification train score: [0.375      0.4        0.55       0.40833333 0.40833333] --> (0.4283 +- 0.062)
SVM classification test score: [0.36666667 0.26666667 0.33333333 0.2        0.26666667] --> (0.2867 +- 0.0581)



-------Circuit number: 2----L: 3----Dataset: Iris---------------------
Training time: [41.19911194 47.32713437 40.42266464 42.82242894 46.06192565] seconds --> (43.5667 +- 2.6986)
Test time: [23.32105637 23.35766244 23.65120149 19.12464452 19.7156713 ] seconds --> (21.834 +- 1.9831)
SVM classification train score: [0.95833333 0.93333333 0.975      0.94166667 0.94166667] --> (0.95 +- 0.0149)
SVM classification test score: [0.9        0.96666667 0.93333333 0.93333333 0.9       ] --> (0.9267 +- 0.0249)



-------Circuit number: 3----L: 3----Dataset: Iris---------------------
Training time: [58.69741774 52.0770793  51.80927825 52.45223641 59.09937191] seconds --> (54.8271 +- 3.3329)
Test time: [25.71932864 26.11683989 28.2318716  30.43027925 32.4436245 ] seconds --> (28.5884 +- 2.5582)
SVM classification train score: [0.98333333 0.975      0.975      0.975      0.975     ] --> (0.9767 +- 0.0033)
SVM classification test score: [0.9        1.         0.93333333 0.96666667 0.9       ] --> (0.94 +- 0.0389)



-------Circuit number: 4----L: 3----Dataset: Iris---------------------
Training time: [48.99897742 58.12766361 59.67960119 54.53426337 49.05222583] seconds --> (54.0785 +- 4.4506)
Test time: [29.01723909 30.726125   29.77496243 25.5868516  26.44492626] seconds --> (28.31 +- 1.9687)
SVM classification train score: [0.99166667 0.975      0.98333333 0.975      0.98333333] --> (0.9817 +- 0.0062)
SVM classification test score: [0.93333333 1.         0.93333333 1.         0.93333333] --> (0.96 +- 0.0327)



-------Circuit number: 5----L: 3----Dataset: Iris---------------------
Training time: [62.23018456 61.50901389 64.52205467 58.90555811 60.10821462] seconds --> (61.455 +- 1.9144)
Test time: [31.06557393 26.73915052 31.01379347 29.95515847 28.70377326] seconds --> (29.4955 +- 1.6252)
SVM classification train score: [0.975      0.96666667 0.975      0.975      0.98333333] --> (0.975 +- 0.0053)
SVM classification test score: [0.93333333 1.         0.93333333 0.93333333 0.9       ] --> (0.94 +- 0.0327)



-------Circuit number: 6----L: 3----Dataset: Iris---------------------
Training time: [ 96.28603983 100.95560956  87.45199203 102.39487815  96.46146178] seconds --> (96.71 +- 5.221)
Test time: [49.6328702  49.09103489 50.15861773 50.59592652 54.5934422 ] seconds --> (50.8144 +- 1.9558)
SVM classification train score: [0.975      0.975      0.98333333 0.98333333 0.975     ] --> (0.9783 +- 0.0041)
SVM classification test score: [0.93333333 1.         0.93333333 0.96666667 0.9       ] --> (0.9467 +- 0.034)



-------Circuit number: 7----L: 3----Dataset: Iris---------------------
Training time: [82.20857072 82.6252594  76.73873687 77.37545776 65.16235757] seconds --> (76.8221 +- 6.308)
Test time: [35.43060994 37.13585377 37.27839208 34.79439664 38.62262726] seconds --> (36.6524 +- 1.3749)
SVM classification train score: [0.98333333 0.96666667 0.975      0.96666667 0.98333333] --> (0.975 +- 0.0075)
SVM classification test score: [0.93333333 1.         0.96666667 1.         0.9       ] --> (0.96 +- 0.0389)



-------Circuit number: 8----L: 3----Dataset: Iris---------------------
Training time: [ 98.07894158  95.72817826  94.32919526  98.22053814 100.09601736] seconds --> (97.2906 +- 2.0282)
Test time: [46.45415854 51.99184561 45.99804592 48.74497128 47.14717054] seconds --> (48.0672 +- 2.1722)
SVM classification train score: [0.99166667 0.99166667 1.         0.98333333 0.98333333] --> (0.99 +- 0.0062)
SVM classification test score: [0.93333333 0.96666667 0.93333333 1.         0.93333333] --> (0.9533 +- 0.0267)



-------Circuit number: 9----L: 3----Dataset: Iris---------------------
Training time: [139.32236671 133.25560594 146.70335579 132.77255893 134.99145842] seconds --> (137.4091 +- 5.1892)
Test time: [77.36671662 76.73122835 78.02577162 71.90421367 59.01146531] seconds --> (72.6079 +- 7.1325)
SVM classification train score: [0.83333333 0.83333333 0.81666667 0.825      0.775     ] --> (0.8167 +- 0.0217)
SVM classification test score: [0.53333333 0.63333333 0.6        0.66666667 0.7       ] --> (0.6267 +- 0.0573)



-------Circuit number: 10----L: 3----Dataset: Iris---------------------
Training time: [211.06057572 191.08664703 194.78728843 191.29421353 201.58878875] seconds --> (197.9635 +- 7.5701)
Test time: [100.01618981 105.3001833   94.28516746 100.69363141  90.10765195] seconds --> (98.0806 +- 5.3041)
SVM classification train score: [0.95       0.95833333 0.96666667 0.98333333 0.99166667] --> (0.97 +- 0.0155)
SVM classification test score: [0.56666667 0.53333333 0.63333333 0.5        0.3       ] --> (0.5067 +- 0.1123)



-------Circuit number: 11----L: 3----Dataset: Iris---------------------
Training time: [0.00302958 0.00427294 0.00350642 0.00452232 0.00265741] seconds --> (0.0036 +- 0.0007)
Test time: [0.0014236  0.00194979 0.00158882 0.00208569 0.0011673 ] seconds --> (0.0016 +- 0.0003)
SVM classification train score: [0.98333333 0.975      0.98333333 0.96666667 0.975     ] --> (0.9767 +- 0.0062)
SVM classification test score: [0.93333333 1.         0.96666667 1.         0.9       ] --> (0.96 +- 0.0389)



-------Circuit number: 12----L: 3----Dataset: Iris---------------------
Training time: [0.00429487 0.0029192  0.00422955 0.00294495 0.0041492 ] seconds --> (0.0037 +- 0.0006)
Test time: [0.0014894  0.0111475  0.00197911 0.0011909  0.00196528] seconds --> (0.0036 +- 0.0038)
SVM classification train score: [0.99166667 0.975      0.98333333 0.975      0.99166667] --> (0.9833 +- 0.0075)
SVM classification test score: [0.93333333 1.         0.9        1.         0.9       ] --> (0.9467 +- 0.0452)



-------Circuit number: 13----L: 3----Dataset: Iris---------------------
Training time: [0.00550294 0.00345874 0.00855732 0.00260377 0.00257826] seconds --> (0.0045 +- 0.0023)
Test time: [0.0022788  0.00148678 0.0011394  0.00117922 0.00121474] seconds --> (0.0015 +- 0.0004)
SVM classification train score: [0.98333333 0.975      0.975      0.98333333 0.975     ] --> (0.9783 +- 0.0041)
SVM classification test score: [0.96666667 1.         0.93333333 1.         0.9       ] --> (0.96 +- 0.0389)



-------Circuit number: 0----L: 3----Dataset: Uniform_noise---------------------
Training time: [71.12105608 60.94890952 75.72042704 71.38293576 73.4393785 ] seconds --> (70.5225 +- 5.0652)
Test time: [33.0900929  31.49819469 35.29115224 33.97071838 35.76175308] seconds --> (33.9224 +- 1.5381)
SVM classification train score: [0.61875 0.6125  0.6125  0.60625 0.6125 ] --> (0.6125 +- 0.004)
SVM classification test score: [0.45  0.675 0.525 0.65  0.55 ] --> (0.57 +- 0.0828)



-------Circuit number: 1----L: 3----Dataset: Uniform_noise---------------------
Training time: [20.00329638 21.59010935 18.26235652 22.18088651 19.4224515 ] seconds --> (20.2918 +- 1.4291)
Test time: [ 8.74558377 10.48317194 10.27541041  8.94285655  9.27277899] seconds --> (9.544 +- 0.7056)
SVM classification train score: [0.5     0.475   0.5125  0.5125  0.54375] --> (0.5087 +- 0.0222)
SVM classification test score: [0.425 0.55  0.6   0.525 0.575] --> (0.535 +- 0.0604)



-------Circuit number: 2----L: 3----Dataset: Uniform_noise---------------------
Training time: [34.9411552  39.5802753  36.30800152 36.07016492 35.54492903] seconds --> (36.4889 +- 1.6156)
Test time: [20.95943356 16.16143107 20.36122108 19.0612371  17.6543119 ] seconds --> (18.8395 +- 1.757)
SVM classification train score: [0.60625 0.6625  0.64375 0.6     0.65   ] --> (0.6325 +- 0.0248)
SVM classification test score: [0.475 0.55  0.6   0.575 0.525] --> (0.545 +- 0.043)



-------Circuit number: 3----L: 3----Dataset: Uniform_noise---------------------
Training time: [43.10759211 47.57253408 38.96635675 41.77412033 50.90761828] seconds --> (44.4656 +- 4.254)
Test time: [24.51014113 22.18626332 26.20356941 18.17971277 23.11450624] seconds --> (22.8388 +- 2.6953)
SVM classification train score: [0.64375 0.68125 0.64375 0.63125 0.675  ] --> (0.655 +- 0.0195)
SVM classification test score: [0.575 0.6   0.55  0.775 0.6  ] --> (0.62 +- 0.0797)



-------Circuit number: 4----L: 3----Dataset: Uniform_noise---------------------
Training time: [48.94046783 39.69136    49.27050638 44.05520558 45.43884969] seconds --> (45.4793 +- 3.518)
Test time: [21.70564055 19.98744965 23.91530967 22.45615506 17.51429677] seconds --> (21.1158 +- 2.2012)
SVM classification train score: [0.64375 0.65    0.64375 0.65    0.6625 ] --> (0.65 +- 0.0068)
SVM classification test score: [0.55  0.55  0.625 0.675 0.625] --> (0.605 +- 0.0485)



-------Circuit number: 5----L: 3----Dataset: Uniform_noise---------------------
Training time: [44.06310511 47.0962894  40.48543358 52.35258698 51.70460987] seconds --> (47.1404 +- 4.5113)
Test time: [26.83774352 21.34939623 27.76321626 21.41249013 23.25719023] seconds --> (24.124 +- 2.6985)
SVM classification train score: [0.61875 0.6125  0.64375 0.625   0.65   ] --> (0.63 +- 0.0145)
SVM classification test score: [0.525 0.6   0.45  0.625 0.525] --> (0.545 +- 0.062)



-------Circuit number: 6----L: 3----Dataset: Uniform_noise---------------------
Training time: [74.26584291 72.88681626 77.96022058 66.10506749 80.8248179 ] seconds --> (74.4086 +- 5.0013)
Test time: [37.62215996 39.22326827 38.86656642 37.79720497 40.34583688] seconds --> (38.771 +- 0.9962)
SVM classification train score: [0.65    0.6375  0.6375  0.6125  0.65625] --> (0.6388 +- 0.015)
SVM classification test score: [0.525 0.575 0.65  0.6   0.575] --> (0.585 +- 0.0406)



-------Circuit number: 7----L: 3----Dataset: Uniform_noise---------------------
Training time: [64.44365096 57.57213879 63.29302597 64.12531185 65.93938184] seconds --> (63.0747 +- 2.8813)
Test time: [29.70365596 32.10288739 34.43614507 29.90531611 29.5207417 ] seconds --> (31.1337 +- 1.8974)
SVM classification train score: [0.66875 0.625   0.63125 0.6     0.65625] --> (0.6362 +- 0.0242)
SVM classification test score: [0.55  0.6   0.6   0.675 0.525] --> (0.59 +- 0.0515)



-------Circuit number: 8----L: 3----Dataset: Uniform_noise---------------------
Training time: [72.32524562 66.21230412 63.44575167 74.70838118 66.25376701] seconds --> (68.5891 +- 4.2181)
Test time: [33.64937639 37.31564045 31.43800235 28.78382635 33.91944766] seconds --> (33.0213 +- 2.8322)
SVM classification train score: [0.70625 0.6375  0.63125 0.6375  0.64375] --> (0.6512 +- 0.0278)
SVM classification test score: [0.55  0.6   0.625 0.6   0.5  ] --> (0.575 +- 0.0447)



-------Circuit number: 9----L: 3----Dataset: Uniform_noise---------------------
Training time: [87.65177774 80.90460992 75.13655281 74.90609384 75.14868379] seconds --> (78.7495 +- 4.9937)
Test time: [31.73711371 32.46438551 37.84510446 45.1133883  37.49708462] seconds --> (36.9314 +- 4.7966)
SVM classification train score: [0.56875 0.5375  0.54375 0.53125 0.5375 ] --> (0.5438 +- 0.0131)
SVM classification test score: [0.475 0.525 0.375 0.525 0.575] --> (0.495 +- 0.0678)



-------Circuit number: 10----L: 3----Dataset: Uniform_noise---------------------
Training time: [84.32791376 83.17730594 92.91938758 96.15831733 79.85464144] seconds --> (87.2875 +- 6.1856)
Test time: [45.43087959 42.58743501 47.81384325 43.82153416 45.3814795 ] seconds --> (45.007 +- 1.7583)
SVM classification train score: [0.625   0.61875 0.6125  0.59375 0.6125 ] --> (0.6125 +- 0.0105)
SVM classification test score: [0.525 0.6   0.425 0.45  0.6  ] --> (0.52 +- 0.0731)



-------Circuit number: 11----L: 3----Dataset: Uniform_noise---------------------
Training time: [0.00451517 0.00626898 0.00701284 0.00431275 0.00275111] seconds --> (0.005 +- 0.0015)
Test time: [0.01230812 0.01404476 0.0023632  0.00165391 0.00088382] seconds --> (0.0063 +- 0.0057)
SVM classification train score: [0.64375 0.66875 0.6375  0.60625 0.6625 ] --> (0.6438 +- 0.022)
SVM classification test score: [0.525 0.55  0.6   0.775 0.575] --> (0.605 +- 0.0886)



-------Circuit number: 12----L: 3----Dataset: Uniform_noise---------------------
Training time: [0.02040243 0.01715827 0.03581333 0.0248127  0.0182054 ] seconds --> (0.0233 +- 0.0068)
Test time: [0.00093842 0.00137687 0.00069261 0.00068808 0.00140214] seconds --> (0.001 +- 0.0003)
SVM classification train score: [0.64375 0.59375 0.61875 0.58125 0.6    ] --> (0.6075 +- 0.0218)
SVM classification test score: [0.425 0.6   0.5   0.675 0.65 ] --> (0.57 +- 0.0941)



-------Circuit number: 13----L: 3----Dataset: Uniform_noise---------------------
Training time: [0.00506163 0.00296926 0.00256324 0.0053122  0.00279522] seconds --> (0.0037 +- 0.0012)
Test time: [0.00195193 0.00132179 0.0011003  0.00365615 0.00108528] seconds --> (0.0018 +- 0.001)
SVM classification train score: [0.66875 0.7     0.64375 0.63125 0.66875] --> (0.6625 +- 0.0237)
SVM classification test score: [0.55  0.575 0.6   0.7   0.6  ] --> (0.605 +- 0.051)



-------Circuit number: 0----L: 3----Dataset: Gauss_noise---------------------
Training time: [72.01980567 70.01535654 63.2050252  63.05824041 70.70504165] seconds --> (67.8007 +- 3.8666)
Test time: [29.65833044 38.11630559 37.73127055 33.61288047 37.33728862] seconds --> (35.2912 +- 3.2455)
SVM classification train score: [0.61875 0.63125 0.59375 0.61875 0.60625] --> (0.6137 +- 0.0127)
SVM classification test score: [0.5   0.525 0.5   0.5   0.45 ] --> (0.495 +- 0.0245)



-------Circuit number: 1----L: 3----Dataset: Gauss_noise---------------------
Training time: [19.07388878 19.43579292 18.76544142 19.77425337 19.57340217] seconds --> (19.3246 +- 0.3611)
Test time: [ 9.7950573   9.98172569  9.3674376  10.38452148 10.61081719] seconds --> (10.0279 +- 0.4381)
SVM classification train score: [0.49375 0.5125  0.51875 0.50625 0.50625] --> (0.5075 +- 0.0083)
SVM classification test score: [0.4   0.525 0.5   0.425 0.5  ] --> (0.47 +- 0.0485)



-------Circuit number: 2----L: 3----Dataset: Gauss_noise---------------------
Training time: [39.0953908  36.24098659 34.99726915 32.80919003 38.32170486] seconds --> (36.2929 +- 2.271)
Test time: [19.49427104 21.03899503 15.76908851 18.14281273 18.09198761] seconds --> (18.5074 +- 1.7428)
SVM classification train score: [0.5875  0.56875 0.575   0.60625 0.5875 ] --> (0.585 +- 0.0129)
SVM classification test score: [0.375 0.475 0.4   0.325 0.525] --> (0.42 +- 0.0714)



-------Circuit number: 3----L: 3----Dataset: Gauss_noise---------------------
Training time: [40.64110518 37.7682302  47.37067819 42.25541425 46.50143003] seconds --> (42.9074 +- 3.6003)
Test time: [17.46343827 19.5963459  23.94620657 23.01028419 26.57476592] seconds --> (22.1182 +- 3.2257)
SVM classification train score: [0.6375  0.6125  0.58125 0.6625  0.6375 ] --> (0.6262 +- 0.0275)
SVM classification test score: [0.575 0.625 0.75  0.45  0.55 ] --> (0.59 +- 0.0982)



-------Circuit number: 4----L: 3----Dataset: Gauss_noise---------------------
Training time: [47.90853596 37.87746072 43.7782464  44.71979475 45.90553689] seconds --> (44.0379 +- 3.375)
Test time: [24.59327054 21.98041153 19.65829802 20.57792544 23.10437179] seconds --> (21.9829 +- 1.7578)
SVM classification train score: [0.6125  0.6125  0.59375 0.6375  0.625  ] --> (0.6162 +- 0.0146)
SVM classification test score: [0.45  0.575 0.6   0.4   0.525] --> (0.51 +- 0.0752)



-------Circuit number: 5----L: 3----Dataset: Gauss_noise---------------------
Training time: [44.18787432 43.25913095 43.44916081 45.16854596 50.68503332] seconds --> (45.3499 +- 2.7507)
Test time: [19.7194674  19.5943284  23.36254621 23.84174299 22.04705739] seconds --> (21.713 +- 1.7792)
SVM classification train score: [0.6     0.55625 0.5875  0.5875  0.55   ] --> (0.5762 +- 0.0195)
SVM classification test score: [0.4   0.425 0.35  0.275 0.525] --> (0.395 +- 0.0828)



-------Circuit number: 6----L: 3----Dataset: Gauss_noise---------------------
Training time: [80.50312567 74.93707514 82.33721042 70.19864941 76.17042351] seconds --> (76.8293 +- 4.2852)
Test time: [42.31221223 33.678087   34.81905746 34.96337509 38.47168541] seconds --> (36.8489 +- 3.1689)
SVM classification train score: [0.6375 0.6125 0.575  0.6125 0.625 ] --> (0.6125 +- 0.0209)
SVM classification test score: [0.4   0.55  0.65  0.525 0.5  ] --> (0.525 +- 0.0806)



-------Circuit number: 7----L: 3----Dataset: Gauss_noise---------------------
Training time: [65.33350039 61.50918245 57.64314365 62.50419545 63.70904112] seconds --> (62.1398 +- 2.5851)
Test time: [26.95308876 28.57295132 30.89802003 29.89896226 30.74709845] seconds --> (29.414 +- 1.4818)
SVM classification train score: [0.6125  0.6375  0.625   0.65625 0.65   ] --> (0.6362 +- 0.016)
SVM classification test score: [0.55  0.6   0.725 0.5   0.6  ] --> (0.595 +- 0.0748)



-------Circuit number: 8----L: 3----Dataset: Gauss_noise---------------------
Training time: [64.95952749 64.90919662 67.34004474 70.98592401 70.32628202] seconds --> (67.7042 +- 2.5738)
Test time: [35.69415522 28.62833619 34.74826622 33.17971873 28.76659679] seconds --> (32.2034 +- 2.9735)
SVM classification train score: [0.61875 0.61875 0.6     0.59375 0.6125 ] --> (0.6088 +- 0.0102)
SVM classification test score: [0.475 0.525 0.575 0.425 0.525] --> (0.505 +- 0.051)



-------Circuit number: 9----L: 3----Dataset: Gauss_noise---------------------
Training time: [79.418437   80.3073473  71.98164463 80.61024475 78.85369158] seconds --> (78.2343 +- 3.1882)
Test time: [40.92902112 35.20130539 40.34197903 41.47973609 40.00080609] seconds --> (39.5906 +- 2.2521)
SVM classification train score: [0.5625  0.575   0.51875 0.525   0.5375 ] --> (0.5438 +- 0.0217)
SVM classification test score: [0.55  0.375 0.65  0.575 0.5  ] --> (0.53 +- 0.0914)



-------Circuit number: 10----L: 3----Dataset: Gauss_noise---------------------
Training time: [92.82642102 85.39693403 95.87662268 98.20316887 91.04677892] seconds --> (92.67 +- 4.3922)
Test time: [47.40815234 48.76679087 45.23157597 46.7887454  47.27307034] seconds --> (47.0937 +- 1.1394)
SVM classification train score: [0.60625 0.59375 0.6     0.65625 0.625  ] --> (0.6162 +- 0.0226)
SVM classification test score: [0.375 0.45  0.525 0.35  0.425] --> (0.425 +- 0.0612)



-------Circuit number: 11----L: 3----Dataset: Gauss_noise---------------------
Training time: [0.00289845 0.00438952 0.00395942 0.00216985 0.00322866] seconds --> (0.0033 +- 0.0008)
Test time: [0.00089502 0.00166583 0.0017643  0.00079536 0.00131202] seconds --> (0.0013 +- 0.0004)
SVM classification train score: [0.5875 0.6125 0.575  0.625  0.6   ] --> (0.6 +- 0.0177)
SVM classification test score: [0.575 0.575 0.775 0.5   0.575] --> (0.6 +- 0.0922)



-------Circuit number: 12----L: 3----Dataset: Gauss_noise---------------------
Training time: [0.04748726 0.02503538 0.0430882  0.00996375 0.01488566] seconds --> (0.0281 +- 0.0149)
Test time: [0.00532961 0.00066376 0.00110888 0.00093889 0.00114131] seconds --> (0.0018 +- 0.0018)
SVM classification train score: [0.58125 0.575   0.55    0.60625 0.5875 ] --> (0.58 +- 0.0183)
SVM classification test score: [0.5   0.525 0.65  0.525 0.575] --> (0.555 +- 0.0534)



-------Circuit number: 13----L: 3----Dataset: Gauss_noise---------------------
Training time: [0.0050528  0.00510645 0.0059166  0.00287294 0.00374246] seconds --> (0.0045 +- 0.0011)
Test time: [0.00145006 0.00229239 0.00184822 0.00118351 0.00146413] seconds --> (0.0016 +- 0.0004)
SVM classification train score: [0.64375 0.625   0.6375  0.6625  0.63125] --> (0.64 +- 0.0129)
SVM classification test score: [0.5   0.525 0.65  0.5   0.575] --> (0.55 +- 0.057)



-------Circuit number: 0----L: 3----Dataset: Exponential_noise---------------------
Training time: [63.51104617 67.25367904 71.25782013 71.83384657 61.0795567 ] seconds --> (66.9872 +- 4.2139)
Test time: [36.08414626 33.56606936 32.9200573  31.57320333 34.08935428] seconds --> (33.6466 +- 1.4813)
SVM classification train score: [0.7125  0.68125 0.65625 0.725   0.6875 ] --> (0.6925 +- 0.0242)
SVM classification test score: [0.65  0.525 0.6   0.625 0.55 ] --> (0.59 +- 0.0464)



-------Circuit number: 1----L: 3----Dataset: Exponential_noise---------------------
Training time: [23.00256991 15.74019718 21.20734382 15.90937543 22.0640409 ] seconds --> (19.5847 +- 3.1225)
Test time: [10.3419857   9.89944792 10.41232228  8.83993268  8.94419003] seconds --> (9.6876 +- 0.6737)
SVM classification train score: [0.5125 0.5125 0.5125 0.5    0.4875] --> (0.505 +- 0.01)
SVM classification test score: [0.55  0.525 0.55  0.525 0.45 ] --> (0.52 +- 0.0367)



-------Circuit number: 2----L: 3----Dataset: Exponential_noise---------------------
Training time: [40.57036734 39.51091909 39.38426757 35.64344335 31.04899311] seconds --> (37.2316 +- 3.5135)
Test time: [17.15845895 18.6417346  17.61327171 18.52292371 20.88150787] seconds --> (18.5636 +- 1.2851)
SVM classification train score: [0.7375  0.725   0.70625 0.70625 0.71875] --> (0.7188 +- 0.0119)
SVM classification test score: [0.575 0.5   0.775 0.65  0.625] --> (0.625 +- 0.0908)



-------Circuit number: 3----L: 3----Dataset: Exponential_noise---------------------
Training time: [47.60714102 44.69756126 43.48315716 39.7786479  45.06284094] seconds --> (44.1259 +- 2.5548)
Test time: [16.88638806 17.75619626 23.11098528 24.70884418 24.43682313] seconds --> (21.3798 +- 3.3689)
SVM classification train score: [0.70625 0.7125  0.65625 0.69375 0.7    ] --> (0.6938 +- 0.0198)
SVM classification test score: [0.55  0.7   0.75  0.625 0.625] --> (0.65 +- 0.0689)



-------Circuit number: 4----L: 3----Dataset: Exponential_noise---------------------
Training time: [48.90583801 48.56789994 43.3300271  47.09846854 43.35173631] seconds --> (46.2508 +- 2.4524)
Test time: [21.53495193 19.22751784 20.31452155 24.00644565 23.94667149] seconds --> (21.806 +- 1.9168)
SVM classification train score: [0.7375 0.725  0.6375 0.725  0.7125] --> (0.7075 +- 0.0359)
SVM classification test score: [0.6   0.45  0.825 0.65  0.65 ] --> (0.635 +- 0.12)



-------Circuit number: 5----L: 3----Dataset: Exponential_noise---------------------
Training time: [46.98730469 43.50359797 48.83760405 51.83376384 49.5986526 ] seconds --> (48.1522 +- 2.7958)
Test time: [23.43990374 20.21556044 22.52095985 19.87708092 23.85451984] seconds --> (21.9816 +- 1.6415)
SVM classification train score: [0.74375 0.74375 0.69375 0.73125 0.725  ] --> (0.7275 +- 0.0184)
SVM classification test score: [0.575 0.575 0.875 0.7   0.675] --> (0.68 +- 0.11)



-------Circuit number: 6----L: 3----Dataset: Exponential_noise---------------------
Training time: [80.18981147 76.92560339 68.07661676 80.18784976 76.06033349] seconds --> (76.288 +- 4.4344)
Test time: [37.61311078 34.9258554  36.92420363 40.70186114 38.54901385] seconds --> (37.7428 +- 1.8988)
SVM classification train score: [0.71875 0.725   0.66875 0.70625 0.68125] --> (0.7 +- 0.0217)
SVM classification test score: [0.65  0.575 0.85  0.65  0.7  ] --> (0.685 +- 0.0917)



-------Circuit number: 7----L: 3----Dataset: Exponential_noise---------------------
Training time: [56.4608686  63.19188142 61.42632675 61.33810401 59.43400216] seconds --> (60.3702 +- 2.2879)
Test time: [32.10354233 27.28415251 30.58245182 32.42393041 25.79746389] seconds --> (29.6383 +- 2.6466)
SVM classification train score: [0.6875  0.70625 0.65625 0.69375 0.68125] --> (0.685 +- 0.0166)
SVM classification test score: [0.575 0.575 0.725 0.675 0.575] --> (0.625 +- 0.0632)



-------Circuit number: 8----L: 3----Dataset: Exponential_noise---------------------
Training time: [73.96068478 64.67040944 70.87520623 77.68510318 65.42343473] seconds --> (70.523 +- 4.9698)
Test time: [29.26727128 32.34457207 35.47662687 34.31435919 26.86559772] seconds --> (31.6537 +- 3.1872)
SVM classification train score: [0.725   0.73125 0.6875  0.7125  0.69375] --> (0.71 +- 0.017)
SVM classification test score: [0.725 0.5   0.775 0.7   0.575] --> (0.655 +- 0.1017)



-------Circuit number: 9----L: 3----Dataset: Exponential_noise---------------------
Training time: [83.05397344 82.48221636 72.10849524 89.19758487 78.6376884 ] seconds --> (81.096 +- 5.6251)
Test time: [35.34641075 41.46059871 39.35032201 40.15681601 34.60791326] seconds --> (38.1844 +- 2.714)
SVM classification train score: [0.61875 0.63125 0.6125  0.56875 0.5875 ] --> (0.6038 +- 0.0226)
SVM classification test score: [0.55  0.55  0.65  0.575 0.6  ] --> (0.585 +- 0.0374)



-------Circuit number: 10----L: 3----Dataset: Exponential_noise---------------------
Training time: [97.04855061 89.80171299 95.74736595 92.06188202 75.82574368] seconds --> (90.0971 +- 7.5877)
Test time: [48.5436635  43.43549442 48.49962211 52.07221532 47.03090954] seconds --> (47.9164 +- 2.7881)
SVM classification train score: [0.56875 0.59375 0.60625 0.63125 0.58125] --> (0.5963 +- 0.0215)
SVM classification test score: [0.6   0.5   0.475 0.425 0.425] --> (0.485 +- 0.0644)



-------Circuit number: 11----L: 3----Dataset: Exponential_noise---------------------
Training time: [0.00491142 0.00497818 0.00455332 0.00839925 0.00234318] seconds --> (0.005 +- 0.0019)
Test time: [0.00165081 0.0021925  0.00227714 0.00069046 0.00074482] seconds --> (0.0015 +- 0.0007)
SVM classification train score: [0.63125 0.64375 0.5875  0.625   0.63125] --> (0.6238 +- 0.0191)
SVM classification test score: [0.575 0.575 0.7   0.75  0.525] --> (0.625 +- 0.0851)



-------Circuit number: 12----L: 3----Dataset: Exponential_noise---------------------
Training time: [0.00604868 0.02220964 0.01336932 0.00399733 0.00643826] seconds --> (0.0104 +- 0.0067)
Test time: [0.00102925 0.00120926 0.00794387 0.00087094 0.00080848] seconds --> (0.0024 +- 0.0028)
SVM classification train score: [0.58125 0.575   0.5375  0.60625 0.63125] --> (0.5862 +- 0.0315)
SVM classification test score: [0.5   0.575 0.625 0.525 0.55 ] --> (0.555 +- 0.043)



-------Circuit number: 13----L: 3----Dataset: Exponential_noise---------------------
Training time: [0.00413895 0.00396514 0.00194812 0.00706506 0.00170302] seconds --> (0.0038 +- 0.0019)
Test time: [0.00147724 0.00088263 0.00083375 0.00293398 0.00054455] seconds --> (0.0013 +- 0.0009)
SVM classification train score: [0.75    0.74375 0.6625  0.7375  0.7375 ] --> (0.7262 +- 0.0322)
SVM classification test score: [0.6   0.575 0.8   0.625 0.65 ] --> (0.65 +- 0.0791)



-------Circuit number: 0----L: 3----Dataset: Poisson_noise---------------------
Training time: [58.37304902 76.72464228 64.32375431 76.11267567 69.04488802] seconds --> (68.9158 +- 7.0004)
Test time: [31.76834655 30.00586772 27.13575006 36.57773542 37.43596172] seconds --> (32.5847 +- 3.9112)
SVM classification train score: [0.59375 0.60625 0.58125 0.63125 0.60625] --> (0.6038 +- 0.0166)
SVM classification test score: [0.65  0.525 0.55  0.375 0.5  ] --> (0.52 +- 0.0886)



-------Circuit number: 1----L: 3----Dataset: Poisson_noise---------------------
Training time: [22.7060442  16.79299426 21.11427212 18.25632238 18.6158247 ] seconds --> (19.4971 +- 2.1232)
Test time: [10.63503528  8.42161989 11.23654103  9.65550303  8.15381002] seconds --> (9.6205 +- 1.2025)
SVM classification train score: [0.4875  0.4875  0.46875 0.48125 0.49375] --> (0.4838 +- 0.0085)
SVM classification test score: [0.525 0.525 0.5   0.45  0.6  ] --> (0.52 +- 0.0485)



-------Circuit number: 2----L: 3----Dataset: Poisson_noise---------------------
Training time: [39.94296074 35.91859126 33.56907916 36.28642821 37.79507327] seconds --> (36.7024 +- 2.1119)
Test time: [16.81949139 19.18195844 18.96387243 20.46623611 15.66197133] seconds --> (18.2187 +- 1.7337)
SVM classification train score: [0.56875 0.5875  0.59375 0.61875 0.58125] --> (0.59 +- 0.0166)
SVM classification test score: [0.6   0.55  0.55  0.375 0.575] --> (0.53 +- 0.0797)



-------Circuit number: 3----L: 3----Dataset: Poisson_noise---------------------
Training time: [42.2013402  47.01155448 43.85974121 39.14688945 43.44460344] seconds --> (43.1328 +- 2.5466)
Test time: [21.91243696 22.96292663 18.89583921 20.77705169 20.33612871] seconds --> (20.9769 +- 1.3857)
SVM classification train score: [0.60625 0.61875 0.60625 0.64375 0.6125 ] --> (0.6175 +- 0.0139)
SVM classification test score: [0.5   0.625 0.55  0.6   0.575] --> (0.57 +- 0.043)



-------Circuit number: 4----L: 3----Dataset: Poisson_noise---------------------
Training time: [40.76603007 45.02033877 47.0999999  44.66100597 40.56304741] seconds --> (43.6221 +- 2.5552)
Test time: [17.99748063 24.69779253 23.26902676 24.22372317 19.88199162] seconds --> (22.014 +- 2.6206)
SVM classification train score: [0.63125 0.60625 0.6     0.60625 0.6375 ] --> (0.6162 +- 0.0151)
SVM classification test score: [0.55  0.7   0.525 0.6   0.575] --> (0.59 +- 0.0604)



-------Circuit number: 5----L: 3----Dataset: Poisson_noise---------------------
Training time: [44.75562143 51.17050672 48.38305902 48.57718515 41.48030233] seconds --> (46.8733 +- 3.3828)
Test time: [21.14966202 23.24398494 21.72911763 24.16981983 22.49437881] seconds --> (22.5574 +- 1.0717)
SVM classification train score: [0.6125  0.59375 0.6     0.5875  0.60625] --> (0.6 +- 0.0088)
SVM classification test score: [0.6   0.55  0.45  0.5   0.525] --> (0.525 +- 0.05)



-------Circuit number: 6----L: 3----Dataset: Poisson_noise---------------------
Training time: [77.80134511 76.70900083 84.22692394 76.80819893 70.11956882] seconds --> (77.133 +- 4.4776)
Test time: [39.27285242 36.80800438 37.05733442 37.43521953 31.09490585] seconds --> (36.3337 +- 2.7585)
SVM classification train score: [0.60625 0.63125 0.625   0.6375  0.64375] --> (0.6287 +- 0.0129)
SVM classification test score: [0.55  0.675 0.475 0.55  0.55 ] --> (0.56 +- 0.0644)



-------Circuit number: 7----L: 3----Dataset: Poisson_noise---------------------
Training time: [60.40620828 69.24038696 51.52023983 65.42978263 50.50239348] seconds --> (59.4198 +- 7.4224)
Test time: [30.00636363 32.60005093 33.1753459  28.56157589 28.00465631] seconds --> (30.4696 +- 2.0876)
SVM classification train score: [0.5875  0.625   0.6     0.6     0.59375] --> (0.6013 +- 0.0127)
SVM classification test score: [0.575 0.575 0.5   0.55  0.575] --> (0.555 +- 0.0292)



-------Circuit number: 8----L: 3----Dataset: Poisson_noise---------------------
Training time: [65.32325053 70.62034416 65.53723955 61.68707991 72.65292859] seconds --> (67.1642 +- 3.9524)
Test time: [30.19042683 31.3434515  29.52214456 36.30761838 34.23965287] seconds --> (32.3207 +- 2.5653)
SVM classification train score: [0.59375 0.6125  0.6625  0.61875 0.63125] --> (0.6238 +- 0.0228)
SVM classification test score: [0.55  0.65  0.5   0.475 0.575] --> (0.55 +- 0.0612)



-------Circuit number: 9----L: 3----Dataset: Poisson_noise---------------------
Training time: [81.2660718  89.12651348 79.36330342 74.24034476 70.88811278] seconds --> (78.9769 +- 6.2653)
Test time: [40.14329767 43.94348931 33.88633108 37.64681435 36.28723216] seconds --> (38.3814 +- 3.4401)
SVM classification train score: [0.54375 0.59375 0.56875 0.5625  0.53125] --> (0.56 +- 0.0215)
SVM classification test score: [0.575 0.5   0.525 0.55  0.55 ] --> (0.54 +- 0.0255)



-------Circuit number: 10----L: 3----Dataset: Poisson_noise---------------------
Training time: [84.1791687  88.27252746 94.95760155 92.86687803 86.46496868] seconds --> (89.3482 +- 4.0009)
Test time: [44.71668172 47.51986241 41.49016356 47.84476638 48.88132763] seconds --> (46.0906 +- 2.6818)
SVM classification train score: [0.65    0.6625  0.63125 0.59375 0.65625] --> (0.6388 +- 0.0248)
SVM classification test score: [0.525 0.475 0.625 0.55  0.375] --> (0.51 +- 0.0831)



-------Circuit number: 11----L: 3----Dataset: Poisson_noise---------------------
Training time: [0.00448799 0.00732803 0.00770235 0.00429916 0.00405526] seconds --> (0.0056 +- 0.0016)
Test time: [0.00164747 0.00223875 0.0020411  0.0013175  0.00105   ] seconds --> (0.0017 +- 0.0004)
SVM classification train score: [0.6     0.59375 0.625   0.6     0.60625] --> (0.605 +- 0.0108)
SVM classification test score: [0.625 0.65  0.575 0.55  0.55 ] --> (0.59 +- 0.0406)



-------Circuit number: 12----L: 3----Dataset: Poisson_noise---------------------
Training time: [0.0169282  0.01225138 0.00530982 0.05299497 0.03334761] seconds --> (0.0242 +- 0.0171)
Test time: [0.00179553 0.0012598  0.00075078 0.00065899 0.00064921] seconds --> (0.001 +- 0.0004)
SVM classification train score: [0.575   0.59375 0.6375  0.59375 0.575  ] --> (0.595 +- 0.0228)
SVM classification test score: [0.575 0.625 0.475 0.45  0.525] --> (0.53 +- 0.064)



-------Circuit number: 13----L: 3----Dataset: Poisson_noise---------------------
Training time: [0.00502992 0.00292778 0.00651479 0.00556731 0.00451231] seconds --> (0.0049 +- 0.0012)
Test time: [0.00232124 0.00125933 0.0027585  0.00185704 0.00183225] seconds --> (0.002 +- 0.0005)
SVM classification train score: [0.60625 0.63125 0.6625  0.60625 0.66875] --> (0.635 +- 0.0267)
SVM classification test score: [0.55  0.6   0.575 0.525 0.575] --> (0.565 +- 0.0255)



-------Circuit number: 0----L: 3----Dataset: Aleatory---------------------
Training time: [90.20828533 85.08733797 82.64219165 84.68724823 81.56477714] seconds --> (84.838 +- 2.982)
Test time: [39.82156849 40.59780645 48.57699227 46.36445928 41.91280007] seconds --> (43.4547 +- 3.4189)
SVM classification train score: [0.65       0.67777778 0.67222222 0.65       0.65555556] --> (0.6611 +- 0.0117)
SVM classification test score: [0.6        0.64444444 0.71111111 0.57777778 0.6       ] --> (0.6267 +- 0.0475)



-------Circuit number: 1----L: 3----Dataset: Aleatory---------------------
Training time: [23.46455359 26.16642046 22.5304451  26.814219   27.53054476] seconds --> (25.3012 +- 1.9523)
Test time: [12.22821832 10.34932065 12.8191936  12.49541759 12.14279771] seconds --> (12.007 +- 0.8618)
SVM classification train score: [0.52777778 0.52777778 0.52777778 0.52777778 0.53333333] --> (0.5289 +- 0.0022)
SVM classification test score: [0.53333333 0.53333333 0.53333333 0.53333333 0.51111111] --> (0.5289 +- 0.0089)



-------Circuit number: 2----L: 3----Dataset: Aleatory---------------------
Training time: [42.00561237 53.06728315 49.97270417 45.15016985 49.45503616] seconds --> (47.9302 +- 3.8914)
Test time: [22.08353162 20.01858997 27.06126952 21.22913122 24.33261299] seconds --> (22.945 +- 2.4948)
SVM classification train score: [0.7        0.63888889 0.68888889 0.66111111 0.71666667] --> (0.6811 +- 0.0278)
SVM classification test score: [0.66666667 0.62222222 0.62222222 0.62222222 0.6       ] --> (0.6267 +- 0.0218)



-------Circuit number: 3----L: 3----Dataset: Aleatory---------------------
Training time: [56.10062313 52.42607951 56.67301726 56.54656219 56.5478673 ] seconds --> (55.6588 +- 1.6281)
Test time: [24.04232025 25.76194    26.49883032 27.36410022 31.22328687] seconds --> (26.9781 +- 2.3874)
SVM classification train score: [0.67777778 0.7        0.71666667 0.69444444 0.66111111] --> (0.69 +- 0.0191)
SVM classification test score: [0.64444444 0.68888889 0.57777778 0.62222222 0.75555556] --> (0.6578 +- 0.0606)



-------Circuit number: 4----L: 3----Dataset: Aleatory---------------------
Training time: [62.11875296 63.08978415 51.64842176 49.48389959 56.9051013 ] seconds --> (56.6492 +- 5.4371)
Test time: [27.89179826 26.9930284  26.61437917 24.4554708  25.4152143 ] seconds --> (26.274 +- 1.2079)
SVM classification train score: [0.65       0.60555556 0.63333333 0.64444444 0.66666667] --> (0.64 +- 0.0203)
SVM classification test score: [0.55555556 0.46666667 0.57777778 0.53333333 0.62222222] --> (0.5511 +- 0.0514)



-------Circuit number: 5----L: 3----Dataset: Aleatory---------------------
Training time: [63.79621077 53.86274624 59.34637117 59.25465941 61.05439854] seconds --> (59.4629 +- 3.2474)
Test time: [30.49072909 31.28599262 31.61731553 27.58488488 25.97862101] seconds --> (29.3915 +- 2.221)
SVM classification train score: [0.68888889 0.74444444 0.66666667 0.7        0.70555556] --> (0.7011 +- 0.0254)
SVM classification test score: [0.68888889 0.64444444 0.66666667 0.64444444 0.6       ] --> (0.6489 +- 0.0295)



-------Circuit number: 6----L: 3----Dataset: Aleatory---------------------
Training time: [104.88031387  97.25745296 100.64755392  93.03705239 102.77761769] seconds --> (99.72 +- 4.1848)
Test time: [47.33375883 53.55417061 47.13509011 49.12176704 45.17392206] seconds --> (48.4637 +- 2.8359)
SVM classification train score: [0.68888889 0.72222222 0.68888889 0.68333333 0.71666667] --> (0.7 +- 0.0161)
SVM classification test score: [0.77777778 0.51111111 0.68888889 0.64444444 0.6       ] --> (0.6444 +- 0.0889)



-------Circuit number: 7----L: 3----Dataset: Aleatory---------------------
Training time: [71.84287405 73.59823823 78.48786807 83.07870698 65.4935689 ] seconds --> (74.5003 +- 5.9747)
Test time: [38.94996929 29.73322916 37.58791542 38.2165277  39.40140986] seconds --> (36.7778 +- 3.5764)
SVM classification train score: [0.59444444 0.62222222 0.67222222 0.68888889 0.62222222] --> (0.64 +- 0.035)
SVM classification test score: [0.66666667 0.62222222 0.55555556 0.62222222 0.55555556] --> (0.6044 +- 0.0431)



-------Circuit number: 8----L: 3----Dataset: Aleatory---------------------
Training time: [78.97820711 91.23014832 93.43019104 79.90090489 84.87672687] seconds --> (85.6832 +- 5.828)
Test time: [39.14796543 44.75407434 43.10582852 40.73215508 40.77458167] seconds --> (41.7029 +- 1.9804)
SVM classification train score: [0.67777778 0.74444444 0.66666667 0.68888889 0.72777778] --> (0.7011 +- 0.0299)
SVM classification test score: [0.57777778 0.51111111 0.6        0.62222222 0.64444444] --> (0.5911 +- 0.0458)



-------Circuit number: 9----L: 3----Dataset: Aleatory---------------------
Training time: [104.30630326  97.51176     99.32549596  96.5951426   97.39250636] seconds --> (99.0262 +- 2.7872)
Test time: [56.00563908 49.79062486 47.06483197 43.73767591 53.55848527] seconds --> (50.0315 +- 4.3955)
SVM classification train score: [0.52777778 0.56666667 0.53888889 0.53333333 0.52777778] --> (0.5389 +- 0.0145)
SVM classification test score: [0.51111111 0.46666667 0.57777778 0.53333333 0.53333333] --> (0.5244 +- 0.0361)



-------Circuit number: 10----L: 3----Dataset: Aleatory---------------------
Training time: [126.35297489 105.45270467 121.81456804 109.21993041 110.0890286 ] seconds --> (114.5858 +- 8.0393)
Test time: [48.45584583 58.14359808 65.82256365 62.37853289 57.69663763] seconds --> (58.4994 +- 5.8364)
SVM classification train score: [0.64444444 0.66666667 0.67777778 0.63333333 0.65555556] --> (0.6556 +- 0.0157)
SVM classification test score: [0.64444444 0.62222222 0.57777778 0.53333333 0.62222222] --> (0.6 +- 0.0398)



-------Circuit number: 11----L: 3----Dataset: Aleatory---------------------
Training time: [0.01912951 0.00474191 0.00350976 0.00184083 0.00310802] seconds --> (0.0065 +- 0.0064)
Test time: [0.00060105 0.00181699 0.0011878  0.00705552 0.0009377 ] seconds --> (0.0023 +- 0.0024)
SVM classification train score: [0.52777778 0.52777778 0.52777778 0.52777778 0.53333333] --> (0.5289 +- 0.0022)
SVM classification test score: [0.53333333 0.53333333 0.53333333 0.53333333 0.51111111] --> (0.5289 +- 0.0089)



-------Circuit number: 12----L: 3----Dataset: Aleatory---------------------
Training time: [0.01284051 0.02918911 0.01358414 0.00953627 0.00403857] seconds --> (0.0138 +- 0.0084)
Test time: [0.02070475 0.00060415 0.01432037 0.00090098 0.00050259] seconds --> (0.0074 +- 0.0085)
SVM classification train score: [0.6        0.56111111 0.55       0.60555556 0.58333333] --> (0.58 +- 0.0215)
SVM classification test score: [0.48888889 0.48888889 0.6        0.53333333 0.64444444] --> (0.5511 +- 0.0619)



-------Circuit number: 13----L: 3----Dataset: Aleatory---------------------
Training time: [0.00433207 0.00530314 0.00192857 0.00307751 0.00539613] seconds --> (0.004 +- 0.0013)
Test time: [0.0012238  0.00221467 0.00078773 0.00125909 0.00179434] seconds --> (0.0015 +- 0.0005)
SVM classification train score: [0.7        0.68333333 0.72777778 0.72222222 0.7       ] --> (0.7067 +- 0.0163)
SVM classification test score: [0.66666667 0.55555556 0.64444444 0.62222222 0.71111111] --> (0.64 +- 0.0514)



