-------Circuit number: 0----L: 1----Dataset: Ad hoc---------------------
Training time: [9.5537293  8.81372142 7.52650595 8.6340034  8.56957746] seconds --> (8.6195 +- 0.6493)
Test time: [4.43211746 4.64101005 4.48612738 4.61824751 4.16514444] seconds --> (4.4685 +- 0.1708)
SVM classification train score: [0.95   0.9625 0.9625 0.9375 0.95  ] --> (0.9525 +- 0.0094)
SVM classification test score: [0.95 0.95 0.85 1.   0.9 ] --> (0.93 +- 0.051)



-------Circuit number: 1----L: 1----Dataset: Ad hoc---------------------
Training time: [2.79940224 2.3670311  2.38649082 2.40697932 2.72578883] seconds --> (2.5371 +- 0.186)
Test time: [1.20057535 1.41535258 1.44717932 1.05945945 1.25721097] seconds --> (1.276 +- 0.1426)
SVM classification train score: [0.5    0.4875 0.4875 0.5    0.5   ] --> (0.495 +- 0.0061)
SVM classification test score: [0.35 0.3  0.5  0.65 0.65] --> (0.49 +- 0.1463)



-------Circuit number: 2----L: 1----Dataset: Ad hoc---------------------
Training time: [3.81129241 4.55608749 3.51555538 3.22773504 4.11764836] seconds --> (3.8457 +- 0.4627)
Test time: [2.29601979 2.38412905 1.97084522 2.04185605 2.27331185] seconds --> (2.1932 +- 0.1586)
SVM classification train score: [0.7625 0.725  0.75   0.725  0.7125] --> (0.735 +- 0.0184)
SVM classification test score: [0.6  0.75 0.65 0.7  0.55] --> (0.65 +- 0.0707)



-------Circuit number: 3----L: 1----Dataset: Ad hoc---------------------
Training time: [5.22927046 5.0402019  4.14565635 5.60893822 5.25956106] seconds --> (5.0567 +- 0.4912)
Test time: [2.24004316 2.63894224 2.33485889 2.41209531 2.46128869] seconds --> (2.4174 +- 0.1336)
SVM classification train score: [0.6875 0.7    0.7375 0.65   0.7   ] --> (0.695 +- 0.0281)
SVM classification test score: [0.65 0.6  0.55 0.75 0.45] --> (0.6 +- 0.1)



-------Circuit number: 4----L: 1----Dataset: Ad hoc---------------------
Training time: [5.01521778 5.02753139 4.63681865 5.31111002 4.22690773] seconds --> (4.8435 +- 0.3755)
Test time: [2.12424922 2.47288227 2.54519629 2.72578955 2.36484313] seconds --> (2.4466 +- 0.1995)
SVM classification train score: [0.7625 0.725  0.75   0.725  0.7125] --> (0.735 +- 0.0184)
SVM classification test score: [0.6  0.75 0.65 0.7  0.55] --> (0.65 +- 0.0707)



-------Circuit number: 5----L: 1----Dataset: Ad hoc---------------------
Training time: [4.97354221 4.44384193 5.43964696 5.07150149 4.33576274] seconds --> (4.8529 +- 0.4102)
Test time: [2.57773304 2.61322665 2.24075317 2.55947375 2.42107677] seconds --> (2.4825 +- 0.1373)
SVM classification train score: [0.7625 0.725  0.75   0.725  0.7125] --> (0.735 +- 0.0184)
SVM classification test score: [0.6  0.75 0.65 0.7  0.55] --> (0.65 +- 0.0707)



-------Circuit number: 6----L: 1----Dataset: Ad hoc---------------------
Training time: [7.62174392 8.27409768 7.63853478 6.59196377 8.8050065 ] seconds --> (7.7863 +- 0.7418)
Test time: [4.32616854 4.09374642 3.4885304  4.0371778  4.29310989] seconds --> (4.0477 +- 0.3009)
SVM classification train score: [0.7375 0.7375 0.7    0.6875 0.725 ] --> (0.7175 +- 0.0203)
SVM classification test score: [0.65 0.6  0.55 0.6  0.6 ] --> (0.6 +- 0.0316)



-------Circuit number: 7----L: 1----Dataset: Ad hoc---------------------
Training time: [7.24957538 7.2396667  5.32838178 6.76917744 4.91174579] seconds --> (6.2997 +- 0.9875)
Test time: [2.64032412 2.90872383 2.66042662 3.46271491 2.81955361] seconds --> (2.8983 +- 0.2993)
SVM classification train score: [0.675  0.5875 0.65   0.6375 0.675 ] --> (0.645 +- 0.0322)
SVM classification test score: [0.65 0.55 0.5  0.65 0.55] --> (0.58 +- 0.06)



-------Circuit number: 8----L: 1----Dataset: Ad hoc---------------------
Training time: [7.50707459 6.58492494 5.97675514 7.90165043 7.43657827] seconds --> (7.0814 +- 0.6996)
Test time: [3.44694996 3.87596107 3.71395731 3.12692189 3.68388033] seconds --> (3.5695 +- 0.2603)
SVM classification train score: [0.7125 0.6875 0.7625 0.675  0.75  ] --> (0.7175 +- 0.0341)
SVM classification test score: [0.75 0.7  0.6  0.6  0.45] --> (0.62 +- 0.103)



-------Circuit number: 9----L: 1----Dataset: Ad hoc---------------------
Training time: [7.77961636 8.05972719 8.33527899 8.55149102 8.14026117] seconds --> (8.1733 +- 0.2601)
Test time: [3.77377462 3.51284933 3.60540724 4.25926042 3.48992777] seconds --> (3.7282 +- 0.2837)
SVM classification train score: [0.55   0.6    0.625  0.6375 0.65  ] --> (0.6125 +- 0.0354)
SVM classification test score: [0.7  0.7  0.45 0.65 0.65] --> (0.63 +- 0.0927)



-------Circuit number: 10----L: 1----Dataset: Ad hoc---------------------
Training time: [ 8.87923527  9.79018354  9.48601842  8.07246017 10.30741549] seconds --> (9.3071 +- 0.7712)
Test time: [4.98115063 4.16675973 4.3282361  3.99241424 4.83506489] seconds --> (4.4607 +- 0.3832)
SVM classification train score: [0.65   0.65   0.6875 0.6875 0.6375] --> (0.6625 +- 0.0209)
SVM classification test score: [0.35 0.45 0.45 0.35 0.35] --> (0.39 +- 0.049)



-------Circuit number: 11----L: 1----Dataset: Ad hoc---------------------
Training time: [0.00379658 0.00623846 0.0022676  0.00270772 0.00192022] seconds --> (0.0034 +- 0.0016)
Test time: [0.00137234 0.00103235 0.00113297 0.00390697 0.00073361] seconds --> (0.0016 +- 0.0012)
SVM classification train score: [0.625  0.575  0.6125 0.5375 0.65  ] --> (0.6 +- 0.0395)
SVM classification test score: [0.65 0.55 0.4  0.65 0.55] --> (0.56 +- 0.0917)



-------Circuit number: 12----L: 1----Dataset: Ad hoc---------------------
Training time: [0.00573254 0.00274086 0.00387144 0.0036819  0.00656939] seconds --> (0.0045 +- 0.0014)
Test time: [0.00108337 0.00078464 0.00079584 0.00085855 0.00070524] seconds --> (0.0008 +- 0.0001)
SVM classification train score: [0.6375 0.625  0.675  0.65   0.6625] --> (0.65 +- 0.0177)
SVM classification test score: [0.6  0.65 0.5  0.75 0.45] --> (0.59 +- 0.1068)



-------Circuit number: 13----L: 1----Dataset: Ad hoc---------------------
Training time: [0.00190735 0.00130057 0.00353146 0.0033133  0.00127244] seconds --> (0.0023 +- 0.001)
Test time: [0.00079513 0.00058651 0.00140071 0.00144315 0.00061893] seconds --> (0.001 +- 0.0004)
SVM classification train score: [0.6375 0.6125 0.75   0.6625 0.7   ] --> (0.6725 +- 0.0483)
SVM classification test score: [0.6  0.65 0.45 0.75 0.5 ] --> (0.59 +- 0.1068)



-------Circuit number: 0----L: 1----Dataset: Iris---------------------
Training time: [58.88133836 58.96189046 60.41175818 58.21912718 58.53570938] seconds --> (59.002 +- 0.7528)
Test time: [29.61207461 25.6528697  29.28934455 29.12845922 30.45795155] seconds --> (28.8281 +- 1.6526)
SVM classification train score: [0.99166667 1.         0.98333333 0.99166667 1.        ] --> (0.9933 +- 0.0062)
SVM classification test score: [0.9        0.93333333 0.9        0.9        0.9       ] --> (0.9067 +- 0.0133)



-------Circuit number: 1----L: 1----Dataset: Iris---------------------
Training time: [ 9.90915227 10.82588363 10.07110572 10.73058319 11.55070305] seconds --> (10.6175 +- 0.5878)
Test time: [4.41673183 4.77338028 5.23706245 5.24760771 4.4064343 ] seconds --> (4.8162 +- 0.3722)
SVM classification train score: [0.45833333 0.325      0.325      0.39166667 0.35      ] --> (0.37 +- 0.0504)
SVM classification test score: [0.33333333 0.33333333 0.3        0.16666667 0.3       ] --> (0.2867 +- 0.0618)



-------Circuit number: 2----L: 1----Dataset: Iris---------------------
Training time: [17.58432317 19.8669486  20.20864892 19.12845492 19.95320082] seconds --> (19.3483 +- 0.9524)
Test time: [10.31898046 10.37379766  7.87628555  9.93768239  9.084867  ] seconds --> (9.5183 +- 0.9416)
SVM classification train score: [0.98333333 0.975      0.975      0.96666667 0.975     ] --> (0.975 +- 0.0053)
SVM classification test score: [0.96666667 1.         0.96666667 0.96666667 0.9       ] --> (0.96 +- 0.0327)



-------Circuit number: 3----L: 1----Dataset: Iris---------------------
Training time: [20.35384536 22.90634751 24.60656214 22.39036083 23.98292732] seconds --> (22.848 +- 1.4707)
Test time: [11.99743462 13.03188419 12.35387087 10.41070843 10.47520685] seconds --> (11.6538 +- 1.0432)
SVM classification train score: [0.98333333 0.975      0.975      0.975      0.975     ] --> (0.9767 +- 0.0033)
SVM classification test score: [0.96666667 1.         0.93333333 0.96666667 0.9       ] --> (0.9533 +- 0.034)



-------Circuit number: 4----L: 1----Dataset: Iris---------------------
Training time: [24.04546642 20.88867116 21.71537948 24.26358342 21.26699066] seconds --> (22.436 +- 1.429)
Test time: [12.06512928 11.80711603 11.76926994 10.51681018 11.78239679] seconds --> (11.5881 +- 0.5466)
SVM classification train score: [0.98333333 0.975      0.975      0.96666667 0.975     ] --> (0.975 +- 0.0053)
SVM classification test score: [0.96666667 1.         0.96666667 0.96666667 0.9       ] --> (0.96 +- 0.0327)



-------Circuit number: 5----L: 1----Dataset: Iris---------------------
Training time: [25.55663753 24.36400485 23.81270647 24.25897384 24.69232416] seconds --> (24.5369 +- 0.5823)
Test time: [12.36157346 11.50810075 12.91248965 11.31871867 13.17309976] seconds --> (12.2548 +- 0.7377)
SVM classification train score: [0.98333333 0.975      0.975      0.96666667 0.975     ] --> (0.975 +- 0.0053)
SVM classification test score: [0.96666667 1.         0.96666667 0.96666667 0.9       ] --> (0.96 +- 0.0327)



-------Circuit number: 6----L: 1----Dataset: Iris---------------------
Training time: [38.15656829 38.62504101 34.86278677 41.24581242 39.19768786] seconds --> (38.4176 +- 2.0666)
Test time: [19.23437476 16.91391397 17.3751545  19.00339937 19.35195231] seconds --> (18.3758 +- 1.022)
SVM classification train score: [0.975      0.96666667 0.98333333 0.96666667 0.98333333] --> (0.975 +- 0.0075)
SVM classification test score: [0.96666667 1.         0.93333333 1.         0.93333333] --> (0.9667 +- 0.0298)



-------Circuit number: 7----L: 1----Dataset: Iris---------------------
Training time: [30.3388617  32.70380926 30.11785364 31.5809145  30.26011014] seconds --> (31.0003 +- 1.0003)
Test time: [17.00757813 16.36784911 16.96505237 14.91606092 16.34535837] seconds --> (16.3204 +- 0.7567)
SVM classification train score: [0.96666667 0.95833333 0.95833333 0.96666667 0.98333333] --> (0.9667 +- 0.0091)
SVM classification test score: [0.96666667 1.         0.93333333 0.96666667 0.9       ] --> (0.9533 +- 0.034)



-------Circuit number: 8----L: 1----Dataset: Iris---------------------
Training time: [39.79946113 41.67419863 37.92385435 39.25619435 39.51832414] seconds --> (39.6344 +- 1.2059)
Test time: [17.91592455 20.25915122 18.35772252 19.99950075 19.32045078] seconds --> (19.1705 +- 0.9088)
SVM classification train score: [0.98333333 0.96666667 0.975      0.975      0.98333333] --> (0.9767 +- 0.0062)
SVM classification test score: [0.93333333 1.         0.93333333 0.96666667 0.9       ] --> (0.9467 +- 0.034)



-------Circuit number: 9----L: 1----Dataset: Iris---------------------
Training time: [55.84516454 53.14987612 53.20903635 49.87635827 54.23008204] seconds --> (53.2621 +- 1.9539)
Test time: [24.79653049 29.1134932  27.11392784 29.67516446 28.43280768] seconds --> (27.8264 +- 1.7395)
SVM classification train score: [0.90833333 0.88333333 0.89166667 0.89166667 0.91666667] --> (0.8983 +- 0.0122)
SVM classification test score: [0.76666667 0.83333333 0.73333333 0.83333333 0.8       ] --> (0.7933 +- 0.0389)



-------Circuit number: 10----L: 1----Dataset: Iris---------------------
Training time: [77.48265386 77.07697296 71.0505085  72.66450024 75.24974918] seconds --> (74.7049 +- 2.4963)
Test time: [36.73678136 39.79482508 39.220227   39.1931603  37.1853869 ] seconds --> (38.4261 +- 1.2236)
SVM classification train score: [0.91666667 0.93333333 0.925      0.925      0.91666667] --> (0.9233 +- 0.0062)
SVM classification test score: [0.76666667 0.66666667 0.7        0.53333333 0.56666667] --> (0.6467 +- 0.0859)



-------Circuit number: 11----L: 1----Dataset: Iris---------------------
Training time: [0.003407   0.00116992 0.00165319 0.00101328 0.00112534] seconds --> (0.0017 +- 0.0009)
Test time: [0.0011332  0.00049567 0.00081062 0.00043297 0.0005722 ] seconds --> (0.0007 +- 0.0003)
SVM classification train score: [0.98333333 0.975      0.98333333 0.96666667 0.975     ] --> (0.9767 +- 0.0062)
SVM classification test score: [0.93333333 1.         0.96666667 1.         0.9       ] --> (0.96 +- 0.0389)



-------Circuit number: 12----L: 1----Dataset: Iris---------------------
Training time: [0.00286579 0.00609803 0.00174141 0.01255059 0.0030787 ] seconds --> (0.0053 +- 0.0039)
Test time: [0.00146222 0.01062942 0.00073028 0.00087428 0.00128055] seconds --> (0.003 +- 0.0038)
SVM classification train score: [0.99166667 0.975      0.98333333 0.975      0.99166667] --> (0.9833 +- 0.0075)
SVM classification test score: [0.93333333 1.         0.9        1.         0.9       ] --> (0.9467 +- 0.0452)



-------Circuit number: 13----L: 1----Dataset: Iris---------------------
Training time: [0.00296044 0.00179243 0.00139236 0.00453091 0.00277281] seconds --> (0.0027 +- 0.0011)
Test time: [0.00151348 0.00081635 0.00068688 0.001436   0.00129557] seconds --> (0.0011 +- 0.0003)
SVM classification train score: [0.98333333 0.975      0.975      0.98333333 0.975     ] --> (0.9783 +- 0.0041)
SVM classification test score: [0.96666667 1.         0.93333333 1.         0.9       ] --> (0.96 +- 0.0389)



-------Circuit number: 0----L: 1----Dataset: Uniform_noise---------------------
Training time: [34.04894757 37.04637027 36.43151164 34.31409097 35.91531873] seconds --> (35.5512 +- 1.1773)
Test time: [19.82624435 17.57949495 19.26045442 17.01882458 19.33234572] seconds --> (18.6035 +- 1.0971)
SVM classification train score: [0.65625 0.6375  0.65    0.625   0.65   ] --> (0.6438 +- 0.0112)
SVM classification test score: [0.575 0.65  0.475 0.7   0.525] --> (0.585 +- 0.0815)



-------Circuit number: 1----L: 1----Dataset: Uniform_noise---------------------
Training time: [ 9.48345923  9.28788209 11.19901872  9.83593583 11.56974244] seconds --> (10.2752 +- 0.9299)
Test time: [5.28508306 5.05587053 5.46834373 5.43788552 5.87571645] seconds --> (5.4246 +- 0.2687)
SVM classification train score: [0.5     0.5125  0.5125  0.5     0.50625] --> (0.5062 +- 0.0056)
SVM classification test score: [0.5   0.5   0.475 0.525 0.625] --> (0.525 +- 0.0524)



-------Circuit number: 2----L: 1----Dataset: Uniform_noise---------------------
Training time: [17.55710292 17.87636828 15.91811061 18.58941603 15.90701509] seconds --> (17.1696 +- 1.0794)
Test time: [9.37543106 9.36920834 9.28219843 7.4809041  8.07053185] seconds --> (8.7157 +- 0.7905)
SVM classification train score: [0.64375 0.675   0.6625  0.6375  0.675  ] --> (0.6588 +- 0.0156)
SVM classification test score: [0.5   0.575 0.65  0.775 0.6  ] --> (0.62 +- 0.0914)



-------Circuit number: 3----L: 1----Dataset: Uniform_noise---------------------
Training time: [20.57809877 21.09503865 21.59705567 19.26537895 21.37353683] seconds --> (20.7818 +- 0.8311)
Test time: [ 9.62008238  9.31500435  9.41819501  9.75215793 10.34214568] seconds --> (9.6895 +- 0.3602)
SVM classification train score: [0.65    0.68125 0.65625 0.625   0.68125] --> (0.6587 +- 0.0211)
SVM classification test score: [0.6   0.575 0.675 0.775 0.6  ] --> (0.645 +- 0.0731)



-------Circuit number: 4----L: 1----Dataset: Uniform_noise---------------------
Training time: [18.18679285 21.05653071 20.68290854 20.11201739 18.48721409] seconds --> (19.7051 +- 1.1607)
Test time: [10.27220988 10.40297055 10.54549956  9.66996622  8.86308932] seconds --> (9.9507 +- 0.6202)
SVM classification train score: [0.64375 0.675   0.6625  0.6375  0.675  ] --> (0.6588 +- 0.0156)
SVM classification test score: [0.5   0.575 0.65  0.775 0.6  ] --> (0.62 +- 0.0914)



-------Circuit number: 5----L: 1----Dataset: Uniform_noise---------------------
Training time: [23.20469069 21.25767922 18.96766639 23.11348772 20.44440985] seconds --> (21.3976 +- 1.6151)
Test time: [11.12754941 10.79490089 10.20750046 10.17422962 10.08413696] seconds --> (10.4777 +- 0.4106)
SVM classification train score: [0.64375 0.675   0.6625  0.6375  0.675  ] --> (0.6588 +- 0.0156)
SVM classification test score: [0.5   0.575 0.65  0.775 0.6  ] --> (0.62 +- 0.0914)



-------Circuit number: 6----L: 1----Dataset: Uniform_noise---------------------
Training time: [31.632056   34.07771802 31.87162399 32.74091458 34.30352664] seconds --> (32.9252 +- 1.0995)
Test time: [16.14437127 16.91370559 17.52082205 17.5116663  16.70908189] seconds --> (16.9599 +- 0.5195)
SVM classification train score: [0.65    0.6625  0.65625 0.64375 0.65   ] --> (0.6525 +- 0.0064)
SVM classification test score: [0.45  0.525 0.6   0.65  0.525] --> (0.55 +- 0.0689)



-------Circuit number: 7----L: 1----Dataset: Uniform_noise---------------------
Training time: [25.70551181 25.50988388 28.29265809 26.49921799 27.58072972] seconds --> (26.7176 +- 1.073)
Test time: [14.48295307 13.14333391 12.92389846 13.5818038  13.73555708] seconds --> (13.5735 +- 0.5405)
SVM classification train score: [0.65    0.6625  0.63125 0.61875 0.68125] --> (0.6487 +- 0.0222)
SVM classification test score: [0.625 0.6   0.625 0.775 0.6  ] --> (0.645 +- 0.066)



-------Circuit number: 8----L: 1----Dataset: Uniform_noise---------------------
Training time: [26.64165068 30.25602865 30.22850847 29.30700541 30.73850775] seconds --> (29.4343 +- 1.4712)
Test time: [14.97267365 13.28729248 15.08660293 15.04079628 14.37618423] seconds --> (14.5527 +- 0.6829)
SVM classification train score: [0.68125 0.64375 0.66875 0.65625 0.675  ] --> (0.665 +- 0.0135)
SVM classification test score: [0.575 0.6   0.65  0.675 0.625] --> (0.625 +- 0.0354)



-------Circuit number: 9----L: 1----Dataset: Uniform_noise---------------------
Training time: [32.44528437 31.74393892 34.54126692 32.91422319 35.68960881] seconds --> (33.4669 +- 1.4431)
Test time: [16.38606143 16.61526179 16.16567159 16.59714985 15.7180922 ] seconds --> (16.2964 +- 0.3322)
SVM classification train score: [0.55    0.50625 0.575   0.5375  0.5375 ] --> (0.5412 +- 0.0222)
SVM classification test score: [0.425 0.575 0.45  0.65  0.575] --> (0.535 +- 0.0846)



-------Circuit number: 10----L: 1----Dataset: Uniform_noise---------------------
Training time: [38.626122   39.76371217 36.97068071 38.60926342 39.00205731] seconds --> (38.5944 +- 0.9134)
Test time: [20.25566912 20.23261166 16.98706698 19.60996437 19.82284164] seconds --> (19.3816 +- 1.2222)
SVM classification train score: [0.6625  0.55625 0.61875 0.575   0.65625] --> (0.6137 +- 0.0425)
SVM classification test score: [0.45  0.575 0.55  0.625 0.525] --> (0.545 +- 0.0579)



-------Circuit number: 11----L: 1----Dataset: Uniform_noise---------------------
Training time: [0.0071528  0.00621605 0.00690174 0.00280976 0.00255084] seconds --> (0.0051 +- 0.002)
Test time: [0.00204754 0.00390363 0.00443435 0.00238371 0.00082612] seconds --> (0.0027 +- 0.0013)
SVM classification train score: [0.64375 0.66875 0.6375  0.60625 0.6625 ] --> (0.6438 +- 0.022)
SVM classification test score: [0.525 0.55  0.6   0.775 0.575] --> (0.605 +- 0.0886)



-------Circuit number: 12----L: 1----Dataset: Uniform_noise---------------------
Training time: [0.02075315 0.0056932  0.01849747 0.01693153 0.00867963] seconds --> (0.0141 +- 0.0059)
Test time: [0.00068665 0.00083518 0.00086665 0.00154471 0.00076437] seconds --> (0.0009 +- 0.0003)
SVM classification train score: [0.64375 0.59375 0.61875 0.58125 0.6    ] --> (0.6075 +- 0.0218)
SVM classification test score: [0.425 0.6   0.5   0.675 0.65 ] --> (0.57 +- 0.0941)



-------Circuit number: 13----L: 1----Dataset: Uniform_noise---------------------
Training time: [0.00515223 0.00803256 0.00556993 0.00300384 0.00270939] seconds --> (0.0049 +- 0.0019)
Test time: [0.00208354 0.00169182 0.00224829 0.00129747 0.00103474] seconds --> (0.0017 +- 0.0005)
SVM classification train score: [0.66875 0.7     0.64375 0.63125 0.66875] --> (0.6625 +- 0.0237)
SVM classification test score: [0.55  0.575 0.6   0.7   0.6  ] --> (0.605 +- 0.051)



-------Circuit number: 0----L: 1----Dataset: Gauss_noise---------------------
Training time: [36.14524245 34.63066316 37.98640347 37.9612422  36.54456615] seconds --> (36.6536 +- 1.2529)
Test time: [17.31201553 15.60558605 17.29500008 17.15735006 16.69218731] seconds --> (16.8124 +- 0.6438)
SVM classification train score: [0.58125 0.59375 0.6125  0.60625 0.60625] --> (0.6 +- 0.0112)
SVM classification test score: [0.575 0.575 0.375 0.475 0.475] --> (0.495 +- 0.0748)



-------Circuit number: 1----L: 1----Dataset: Gauss_noise---------------------
Training time: [10.87520146  9.49398088 10.01762867 10.51989794 10.85414386] seconds --> (10.3522 +- 0.5295)
Test time: [5.5033412  4.85017395 5.37138534 5.50116634 5.56571436] seconds --> (5.3584 +- 0.2619)
SVM classification train score: [0.5125  0.50625 0.5125  0.5125  0.5    ] --> (0.5087 +- 0.005)
SVM classification test score: [0.525 0.5   0.55  0.55  0.5  ] --> (0.525 +- 0.0224)



-------Circuit number: 2----L: 1----Dataset: Gauss_noise---------------------
Training time: [17.31814861 18.04446697 18.17263818 17.5893271  15.90093851] seconds --> (17.4051 +- 0.8126)
Test time: [9.20592046 8.47748566 7.73204899 8.12299275 8.66086483] seconds --> (8.4399 +- 0.4977)
SVM classification train score: [0.5875  0.6     0.59375 0.6875  0.61875] --> (0.6175 +- 0.0365)
SVM classification test score: [0.525 0.575 0.675 0.475 0.55 ] --> (0.56 +- 0.0663)



-------Circuit number: 3----L: 1----Dataset: Gauss_noise---------------------
Training time: [20.78044701 20.42274666 18.75442934 21.1341846  19.07381988] seconds --> (20.0331 +- 0.9464)
Test time: [ 8.08468223 10.15797973  9.53988242  9.7982502  10.54588437] seconds --> (9.6253 +- 0.8417)
SVM classification train score: [0.58125 0.6125  0.56875 0.66875 0.6375 ] --> (0.6138 +- 0.0365)
SVM classification test score: [0.525 0.575 0.675 0.475 0.55 ] --> (0.56 +- 0.0663)



-------Circuit number: 4----L: 1----Dataset: Gauss_noise---------------------
Training time: [19.21638036 19.89107084 19.28667378 18.92086029 19.76667166] seconds --> (19.4163 +- 0.3607)
Test time: [ 9.3201983   8.78803515 10.53090525 10.57001805 10.69107985] seconds --> (9.98 +- 0.7763)
SVM classification train score: [0.5875  0.6     0.59375 0.6875  0.61875] --> (0.6175 +- 0.0365)
SVM classification test score: [0.525 0.575 0.675 0.475 0.55 ] --> (0.56 +- 0.0663)



-------Circuit number: 5----L: 1----Dataset: Gauss_noise---------------------
Training time: [21.21664786 20.35256195 20.76227331 22.06113267 20.46134138] seconds --> (20.9708 +- 0.622)
Test time: [10.80946493 10.85004997 10.43951964 10.56319618  9.32036757] seconds --> (10.3965 +- 0.5593)
SVM classification train score: [0.5875  0.6     0.59375 0.6875  0.61875] --> (0.6175 +- 0.0365)
SVM classification test score: [0.525 0.575 0.675 0.475 0.55 ] --> (0.56 +- 0.0663)



-------Circuit number: 6----L: 1----Dataset: Gauss_noise---------------------
Training time: [32.94640255 31.34221196 29.72543573 33.14485788 31.9284215 ] seconds --> (31.8175 +- 1.237)
Test time: [15.17803669 14.78482485 17.18894506 17.03455043 16.75307631] seconds --> (16.1879 +- 1.0027)
SVM classification train score: [0.61875 0.60625 0.54375 0.56875 0.59375] --> (0.5862 +- 0.0269)
SVM classification test score: [0.5   0.55  0.575 0.425 0.525] --> (0.515 +- 0.0515)



-------Circuit number: 7----L: 1----Dataset: Gauss_noise---------------------
Training time: [24.15446377 28.03043795 25.68848705 25.77712202 24.22517228] seconds --> (25.5751 +- 1.4087)
Test time: [14.1115129  13.69986844 13.12439704 13.12625504 12.07110977] seconds --> (13.2266 +- 0.6874)
SVM classification train score: [0.5875  0.60625 0.5875  0.6625  0.625  ] --> (0.6138 +- 0.0281)
SVM classification test score: [0.55  0.65  0.725 0.475 0.525] --> (0.585 +- 0.0903)



-------Circuit number: 8----L: 1----Dataset: Gauss_noise---------------------
Training time: [28.37530494 30.49825716 28.52699685 27.13946152 24.52194405] seconds --> (27.8124 +- 1.9658)
Test time: [12.61890745 14.39062166 12.3849225  13.49875665 14.6066637 ] seconds --> (13.5 +- 0.8986)
SVM classification train score: [0.64375 0.625   0.60625 0.6375  0.61875] --> (0.6262 +- 0.0133)
SVM classification test score: [0.475 0.55  0.65  0.475 0.575] --> (0.545 +- 0.066)



-------Circuit number: 9----L: 1----Dataset: Gauss_noise---------------------
Training time: [31.84447026 32.06991816 26.60012746 33.06833339 29.9958663 ] seconds --> (30.7157 +- 2.2847)
Test time: [13.73962831 13.90620756 15.86358476 15.86080098 15.01099253] seconds --> (14.8762 +- 0.916)
SVM classification train score: [0.55    0.55    0.55    0.51875 0.53125] --> (0.54 +- 0.0129)
SVM classification test score: [0.325 0.4   0.475 0.25  0.475] --> (0.385 +- 0.0875)



-------Circuit number: 10----L: 1----Dataset: Gauss_noise---------------------
Training time: [39.99366546 41.25213957 30.05132842 39.84228802 38.54075527] seconds --> (37.936 +- 4.0348)
Test time: [16.63105059 21.06041861 17.42910314 20.10845542 17.13765073] seconds --> (18.4733 +- 1.7683)
SVM classification train score: [0.58125 0.625   0.59375 0.5375  0.60625] --> (0.5887 +- 0.0294)
SVM classification test score: [0.3   0.525 0.5   0.425 0.525] --> (0.455 +- 0.0857)



-------Circuit number: 11----L: 1----Dataset: Gauss_noise---------------------
Training time: [0.00428987 0.00263023 0.00458002 0.0023644  0.00250077] seconds --> (0.0033 +- 0.001)
Test time: [0.0016377  0.00105023 0.00163913 0.00091887 0.00061822] seconds --> (0.0012 +- 0.0004)
SVM classification train score: [0.5875 0.6125 0.575  0.625  0.6   ] --> (0.6 +- 0.0177)
SVM classification test score: [0.575 0.575 0.775 0.5   0.575] --> (0.6 +- 0.0922)



-------Circuit number: 12----L: 1----Dataset: Gauss_noise---------------------
Training time: [0.02300143 0.02620625 0.03286457 0.0102694  0.01526213] seconds --> (0.0215 +- 0.008)
Test time: [0.00108314 0.00101709 0.0006845  0.00094414 0.00112915] seconds --> (0.001 +- 0.0002)
SVM classification train score: [0.58125 0.575   0.55    0.60625 0.5875 ] --> (0.58 +- 0.0183)
SVM classification test score: [0.5   0.525 0.65  0.525 0.575] --> (0.555 +- 0.0534)



-------Circuit number: 13----L: 1----Dataset: Gauss_noise---------------------
Training time: [0.00530982 0.00212121 0.00311422 0.00523162 0.0025351 ] seconds --> (0.0037 +- 0.0014)
Test time: [0.00205183 0.00130129 0.00126576 0.00325608 0.00104117] seconds --> (0.0018 +- 0.0008)
SVM classification train score: [0.64375 0.625   0.6375  0.6625  0.63125] --> (0.64 +- 0.0129)
SVM classification test score: [0.5   0.525 0.65  0.5   0.575] --> (0.55 +- 0.057)



-------Circuit number: 0----L: 1----Dataset: Exponential_noise---------------------
Training time: [30.06895542 29.80722666 35.06809831 34.54806352 28.98009229] seconds --> (31.6945 +- 2.5728)
Test time: [15.46814322 17.35595345 16.93935347 16.51736665 14.82643867] seconds --> (16.2215 +- 0.9385)
SVM classification train score: [0.61875 0.60625 0.64375 0.5875  0.65   ] --> (0.6213 +- 0.0233)
SVM classification test score: [0.55  0.55  0.5   0.625 0.525] --> (0.55 +- 0.0418)



-------Circuit number: 1----L: 1----Dataset: Exponential_noise---------------------
Training time: [ 8.41622019  9.96912265 10.45659757  8.58570647  8.56645036] seconds --> (9.1988 +- 0.8442)
Test time: [5.04501915 4.90644145 4.39067268 4.76229835 4.18707395] seconds --> (4.6583 +- 0.3211)
SVM classification train score: [0.5125  0.5125  0.51875 0.4875  0.50625] --> (0.5075 +- 0.0108)
SVM classification test score: [0.525 0.45  0.575 0.425 0.5  ] --> (0.495 +- 0.0534)



-------Circuit number: 2----L: 1----Dataset: Exponential_noise---------------------
Training time: [17.65516567 15.3793571  14.98729372 16.96329737 18.39853358] seconds --> (16.6767 +- 1.307)
Test time: [6.83931971 7.2624476  9.23501301 7.12618065 8.64554882] seconds --> (7.8217 +- 0.9421)
SVM classification train score: [0.6875  0.675   0.60625 0.63125 0.66875] --> (0.6537 +- 0.0303)
SVM classification test score: [0.525 0.625 0.725 0.675 0.6  ] --> (0.63 +- 0.0678)



-------Circuit number: 3----L: 1----Dataset: Exponential_noise---------------------
Training time: [18.5698967  15.2808516  19.33571339 16.43097997 19.15634036] seconds --> (17.7548 +- 1.6125)
Test time: [8.86159134 9.89574075 9.38824058 8.3087492  9.35300446] seconds --> (9.1615 +- 0.5375)
SVM classification train score: [0.65625 0.66875 0.65625 0.65625 0.6375 ] --> (0.655 +- 0.01)
SVM classification test score: [0.525 0.625 0.8   0.7   0.55 ] --> (0.64 +- 0.1007)



-------Circuit number: 4----L: 1----Dataset: Exponential_noise---------------------
Training time: [18.68447924 16.68453765 19.02864146 18.62301636 20.26357484] seconds --> (18.6568 +- 1.1499)
Test time: [ 9.34716105 10.4893434   9.96115875  8.07873082  8.85618734] seconds --> (9.3465 +- 0.8404)
SVM classification train score: [0.6875  0.675   0.60625 0.63125 0.66875] --> (0.6537 +- 0.0303)
SVM classification test score: [0.525 0.625 0.725 0.675 0.6  ] --> (0.63 +- 0.0678)



-------Circuit number: 5----L: 1----Dataset: Exponential_noise---------------------
Training time: [19.95841551 19.42882299 21.93002033 16.63558817 21.98783422] seconds --> (19.9881 +- 1.9659)
Test time: [11.11362767 11.47037816  9.09329224  9.02825308  9.67602158] seconds --> (10.0763 +- 1.0242)
SVM classification train score: [0.6875  0.675   0.60625 0.63125 0.66875] --> (0.6537 +- 0.0303)
SVM classification test score: [0.525 0.625 0.725 0.675 0.6  ] --> (0.63 +- 0.0678)



-------Circuit number: 6----L: 1----Dataset: Exponential_noise---------------------
Training time: [26.56480002 29.94280767 30.88787055 25.00409245 32.57091904] seconds --> (28.9941 +- 2.7965)
Test time: [13.71326065 16.15213919 13.75830865 14.38318038 14.40244889] seconds --> (14.4819 +- 0.8855)
SVM classification train score: [0.7125  0.70625 0.65625 0.6625  0.675  ] --> (0.6825 +- 0.0228)
SVM classification test score: [0.575 0.55  0.775 0.7   0.625] --> (0.645 +- 0.0828)



-------Circuit number: 7----L: 1----Dataset: Exponential_noise---------------------
Training time: [21.62925744 25.19676757 24.84691572 23.88801312 21.19948077] seconds --> (23.3521 +- 1.6448)
Test time: [13.09442115 13.6111815  12.18028688 11.91024446 10.64518309] seconds --> (12.2883 +- 1.0251)
SVM classification train score: [0.7     0.675   0.6125  0.68125 0.69375] --> (0.6725 +- 0.0313)
SVM classification test score: [0.55  0.6   0.775 0.675 0.55 ] --> (0.63 +- 0.0857)



-------Circuit number: 8----L: 1----Dataset: Exponential_noise---------------------
Training time: [26.33060861 26.24574471 28.02131891 25.32096148 28.5048368 ] seconds --> (26.8847 +- 1.1897)
Test time: [13.35262895 11.52239084 12.45197654 13.92675304 14.18987393] seconds --> (13.0887 +- 0.9842)
SVM classification train score: [0.725   0.725   0.6375  0.71875 0.71875] --> (0.705 +- 0.0339)
SVM classification test score: [0.575 0.5   0.825 0.625 0.65 ] --> (0.635 +- 0.1079)



-------Circuit number: 9----L: 1----Dataset: Exponential_noise---------------------
Training time: [29.29415298 27.28445745 28.63204408 31.1125989  24.51348209] seconds --> (28.1673 +- 2.2041)
Test time: [16.24127412 12.40120053 14.00640273 14.85717702 13.85687089] seconds --> (14.2726 +- 1.262)
SVM classification train score: [0.56875 0.59375 0.60625 0.6375  0.55   ] --> (0.5912 +- 0.0303)
SVM classification test score: [0.5   0.5   0.475 0.4   0.6  ] --> (0.495 +- 0.064)



-------Circuit number: 10----L: 1----Dataset: Exponential_noise---------------------
Training time: [30.86452699 32.94168448 34.57598567 36.59099269 38.61229849] seconds --> (34.7171 +- 2.7092)
Test time: [16.69145966 18.44169426 16.6211791  18.44454479 14.81826758] seconds --> (17.0034 +- 1.3538)
SVM classification train score: [0.74375 0.73125 0.71875 0.7125  0.725  ] --> (0.7263 +- 0.0108)
SVM classification test score: [0.6   0.725 0.65  0.675 0.7  ] --> (0.67 +- 0.043)



-------Circuit number: 11----L: 1----Dataset: Exponential_noise---------------------
Training time: [0.00256228 0.00279212 0.00694251 0.00550318 0.00704241] seconds --> (0.005 +- 0.0019)
Test time: [0.00096583 0.00106144 0.00222659 0.00178742 0.00212812] seconds --> (0.0016 +- 0.0005)
SVM classification train score: [0.63125 0.64375 0.5875  0.625   0.63125] --> (0.6238 +- 0.0191)
SVM classification test score: [0.575 0.575 0.7   0.75  0.525] --> (0.625 +- 0.0851)



-------Circuit number: 12----L: 1----Dataset: Exponential_noise---------------------
Training time: [0.00992942 0.01278424 0.00461483 0.01024103 0.01171088] seconds --> (0.0099 +- 0.0028)
Test time: [0.00163245 0.00185513 0.00059342 0.00141168 0.00119972] seconds --> (0.0013 +- 0.0004)
SVM classification train score: [0.58125 0.575   0.5375  0.60625 0.63125] --> (0.5862 +- 0.0315)
SVM classification test score: [0.5   0.575 0.625 0.525 0.55 ] --> (0.555 +- 0.043)



-------Circuit number: 13----L: 1----Dataset: Exponential_noise---------------------
Training time: [0.00630999 0.00497055 0.00278187 0.00280023 0.00166464] seconds --> (0.0037 +- 0.0017)
Test time: [0.00774813 0.00338316 0.00139666 0.00109625 0.00067735] seconds --> (0.0029 +- 0.0026)
SVM classification train score: [0.75    0.74375 0.6625  0.7375  0.7375 ] --> (0.7262 +- 0.0322)
SVM classification test score: [0.6   0.575 0.8   0.625 0.65 ] --> (0.65 +- 0.0791)



-------Circuit number: 0----L: 1----Dataset: Gamma_noise---------------------
Training time: [29.54568076 31.60135722 34.67161608 29.34869266 38.54892135] seconds --> (32.7433 +- 3.4778)
Test time: [14.06635427 15.20975399 16.84359026 15.2193265  15.89420986] seconds --> (15.4466 +- 0.9127)
SVM classification train score: [0.56875 0.58125 0.6125  0.59375 0.60625] --> (0.5925 +- 0.016)
SVM classification test score: [0.575 0.475 0.45  0.375 0.4  ] --> (0.455 +- 0.0696)



-------Circuit number: 1----L: 1----Dataset: Gamma_noise---------------------
Training time: [10.6467607   9.17921329  8.36385989  9.0180707  10.18696022] seconds --> (9.479 +- 0.8259)
Test time: [5.02063441 4.47808599 4.57654881 5.02620244 4.66547346] seconds --> (4.7534 +- 0.2283)
SVM classification train score: [0.49375 0.51875 0.475   0.50625 0.4875 ] --> (0.4962 +- 0.0151)
SVM classification test score: [0.35  0.5   0.575 0.65  0.625] --> (0.54 +- 0.1079)



-------Circuit number: 2----L: 1----Dataset: Gamma_noise---------------------
Training time: [17.58206487 14.40899467 14.02902079 13.71598959 15.1993525 ] seconds --> (14.9871 +- 1.389)
Test time: [7.53557754 7.31820631 8.86988544 9.20359516 8.51807475] seconds --> (8.2891 +- 0.7398)
SVM classification train score: [0.59375 0.60625 0.5875  0.59375 0.6    ] --> (0.5963 +- 0.0064)
SVM classification test score: [0.6   0.65  0.55  0.55  0.575] --> (0.585 +- 0.0374)



-------Circuit number: 3----L: 1----Dataset: Gamma_noise---------------------
Training time: [17.33229327 17.86130023 21.60521364 18.85041118 14.84832668] seconds --> (18.0995 +- 2.1941)
Test time: [8.97574377 9.0013988  8.82000875 7.92151284 8.91905618] seconds --> (8.7275 +- 0.4078)
SVM classification train score: [0.59375 0.6     0.58125 0.6     0.6125 ] --> (0.5975 +- 0.0102)
SVM classification test score: [0.625 0.625 0.525 0.5   0.575] --> (0.57 +- 0.051)



-------Circuit number: 4----L: 1----Dataset: Gamma_noise---------------------
Training time: [16.47471237 20.38498425 20.57914734 16.01311684 16.56304693] seconds --> (18.003 +- 2.0337)
Test time: [10.09069967  9.23015404  8.16340613  8.80674958  9.97422075] seconds --> (9.253 +- 0.7223)
SVM classification train score: [0.59375 0.60625 0.5875  0.59375 0.6    ] --> (0.5963 +- 0.0064)
SVM classification test score: [0.6   0.65  0.55  0.55  0.575] --> (0.585 +- 0.0374)



-------Circuit number: 5----L: 1----Dataset: Gamma_noise---------------------
Training time: [19.79322314 16.90973544 17.5314126  17.1689446  20.44687605] seconds --> (18.37 +- 1.4572)
Test time: [9.03269482 9.88983941 9.10305095 8.39027739 9.61076522] seconds --> (9.2053 +- 0.5172)
SVM classification train score: [0.59375 0.60625 0.5875  0.59375 0.6    ] --> (0.5963 +- 0.0064)
SVM classification test score: [0.6   0.65  0.55  0.55  0.575] --> (0.585 +- 0.0374)



-------Circuit number: 6----L: 1----Dataset: Gamma_noise---------------------
Training time: [32.47356653 29.82347226 27.81787014 29.91931772 27.71883059] seconds --> (29.5506 +- 1.7385)
Test time: [15.61756897 15.21016884 12.93518472 17.07266164 16.66132593] seconds --> (15.4994 +- 1.449)
SVM classification train score: [0.60625 0.575   0.59375 0.59375 0.61875] --> (0.5975 +- 0.0146)
SVM classification test score: [0.55  0.675 0.575 0.625 0.55 ] --> (0.595 +- 0.0485)



-------Circuit number: 7----L: 1----Dataset: Gamma_noise---------------------
Training time: [25.24360085 27.32297683 21.39220309 22.83401084 24.85771823] seconds --> (24.3301 +- 2.0464)
Test time: [14.14650941 12.29092002 12.96657372 12.53907681 11.28572917] seconds --> (12.6458 +- 0.9319)
SVM classification train score: [0.6125  0.56875 0.6125  0.63125 0.6125 ] --> (0.6075 +- 0.0207)
SVM classification test score: [0.575 0.7   0.525 0.55  0.55 ] --> (0.58 +- 0.062)



-------Circuit number: 8----L: 1----Dataset: Gamma_noise---------------------
Training time: [24.87866211 28.54204893 24.8575139  28.84363818 22.45563674] seconds --> (25.9155 +- 2.4347)
Test time: [13.02452826 11.37010264 13.49589324 14.09985209 13.7641077 ] seconds --> (13.1509 +- 0.9574)
SVM classification train score: [0.63125 0.6125  0.6125  0.61875 0.5875 ] --> (0.6125 +- 0.0143)
SVM classification test score: [0.575 0.525 0.575 0.525 0.575] --> (0.555 +- 0.0245)



-------Circuit number: 9----L: 1----Dataset: Gamma_noise---------------------
Training time: [29.75014281 33.51190209 26.02414107 26.89423108 30.07646537] seconds --> (29.2514 +- 2.6477)
Test time: [15.43072486 14.2145462  12.60675478 15.73903012 16.33600044] seconds --> (14.8654 +- 1.3244)
SVM classification train score: [0.5375  0.575   0.54375 0.575   0.55   ] --> (0.5562 +- 0.0158)
SVM classification test score: [0.525 0.5   0.65  0.525 0.475] --> (0.535 +- 0.0604)



-------Circuit number: 10----L: 1----Dataset: Gamma_noise---------------------
Training time: [33.50803161 33.30409026 34.67779374 36.93764925 33.85205054] seconds --> (34.4559 +- 1.3265)
Test time: [17.20592403 17.17383075 17.90689135 18.63668609 17.15866208] seconds --> (17.6164 +- 0.583)
SVM classification train score: [0.60625 0.5875  0.60625 0.64375 0.625  ] --> (0.6138 +- 0.0191)
SVM classification test score: [0.575 0.575 0.55  0.375 0.475] --> (0.51 +- 0.0768)



-------Circuit number: 11----L: 1----Dataset: Gamma_noise---------------------
Training time: [0.00502253 0.00253701 0.00270915 0.00331354 0.00311732] seconds --> (0.0033 +- 0.0009)
Test time: [0.00276875 0.0010221  0.00089216 0.00096846 0.00094867] seconds --> (0.0013 +- 0.0007)
SVM classification train score: [0.6     0.59375 0.625   0.6     0.60625] --> (0.605 +- 0.0108)
SVM classification test score: [0.625 0.65  0.575 0.55  0.55 ] --> (0.59 +- 0.0406)



-------Circuit number: 12----L: 1----Dataset: Gamma_noise---------------------
Training time: [0.00616336 0.00510073 0.01911569 0.04063821 0.02965474] seconds --> (0.0201 +- 0.0137)
Test time: [0.00081062 0.00077438 0.0012126  0.00061178 0.000772  ] seconds --> (0.0008 +- 0.0002)
SVM classification train score: [0.575   0.59375 0.6375  0.59375 0.575  ] --> (0.595 +- 0.0228)
SVM classification test score: [0.575 0.625 0.475 0.45  0.525] --> (0.53 +- 0.064)



-------Circuit number: 13----L: 1----Dataset: Gamma_noise---------------------
Training time: [0.00821781 0.00889611 0.00721431 0.00175476 0.00709438] seconds --> (0.0066 +- 0.0025)
Test time: [0.00334048 0.00488114 0.00387001 0.00107503 0.00273848] seconds --> (0.0032 +- 0.0013)
SVM classification train score: [0.60625 0.63125 0.6625  0.60625 0.66875] --> (0.635 +- 0.0267)
SVM classification test score: [0.55  0.6   0.575 0.525 0.575] --> (0.565 +- 0.0255)



-------Circuit number: 0----L: 1----Dataset: Aleatory---------------------
Training time: [44.48735285 41.41874599 40.59242535 39.87867069 40.34287429] seconds --> (41.344 +- 1.6493)
Test time: [20.36889482 21.5903399  20.49680996 18.22437072 19.63743591] seconds --> (20.0636 +- 1.1114)
SVM classification train score: [0.68888889 0.63888889 0.66111111 0.72777778 0.65      ] --> (0.6733 +- 0.0319)
SVM classification test score: [0.66666667 0.6        0.55555556 0.55555556 0.75555556] --> (0.6267 +- 0.0762)



-------Circuit number: 1----L: 1----Dataset: Aleatory---------------------
Training time: [12.6090951  11.59213448 12.28371596 13.89344978 12.19353747] seconds --> (12.5144 +- 0.7639)
Test time: [6.16989088 6.78049135 5.30068254 6.18794513 6.69745708] seconds --> (6.2273 +- 0.5274)
SVM classification train score: [0.52777778 0.52777778 0.52777778 0.52777778 0.53333333] --> (0.5289 +- 0.0022)
SVM classification test score: [0.53333333 0.53333333 0.53333333 0.53333333 0.51111111] --> (0.5289 +- 0.0089)



-------Circuit number: 2----L: 1----Dataset: Aleatory---------------------
Training time: [19.51828647 20.2449472  20.12822866 21.25280213 19.29392028] seconds --> (20.0876 +- 0.6838)
Test time: [ 8.99393296 10.58335948 10.71413064  9.56503391  9.87657833] seconds --> (9.9466 +- 0.6407)
SVM classification train score: [0.67222222 0.64444444 0.62777778 0.64444444 0.65555556] --> (0.6489 +- 0.0147)
SVM classification test score: [0.55555556 0.4        0.55555556 0.53333333 0.64444444] --> (0.5378 +- 0.0788)



-------Circuit number: 3----L: 1----Dataset: Aleatory---------------------
Training time: [25.47732401 26.74164629 21.96291876 24.81115198 24.68770909] seconds --> (24.7362 +- 1.5665)
Test time: [10.74709749 10.57607055 12.48433375 10.77101874 10.37013674] seconds --> (10.9897 +- 0.761)
SVM classification train score: [0.63333333 0.66111111 0.60555556 0.62222222 0.65      ] --> (0.6344 +- 0.0197)
SVM classification test score: [0.62222222 0.51111111 0.64444444 0.62222222 0.68888889] --> (0.6178 +- 0.0586)



-------Circuit number: 4----L: 1----Dataset: Aleatory---------------------
Training time: [24.96287179 24.81671047 22.52781224 22.54159927 22.84267211] seconds --> (23.5383 +- 1.1101)
Test time: [11.57213759 13.44478226 10.02825809 10.56935453 10.92978549] seconds --> (11.3089 +- 1.18)
SVM classification train score: [0.67222222 0.64444444 0.62777778 0.64444444 0.65555556] --> (0.6489 +- 0.0147)
SVM classification test score: [0.55555556 0.4        0.55555556 0.53333333 0.64444444] --> (0.5378 +- 0.0788)



-------Circuit number: 5----L: 1----Dataset: Aleatory---------------------
Training time: [21.41989541 24.91214824 26.94280863 25.19658685 27.22152448] seconds --> (25.1386 +- 2.0725)
Test time: [12.5289197  10.29775453 10.62706614 12.71955729 12.55937362] seconds --> (11.7465 +- 1.0556)
SVM classification train score: [0.67222222 0.64444444 0.62777778 0.64444444 0.65555556] --> (0.6489 +- 0.0147)
SVM classification test score: [0.55555556 0.4        0.55555556 0.53333333 0.64444444] --> (0.5378 +- 0.0788)



-------Circuit number: 6----L: 1----Dataset: Aleatory---------------------
Training time: [40.67079163 38.40454769 36.21154165 32.97999215 39.71611571] seconds --> (37.5966 +- 2.7505)
Test time: [17.36593652 17.14367175 16.94113207 17.10919476 19.0083282 ] seconds --> (17.5137 +- 0.7595)
SVM classification train score: [0.62222222 0.67222222 0.62222222 0.57777778 0.51666667] --> (0.6022 +- 0.0522)
SVM classification test score: [0.53333333 0.48888889 0.53333333 0.53333333 0.57777778] --> (0.5333 +- 0.0281)



-------Circuit number: 7----L: 1----Dataset: Aleatory---------------------
Training time: [31.09326673 31.28445721 31.25533724 31.08937597 28.0262723 ] seconds --> (30.5497 +- 1.2643)
Test time: [14.23552036 16.37222338 13.61252475 15.87014532 13.62022853] seconds --> (14.7421 +- 1.1594)
SVM classification train score: [0.53888889 0.57777778 0.51111111 0.55       0.53333333] --> (0.5422 +- 0.0218)
SVM classification test score: [0.51111111 0.31111111 0.51111111 0.44444444 0.51111111] --> (0.4578 +- 0.0777)



-------Circuit number: 8----L: 1----Dataset: Aleatory---------------------
Training time: [34.20769858 32.02855158 30.04862332 31.95186186 31.54507899] seconds --> (31.9564 +- 1.3328)
Test time: [15.03488588 14.67562556 16.49236965 17.99898815 15.73691177] seconds --> (15.9878 +- 1.1826)
SVM classification train score: [0.72777778 0.70555556 0.72777778 0.73888889 0.71111111] --> (0.7222 +- 0.0122)
SVM classification test score: [0.68888889 0.66666667 0.57777778 0.68888889 0.64444444] --> (0.6533 +- 0.0412)



-------Circuit number: 9----L: 1----Dataset: Aleatory---------------------
Training time: [37.59499121 38.27055001 39.50444245 35.54331017 38.70059633] seconds --> (37.9228 +- 1.3414)
Test time: [19.58248758 17.17253017 17.53647923 19.87208772 18.65718365] seconds --> (18.5642 +- 1.0723)
SVM classification train score: [0.55555556 0.6        0.58888889 0.56666667 0.58333333] --> (0.5789 +- 0.0159)
SVM classification test score: [0.55555556 0.42222222 0.57777778 0.51111111 0.51111111] --> (0.5156 +- 0.0533)



-------Circuit number: 10----L: 1----Dataset: Aleatory---------------------
Training time: [40.27998114 41.89324903 48.26346874 49.36908007 50.30593753] seconds --> (46.0223 +- 4.1133)
Test time: [19.17400956 19.34921837 21.53315592 23.66262817 23.341151  ] seconds --> (21.412 +- 1.9008)
SVM classification train score: [0.65555556 0.65555556 0.63888889 0.67222222 0.61666667] --> (0.6478 +- 0.0188)
SVM classification test score: [0.53333333 0.6        0.71111111 0.53333333 0.62222222] --> (0.6 +- 0.0659)



-------Circuit number: 11----L: 1----Dataset: Aleatory---------------------
Training time: [0.00477695 0.00384974 0.00353408 0.00276065 0.00460291] seconds --> (0.0039 +- 0.0007)
Test time: [0.00180578 0.00146151 0.00111771 0.00106955 0.00181508] seconds --> (0.0015 +- 0.0003)
SVM classification train score: [0.52777778 0.52777778 0.52777778 0.52777778 0.53333333] --> (0.5289 +- 0.0022)
SVM classification test score: [0.53333333 0.53333333 0.53333333 0.53333333 0.51111111] --> (0.5289 +- 0.0089)



-------Circuit number: 12----L: 1----Dataset: Aleatory---------------------
Training time: [0.01238656 0.03617167 0.01140976 0.02145743 0.00824714] seconds --> (0.0179 +- 0.0101)
Test time: [0.00173569 0.00066304 0.00136399 0.00130296 0.00098038] seconds --> (0.0012 +- 0.0004)
SVM classification train score: [0.6        0.56111111 0.55       0.60555556 0.58333333] --> (0.58 +- 0.0215)
SVM classification test score: [0.48888889 0.48888889 0.6        0.53333333 0.64444444] --> (0.5511 +- 0.0619)



-------Circuit number: 13----L: 1----Dataset: Aleatory---------------------
Training time: [0.00521684 0.00664663 0.00570011 0.00823736 0.00838208] seconds --> (0.0068 +- 0.0013)
Test time: [0.00226188 0.00209236 0.00207853 0.00335884 0.00347066] seconds --> (0.0027 +- 0.0006)
SVM classification train score: [0.7        0.68333333 0.72777778 0.72222222 0.7       ] --> (0.7067 +- 0.0163)
SVM classification test score: [0.66666667 0.55555556 0.64444444 0.62222222 0.71111111] --> (0.64 +- 0.0514)



